<?xml version="1.0" encoding="UTF-8"?>
<testsuite name="MockTest" tests="4371" skipped="0" failures="0" errors="0" timestamp="2025-04-17T17:00:22" hostname="DANIELBABENKO" time="14.343">
  <properties/>
  <testcase name="[1] 0.0" classname="MockTest" time="0.085"/>
  <testcase name="[2] 0.5235987755982988" classname="MockTest" time="0.009"/>
  <testcase name="[3] 0.7853981633974483" classname="MockTest" time="0.002"/>
  <testcase name="[4] 1.0471975511965976" classname="MockTest" time="0.002"/>
  <testcase name="[5] 1.5707963267948966" classname="MockTest" time="0.002"/>
  <testcase name="[6] 2.0943951023931953" classname="MockTest" time="0.001"/>
  <testcase name="[7] 2.356194490192345" classname="MockTest" time="0.001"/>
  <testcase name="[8] 2.6179938779914944" classname="MockTest" time="0.002"/>
  <testcase name="[9] 3.141592653589793" classname="MockTest" time="0.002"/>
  <testcase name="[10] 3.665191429188092" classname="MockTest" time="0.002"/>
  <testcase name="[11] 3.9269908169872414" classname="MockTest" time="0.002"/>
  <testcase name="[12] 4.1887902047863905" classname="MockTest" time="0.002"/>
  <testcase name="[13] 4.71238898038469" classname="MockTest" time="0.002"/>
  <testcase name="[14] 5.235987755982989" classname="MockTest" time="0.002"/>
  <testcase name="[15] 5.497787143782138" classname="MockTest" time="0.002"/>
  <testcase name="[16] 5.759586531581287" classname="MockTest" time="0.002"/>
  <testcase name="[17] 6.283185307179586" classname="MockTest" time="0.001"/>
  <testcase name="[18] -6.283185307179586" classname="MockTest" time="0.001"/>
  <testcase name="[19] -6.183185307179587" classname="MockTest" time="0.001"/>
  <testcase name="[20] -6.083185307179587" classname="MockTest" time="0.002"/>
  <testcase name="[21] -5.983185307179587" classname="MockTest" time="0.001"/>
  <testcase name="[22] -5.883185307179588" classname="MockTest" time="0.001"/>
  <testcase name="[23] -5.783185307179588" classname="MockTest" time="0.001"/>
  <testcase name="[24] -5.683185307179588" classname="MockTest" time="0.001"/>
  <testcase name="[25] -5.583185307179589" classname="MockTest" time="0.001"/>
  <testcase name="[26] -5.483185307179589" classname="MockTest" time="0.002"/>
  <testcase name="[27] -5.383185307179589" classname="MockTest" time="0.001"/>
  <testcase name="[28] -5.28318530717959" classname="MockTest" time="0.001"/>
  <testcase name="[29] -5.18318530717959" classname="MockTest" time="0.002"/>
  <testcase name="[30] -5.0831853071795905" classname="MockTest" time="0.002"/>
  <testcase name="[31] -4.983185307179591" classname="MockTest" time="0.001"/>
  <testcase name="[32] -4.883185307179591" classname="MockTest" time="0.001"/>
  <testcase name="[33] -4.783185307179592" classname="MockTest" time="0.001"/>
  <testcase name="[34] -4.683185307179592" classname="MockTest" time="0.001"/>
  <testcase name="[35] -4.583185307179592" classname="MockTest" time="0.002"/>
  <testcase name="[36] -4.483185307179593" classname="MockTest" time="0.001"/>
  <testcase name="[37] -4.383185307179593" classname="MockTest" time="0.001"/>
  <testcase name="[38] -4.283185307179593" classname="MockTest" time="0.002"/>
  <testcase name="[39] -4.183185307179594" classname="MockTest" time="0.002"/>
  <testcase name="[40] -4.083185307179594" classname="MockTest" time="0.001"/>
  <testcase name="[41] -3.983185307179594" classname="MockTest" time="0.001"/>
  <testcase name="[42] -3.883185307179594" classname="MockTest" time="0.001"/>
  <testcase name="[43] -3.783185307179594" classname="MockTest" time="0.002"/>
  <testcase name="[44] -3.6831853071795937" classname="MockTest" time="0.002"/>
  <testcase name="[45] -3.5831853071795936" classname="MockTest" time="0.001"/>
  <testcase name="[46] -3.4831853071795935" classname="MockTest" time="0.001"/>
  <testcase name="[47] -3.3831853071795934" classname="MockTest" time="0.001"/>
  <testcase name="[48] -3.2831853071795933" classname="MockTest" time="0.002"/>
  <testcase name="[49] -3.1831853071795932" classname="MockTest" time="0.001"/>
  <testcase name="[50] -3.083185307179593" classname="MockTest" time="0.001"/>
  <testcase name="[51] -2.983185307179593" classname="MockTest" time="0.001"/>
  <testcase name="[52] -2.883185307179593" classname="MockTest" time="0.001"/>
  <testcase name="[53] -2.783185307179593" classname="MockTest" time="0.001"/>
  <testcase name="[54] -2.683185307179593" classname="MockTest" time="0.001"/>
  <testcase name="[55] -2.5831853071795927" classname="MockTest" time="0.001"/>
  <testcase name="[56] -2.4831853071795926" classname="MockTest" time="0.001"/>
  <testcase name="[57] -2.3831853071795925" classname="MockTest" time="0.001"/>
  <testcase name="[58] -2.2831853071795924" classname="MockTest" time="0.001"/>
  <testcase name="[59] -2.1831853071795924" classname="MockTest" time="0.002"/>
  <testcase name="[60] -2.0831853071795923" classname="MockTest" time="0.001"/>
  <testcase name="[61] -1.9831853071795922" classname="MockTest" time="0.001"/>
  <testcase name="[62] -1.883185307179592" classname="MockTest" time="0.001"/>
  <testcase name="[63] -1.783185307179592" classname="MockTest" time="0.001"/>
  <testcase name="[64] -1.683185307179592" classname="MockTest" time="0.002"/>
  <testcase name="[65] -1.5831853071795918" classname="MockTest" time="0.001"/>
  <testcase name="[66] -1.4831853071795917" classname="MockTest" time="0.002"/>
  <testcase name="[67] -1.3831853071795916" classname="MockTest" time="0.001"/>
  <testcase name="[68] -1.2831853071795916" classname="MockTest" time="0.001"/>
  <testcase name="[69] -1.1831853071795915" classname="MockTest" time="0.001"/>
  <testcase name="[70] -1.0831853071795914" classname="MockTest" time="0.002"/>
  <testcase name="[71] -0.9831853071795914" classname="MockTest" time="0.001"/>
  <testcase name="[72] -0.8831853071795914" classname="MockTest" time="0.001"/>
  <testcase name="[73] -0.7831853071795915" classname="MockTest" time="0.001"/>
  <testcase name="[74] -0.6831853071795915" classname="MockTest" time="0.002"/>
  <testcase name="[75] -0.5831853071795915" classname="MockTest" time="0.002"/>
  <testcase name="[76] -0.4831853071795915" classname="MockTest" time="0.001"/>
  <testcase name="[77] -0.38318530717959154" classname="MockTest" time="0.001"/>
  <testcase name="[78] -0.28318530717959156" classname="MockTest" time="0.001"/>
  <testcase name="[79] -0.18318530717959156" classname="MockTest" time="0.001"/>
  <testcase name="[80] -0.08318530717959155" classname="MockTest" time="0.001"/>
  <testcase name="[81] 0.016814692820408456" classname="MockTest" time="0.001"/>
  <testcase name="[82] 0.11681469282040846" classname="MockTest" time="0.001"/>
  <testcase name="[83] 0.21681469282040847" classname="MockTest" time="0.0"/>
  <testcase name="[84] 0.31681469282040847" classname="MockTest" time="0.001"/>
  <testcase name="[85] 0.4168146928204085" classname="MockTest" time="0.001"/>
  <testcase name="[86] 0.5168146928204085" classname="MockTest" time="0.001"/>
  <testcase name="[87] 0.6168146928204085" classname="MockTest" time="0.001"/>
  <testcase name="[88] 0.7168146928204084" classname="MockTest" time="0.001"/>
  <testcase name="[89] 0.8168146928204084" classname="MockTest" time="0.001"/>
  <testcase name="[90] 0.9168146928204084" classname="MockTest" time="0.001"/>
  <testcase name="[91] 1.0168146928204085" classname="MockTest" time="0.001"/>
  <testcase name="[92] 1.1168146928204086" classname="MockTest" time="0.001"/>
  <testcase name="[93] 1.2168146928204087" classname="MockTest" time="0.002"/>
  <testcase name="[94] 1.3168146928204087" classname="MockTest" time="0.001"/>
  <testcase name="[95] 1.4168146928204088" classname="MockTest" time="0.001"/>
  <testcase name="[96] 1.516814692820409" classname="MockTest" time="0.001"/>
  <testcase name="[97] 1.616814692820409" classname="MockTest" time="0.001"/>
  <testcase name="[98] 1.716814692820409" classname="MockTest" time="0.001"/>
  <testcase name="[99] 1.8168146928204092" classname="MockTest" time="0.001"/>
  <testcase name="[100] 1.9168146928204093" classname="MockTest" time="0.001"/>
  <testcase name="[101] 2.016814692820409" classname="MockTest" time="0.001"/>
  <testcase name="[102] 2.1168146928204092" classname="MockTest" time="0.001"/>
  <testcase name="[103] 2.2168146928204093" classname="MockTest" time="0.001"/>
  <testcase name="[104] 2.3168146928204094" classname="MockTest" time="0.001"/>
  <testcase name="[105] 2.4168146928204095" classname="MockTest" time="0.0"/>
  <testcase name="[106] 2.5168146928204096" classname="MockTest" time="0.0"/>
  <testcase name="[107] 2.6168146928204097" classname="MockTest" time="0.001"/>
  <testcase name="[108] 2.7168146928204098" classname="MockTest" time="0.001"/>
  <testcase name="[109] 2.81681469282041" classname="MockTest" time="0.001"/>
  <testcase name="[110] 2.91681469282041" classname="MockTest" time="0.001"/>
  <testcase name="[111] 3.01681469282041" classname="MockTest" time="0.001"/>
  <testcase name="[112] 3.11681469282041" classname="MockTest" time="0.001"/>
  <testcase name="[113] 3.21681469282041" classname="MockTest" time="0.0"/>
  <testcase name="[114] 3.3168146928204103" classname="MockTest" time="0.001"/>
  <testcase name="[115] 3.4168146928204104" classname="MockTest" time="0.001"/>
  <testcase name="[116] 3.5168146928204105" classname="MockTest" time="0.0"/>
  <testcase name="[117] 3.6168146928204106" classname="MockTest" time="0.001"/>
  <testcase name="[118] 3.7168146928204107" classname="MockTest" time="0.0"/>
  <testcase name="[119] 3.8168146928204107" classname="MockTest" time="0.001"/>
  <testcase name="[120] 3.916814692820411" classname="MockTest" time="0.0"/>
  <testcase name="[121] 4.016814692820411" classname="MockTest" time="0.0"/>
  <testcase name="[122] 4.116814692820411" classname="MockTest" time="0.001"/>
  <testcase name="[123] 4.21681469282041" classname="MockTest" time="0.001"/>
  <testcase name="[124] 4.31681469282041" classname="MockTest" time="0.001"/>
  <testcase name="[125] 4.4168146928204095" classname="MockTest" time="0.001"/>
  <testcase name="[126] 4.516814692820409" classname="MockTest" time="0.001"/>
  <testcase name="[127] 4.616814692820409" classname="MockTest" time="0.001"/>
  <testcase name="[128] 4.716814692820408" classname="MockTest" time="0.001"/>
  <testcase name="[129] 4.816814692820408" classname="MockTest" time="0.001"/>
  <testcase name="[130] 4.916814692820408" classname="MockTest" time="0.001"/>
  <testcase name="[131] 5.016814692820407" classname="MockTest" time="0.001"/>
  <testcase name="[132] 5.116814692820407" classname="MockTest" time="0.001"/>
  <testcase name="[133] 5.216814692820407" classname="MockTest" time="0.0"/>
  <testcase name="[134] 5.316814692820406" classname="MockTest" time="0.001"/>
  <testcase name="[135] 5.416814692820406" classname="MockTest" time="0.0"/>
  <testcase name="[136] 5.516814692820406" classname="MockTest" time="0.001"/>
  <testcase name="[137] 5.616814692820405" classname="MockTest" time="0.001"/>
  <testcase name="[138] 5.716814692820405" classname="MockTest" time="0.001"/>
  <testcase name="[139] 5.8168146928204045" classname="MockTest" time="0.001"/>
  <testcase name="[140] 5.916814692820404" classname="MockTest" time="0.001"/>
  <testcase name="[141] 6.016814692820404" classname="MockTest" time="0.001"/>
  <testcase name="[142] 6.1168146928204035" classname="MockTest" time="0.001"/>
  <testcase name="[143] 6.216814692820403" classname="MockTest" time="0.001"/>
  <testcase name="[1] 0.1" classname="MockTest" time="0.007"/>
  <testcase name="[2] 0.2" classname="MockTest" time="0.004"/>
  <testcase name="[3] 0.5" classname="MockTest" time="0.003"/>
  <testcase name="[4] 1.0" classname="MockTest" time="0.003"/>
  <testcase name="[5] 1.6909125123605662" classname="MockTest" time="0.004"/>
  <testcase name="[6] 2.718281828459045" classname="MockTest" time="0.004"/>
  <testcase name="[7] 10.0" classname="MockTest" time="0.007"/>
  <testcase name="[8] 2.0" classname="MockTest" time="0.003"/>
  <testcase name="[9] 4.0" classname="MockTest" time="0.005"/>
  <testcase name="[10] 8.0" classname="MockTest" time="0.006"/>
  <testcase name="[11] 16.0" classname="MockTest" time="0.006"/>
  <testcase name="[12] 32.0" classname="MockTest" time="0.006"/>
  <testcase name="[13] 64.0" classname="MockTest" time="0.007"/>
  <testcase name="[14] 128.0" classname="MockTest" time="0.01"/>
  <testcase name="[15] 256.0" classname="MockTest" time="0.012"/>
  <testcase name="[16] 512.0" classname="MockTest" time="0.011"/>
  <testcase name="[17] 1024.0" classname="MockTest" time="0.013"/>
  <testcase name="[18] 3.0" classname="MockTest" time="0.004"/>
  <testcase name="[19] 9.0" classname="MockTest" time="0.006"/>
  <testcase name="[20] 27.0" classname="MockTest" time="0.007"/>
  <testcase name="[21] 81.0" classname="MockTest" time="0.008"/>
  <testcase name="[22] 243.0" classname="MockTest" time="0.009"/>
  <testcase name="[23] 729.0" classname="MockTest" time="0.011"/>
  <testcase name="[24] 2187.0" classname="MockTest" time="0.011"/>
  <testcase name="[25] 6561.0" classname="MockTest" time="0.017"/>
  <testcase name="[26] 19683.0" classname="MockTest" time="0.014"/>
  <testcase name="[27] 59049.0" classname="MockTest" time="0.018"/>
  <testcase name="[28] 5.0" classname="MockTest" time="0.005"/>
  <testcase name="[29] 25.0" classname="MockTest" time="0.008"/>
  <testcase name="[30] 125.0" classname="MockTest" time="0.009"/>
  <testcase name="[31] 625.0" classname="MockTest" time="0.01"/>
  <testcase name="[32] 3125.0" classname="MockTest" time="0.013"/>
  <testcase name="[33] 15625.0" classname="MockTest" time="0.015"/>
  <testcase name="[34] 78125.0" classname="MockTest" time="0.016"/>
  <testcase name="[35] 390625.0" classname="MockTest" time="0.017"/>
  <testcase name="[36] 1953125.0" classname="MockTest" time="0.019"/>
  <testcase name="[37] 9765625.0" classname="MockTest" time="0.021"/>
  <testcase name="[38] 4.0" classname="MockTest" time="0.004"/>
  <testcase name="[39] 5.0" classname="MockTest" time="0.004"/>
  <testcase name="[40] 6.0" classname="MockTest" time="0.005"/>
  <testcase name="[41] 7.0" classname="MockTest" time="0.004"/>
  <testcase name="[42] 8.0" classname="MockTest" time="0.005"/>
  <testcase name="[43] 9.0" classname="MockTest" time="0.005"/>
  <testcase name="[44] 10.0" classname="MockTest" time="0.005"/>
  <testcase name="[45] 11.0" classname="MockTest" time="0.006"/>
  <testcase name="[46] 12.0" classname="MockTest" time="0.007"/>
  <testcase name="[47] 13.0" classname="MockTest" time="0.005"/>
  <testcase name="[48] 14.0" classname="MockTest" time="0.008"/>
  <testcase name="[49] 15.0" classname="MockTest" time="0.006"/>
  <testcase name="[50] 16.0" classname="MockTest" time="0.007"/>
  <testcase name="[51] 17.0" classname="MockTest" time="0.006"/>
  <testcase name="[52] 18.0" classname="MockTest" time="0.006"/>
  <testcase name="[53] 19.0" classname="MockTest" time="0.006"/>
  <testcase name="[54] 20.0" classname="MockTest" time="0.005"/>
  <testcase name="[55] 21.0" classname="MockTest" time="0.005"/>
  <testcase name="[56] 22.0" classname="MockTest" time="0.008"/>
  <testcase name="[57] 23.0" classname="MockTest" time="0.007"/>
  <testcase name="[58] 24.0" classname="MockTest" time="0.006"/>
  <testcase name="[59] 25.0" classname="MockTest" time="0.005"/>
  <testcase name="[60] 26.0" classname="MockTest" time="0.005"/>
  <testcase name="[61] 27.0" classname="MockTest" time="0.006"/>
  <testcase name="[62] 28.0" classname="MockTest" time="0.006"/>
  <testcase name="[63] 29.0" classname="MockTest" time="0.006"/>
  <testcase name="[64] 30.0" classname="MockTest" time="0.005"/>
  <testcase name="[65] 31.0" classname="MockTest" time="0.005"/>
  <testcase name="[66] 32.0" classname="MockTest" time="0.006"/>
  <testcase name="[67] 33.0" classname="MockTest" time="0.005"/>
  <testcase name="[68] 34.0" classname="MockTest" time="0.006"/>
  <testcase name="[69] 35.0" classname="MockTest" time="0.006"/>
  <testcase name="[70] 36.0" classname="MockTest" time="0.007"/>
  <testcase name="[71] 37.0" classname="MockTest" time="0.007"/>
  <testcase name="[72] 38.0" classname="MockTest" time="0.006"/>
  <testcase name="[73] 39.0" classname="MockTest" time="0.011"/>
  <testcase name="[74] 40.0" classname="MockTest" time="0.006"/>
  <testcase name="[75] 41.0" classname="MockTest" time="0.007"/>
  <testcase name="[76] 42.0" classname="MockTest" time="0.006"/>
  <testcase name="[77] 43.0" classname="MockTest" time="0.006"/>
  <testcase name="[78] 44.0" classname="MockTest" time="0.005"/>
  <testcase name="[79] 45.0" classname="MockTest" time="0.005"/>
  <testcase name="[80] 46.0" classname="MockTest" time="0.005"/>
  <testcase name="[81] 47.0" classname="MockTest" time="0.006"/>
  <testcase name="[82] 48.0" classname="MockTest" time="0.006"/>
  <testcase name="[83] 49.0" classname="MockTest" time="0.006"/>
  <testcase name="[84] 50.0" classname="MockTest" time="0.006"/>
  <testcase name="[85] 51.0" classname="MockTest" time="0.006"/>
  <testcase name="[86] 52.0" classname="MockTest" time="0.006"/>
  <testcase name="[87] 53.0" classname="MockTest" time="0.006"/>
  <testcase name="[88] 54.0" classname="MockTest" time="0.009"/>
  <testcase name="[89] 55.0" classname="MockTest" time="0.007"/>
  <testcase name="[90] 56.0" classname="MockTest" time="0.007"/>
  <testcase name="[91] 57.0" classname="MockTest" time="0.006"/>
  <testcase name="[92] 58.0" classname="MockTest" time="0.006"/>
  <testcase name="[93] 59.0" classname="MockTest" time="0.006"/>
  <testcase name="[94] 60.0" classname="MockTest" time="0.006"/>
  <testcase name="[95] 61.0" classname="MockTest" time="0.006"/>
  <testcase name="[96] 62.0" classname="MockTest" time="0.006"/>
  <testcase name="[97] 63.0" classname="MockTest" time="0.007"/>
  <testcase name="[98] 64.0" classname="MockTest" time="0.006"/>
  <testcase name="[99] 65.0" classname="MockTest" time="0.007"/>
  <testcase name="[100] 66.0" classname="MockTest" time="0.006"/>
  <testcase name="[101] 67.0" classname="MockTest" time="0.006"/>
  <testcase name="[102] 68.0" classname="MockTest" time="0.006"/>
  <testcase name="[103] 69.0" classname="MockTest" time="0.007"/>
  <testcase name="[104] 70.0" classname="MockTest" time="0.006"/>
  <testcase name="[105] 71.0" classname="MockTest" time="0.006"/>
  <testcase name="[106] 72.0" classname="MockTest" time="0.006"/>
  <testcase name="[107] 73.0" classname="MockTest" time="0.006"/>
  <testcase name="[108] 74.0" classname="MockTest" time="0.006"/>
  <testcase name="[109] 75.0" classname="MockTest" time="0.007"/>
  <testcase name="[110] 76.0" classname="MockTest" time="0.006"/>
  <testcase name="[111] 77.0" classname="MockTest" time="0.006"/>
  <testcase name="[112] 78.0" classname="MockTest" time="0.007"/>
  <testcase name="[113] 79.0" classname="MockTest" time="0.008"/>
  <testcase name="[114] 80.0" classname="MockTest" time="0.006"/>
  <testcase name="[115] 81.0" classname="MockTest" time="0.008"/>
  <testcase name="[116] 82.0" classname="MockTest" time="0.008"/>
  <testcase name="[117] 83.0" classname="MockTest" time="0.007"/>
  <testcase name="[118] 84.0" classname="MockTest" time="0.008"/>
  <testcase name="[119] 85.0" classname="MockTest" time="0.008"/>
  <testcase name="[120] 86.0" classname="MockTest" time="0.007"/>
  <testcase name="[121] 87.0" classname="MockTest" time="0.009"/>
  <testcase name="[122] 88.0" classname="MockTest" time="0.007"/>
  <testcase name="[123] 89.0" classname="MockTest" time="0.007"/>
  <testcase name="[124] 90.0" classname="MockTest" time="0.007"/>
  <testcase name="[125] 91.0" classname="MockTest" time="0.007"/>
  <testcase name="[126] 92.0" classname="MockTest" time="0.006"/>
  <testcase name="[127] 93.0" classname="MockTest" time="0.006"/>
  <testcase name="[128] 94.0" classname="MockTest" time="0.007"/>
  <testcase name="[129] 95.0" classname="MockTest" time="0.007"/>
  <testcase name="[130] 96.0" classname="MockTest" time="0.007"/>
  <testcase name="[131] 97.0" classname="MockTest" time="0.007"/>
  <testcase name="[132] 98.0" classname="MockTest" time="0.007"/>
  <testcase name="[133] 99.0" classname="MockTest" time="0.007"/>
  <testcase name="[1] 0.0" classname="MockTest" time="0.008"/>
  <testcase name="[2] 0.5235987755982988" classname="MockTest" time="0.001"/>
  <testcase name="[3] 0.7853981633974483" classname="MockTest" time="0.001"/>
  <testcase name="[4] 1.0471975511965976" classname="MockTest" time="0.0"/>
  <testcase name="[5] 1.5707963267948966" classname="MockTest" time="0.001"/>
  <testcase name="[6] 2.0943951023931953" classname="MockTest" time="0.001"/>
  <testcase name="[7] 2.356194490192345" classname="MockTest" time="0.002"/>
  <testcase name="[8] 2.6179938779914944" classname="MockTest" time="0.002"/>
  <testcase name="[9] 3.141592653589793" classname="MockTest" time="0.001"/>
  <testcase name="[10] 3.665191429188092" classname="MockTest" time="0.001"/>
  <testcase name="[11] 3.9269908169872414" classname="MockTest" time="0.002"/>
  <testcase name="[12] 4.1887902047863905" classname="MockTest" time="0.002"/>
  <testcase name="[13] 4.71238898038469" classname="MockTest" time="0.002"/>
  <testcase name="[14] 5.235987755982989" classname="MockTest" time="0.002"/>
  <testcase name="[15] 5.497787143782138" classname="MockTest" time="0.001"/>
  <testcase name="[16] 5.759586531581287" classname="MockTest" time="0.002"/>
  <testcase name="[17] 6.283185307179586" classname="MockTest" time="0.001"/>
  <testcase name="[18] -6.283185307179586" classname="MockTest" time="0.001"/>
  <testcase name="[19] -6.183185307179587" classname="MockTest" time="0.0"/>
  <testcase name="[20] -6.083185307179587" classname="MockTest" time="0.0"/>
  <testcase name="[21] -5.983185307179587" classname="MockTest" time="0.001"/>
  <testcase name="[22] -5.883185307179588" classname="MockTest" time="0.001"/>
  <testcase name="[23] -5.783185307179588" classname="MockTest" time="0.001"/>
  <testcase name="[24] -5.683185307179588" classname="MockTest" time="0.001"/>
  <testcase name="[25] -5.583185307179589" classname="MockTest" time="0.001"/>
  <testcase name="[26] -5.483185307179589" classname="MockTest" time="0.0"/>
  <testcase name="[27] -5.383185307179589" classname="MockTest" time="0.0"/>
  <testcase name="[28] -5.28318530717959" classname="MockTest" time="0.0"/>
  <testcase name="[29] -5.18318530717959" classname="MockTest" time="0.001"/>
  <testcase name="[30] -5.0831853071795905" classname="MockTest" time="0.001"/>
  <testcase name="[31] -4.983185307179591" classname="MockTest" time="0.001"/>
  <testcase name="[32] -4.883185307179591" classname="MockTest" time="0.001"/>
  <testcase name="[33] -4.783185307179592" classname="MockTest" time="0.001"/>
  <testcase name="[34] -4.683185307179592" classname="MockTest" time="0.001"/>
  <testcase name="[35] -4.583185307179592" classname="MockTest" time="0.001"/>
  <testcase name="[36] -4.483185307179593" classname="MockTest" time="0.001"/>
  <testcase name="[37] -4.383185307179593" classname="MockTest" time="0.001"/>
  <testcase name="[38] -4.283185307179593" classname="MockTest" time="0.001"/>
  <testcase name="[39] -4.183185307179594" classname="MockTest" time="0.001"/>
  <testcase name="[40] -4.083185307179594" classname="MockTest" time="0.001"/>
  <testcase name="[41] -3.983185307179594" classname="MockTest" time="0.001"/>
  <testcase name="[42] -3.883185307179594" classname="MockTest" time="0.001"/>
  <testcase name="[43] -3.783185307179594" classname="MockTest" time="0.001"/>
  <testcase name="[44] -3.6831853071795937" classname="MockTest" time="0.001"/>
  <testcase name="[45] -3.5831853071795936" classname="MockTest" time="0.001"/>
  <testcase name="[46] -3.4831853071795935" classname="MockTest" time="0.001"/>
  <testcase name="[47] -3.3831853071795934" classname="MockTest" time="0.0"/>
  <testcase name="[48] -3.2831853071795933" classname="MockTest" time="0.001"/>
  <testcase name="[49] -3.1831853071795932" classname="MockTest" time="0.001"/>
  <testcase name="[50] -3.083185307179593" classname="MockTest" time="0.0"/>
  <testcase name="[51] -2.983185307179593" classname="MockTest" time="0.001"/>
  <testcase name="[52] -2.883185307179593" classname="MockTest" time="0.001"/>
  <testcase name="[53] -2.783185307179593" classname="MockTest" time="0.001"/>
  <testcase name="[54] -2.683185307179593" classname="MockTest" time="0.001"/>
  <testcase name="[55] -2.5831853071795927" classname="MockTest" time="0.001"/>
  <testcase name="[56] -2.4831853071795926" classname="MockTest" time="0.001"/>
  <testcase name="[57] -2.3831853071795925" classname="MockTest" time="0.001"/>
  <testcase name="[58] -2.2831853071795924" classname="MockTest" time="0.001"/>
  <testcase name="[59] -2.1831853071795924" classname="MockTest" time="0.001"/>
  <testcase name="[60] -2.0831853071795923" classname="MockTest" time="0.001"/>
  <testcase name="[61] -1.9831853071795922" classname="MockTest" time="0.0"/>
  <testcase name="[62] -1.883185307179592" classname="MockTest" time="0.001"/>
  <testcase name="[63] -1.783185307179592" classname="MockTest" time="0.001"/>
  <testcase name="[64] -1.683185307179592" classname="MockTest" time="0.0"/>
  <testcase name="[65] -1.5831853071795918" classname="MockTest" time="0.001"/>
  <testcase name="[66] -1.4831853071795917" classname="MockTest" time="0.001"/>
  <testcase name="[67] -1.3831853071795916" classname="MockTest" time="0.001"/>
  <testcase name="[68] -1.2831853071795916" classname="MockTest" time="0.0"/>
  <testcase name="[69] -1.1831853071795915" classname="MockTest" time="0.0"/>
  <testcase name="[70] -1.0831853071795914" classname="MockTest" time="0.001"/>
  <testcase name="[71] -0.9831853071795914" classname="MockTest" time="0.001"/>
  <testcase name="[72] -0.8831853071795914" classname="MockTest" time="0.001"/>
  <testcase name="[73] -0.7831853071795915" classname="MockTest" time="0.001"/>
  <testcase name="[74] -0.6831853071795915" classname="MockTest" time="0.001"/>
  <testcase name="[75] -0.5831853071795915" classname="MockTest" time="0.0"/>
  <testcase name="[76] -0.4831853071795915" classname="MockTest" time="0.001"/>
  <testcase name="[77] -0.38318530717959154" classname="MockTest" time="0.001"/>
  <testcase name="[78] -0.28318530717959156" classname="MockTest" time="0.0"/>
  <testcase name="[79] -0.18318530717959156" classname="MockTest" time="0.001"/>
  <testcase name="[80] -0.08318530717959155" classname="MockTest" time="0.001"/>
  <testcase name="[81] 0.016814692820408456" classname="MockTest" time="0.002"/>
  <testcase name="[82] 0.11681469282040846" classname="MockTest" time="0.001"/>
  <testcase name="[83] 0.21681469282040847" classname="MockTest" time="0.001"/>
  <testcase name="[84] 0.31681469282040847" classname="MockTest" time="0.001"/>
  <testcase name="[85] 0.4168146928204085" classname="MockTest" time="0.001"/>
  <testcase name="[86] 0.5168146928204085" classname="MockTest" time="0.001"/>
  <testcase name="[87] 0.6168146928204085" classname="MockTest" time="0.001"/>
  <testcase name="[88] 0.7168146928204084" classname="MockTest" time="0.001"/>
  <testcase name="[89] 0.8168146928204084" classname="MockTest" time="0.001"/>
  <testcase name="[90] 0.9168146928204084" classname="MockTest" time="0.001"/>
  <testcase name="[91] 1.0168146928204085" classname="MockTest" time="0.001"/>
  <testcase name="[92] 1.1168146928204086" classname="MockTest" time="0.0"/>
  <testcase name="[93] 1.2168146928204087" classname="MockTest" time="0.0"/>
  <testcase name="[94] 1.3168146928204087" classname="MockTest" time="0.001"/>
  <testcase name="[95] 1.4168146928204088" classname="MockTest" time="0.0"/>
  <testcase name="[96] 1.516814692820409" classname="MockTest" time="0.0"/>
  <testcase name="[97] 1.616814692820409" classname="MockTest" time="0.001"/>
  <testcase name="[98] 1.716814692820409" classname="MockTest" time="0.001"/>
  <testcase name="[99] 1.8168146928204092" classname="MockTest" time="0.001"/>
  <testcase name="[100] 1.9168146928204093" classname="MockTest" time="0.0"/>
  <testcase name="[101] 2.016814692820409" classname="MockTest" time="0.0"/>
  <testcase name="[102] 2.1168146928204092" classname="MockTest" time="0.001"/>
  <testcase name="[103] 2.2168146928204093" classname="MockTest" time="0.001"/>
  <testcase name="[104] 2.3168146928204094" classname="MockTest" time="0.0"/>
  <testcase name="[105] 2.4168146928204095" classname="MockTest" time="0.001"/>
  <testcase name="[106] 2.5168146928204096" classname="MockTest" time="0.001"/>
  <testcase name="[107] 2.6168146928204097" classname="MockTest" time="0.001"/>
  <testcase name="[108] 2.7168146928204098" classname="MockTest" time="0.001"/>
  <testcase name="[109] 2.81681469282041" classname="MockTest" time="0.001"/>
  <testcase name="[110] 2.91681469282041" classname="MockTest" time="0.001"/>
  <testcase name="[111] 3.01681469282041" classname="MockTest" time="0.0"/>
  <testcase name="[112] 3.11681469282041" classname="MockTest" time="0.001"/>
  <testcase name="[113] 3.21681469282041" classname="MockTest" time="0.0"/>
  <testcase name="[114] 3.3168146928204103" classname="MockTest" time="0.001"/>
  <testcase name="[115] 3.4168146928204104" classname="MockTest" time="0.001"/>
  <testcase name="[116] 3.5168146928204105" classname="MockTest" time="0.001"/>
  <testcase name="[117] 3.6168146928204106" classname="MockTest" time="0.001"/>
  <testcase name="[118] 3.7168146928204107" classname="MockTest" time="0.001"/>
  <testcase name="[119] 3.8168146928204107" classname="MockTest" time="0.001"/>
  <testcase name="[120] 3.916814692820411" classname="MockTest" time="0.001"/>
  <testcase name="[121] 4.016814692820411" classname="MockTest" time="0.0"/>
  <testcase name="[122] 4.116814692820411" classname="MockTest" time="0.001"/>
  <testcase name="[123] 4.21681469282041" classname="MockTest" time="0.0"/>
  <testcase name="[124] 4.31681469282041" classname="MockTest" time="0.0"/>
  <testcase name="[125] 4.4168146928204095" classname="MockTest" time="0.0"/>
  <testcase name="[126] 4.516814692820409" classname="MockTest" time="0.001"/>
  <testcase name="[127] 4.616814692820409" classname="MockTest" time="0.001"/>
  <testcase name="[128] 4.716814692820408" classname="MockTest" time="0.001"/>
  <testcase name="[129] 4.816814692820408" classname="MockTest" time="0.001"/>
  <testcase name="[130] 4.916814692820408" classname="MockTest" time="0.001"/>
  <testcase name="[131] 5.016814692820407" classname="MockTest" time="0.001"/>
  <testcase name="[132] 5.116814692820407" classname="MockTest" time="0.001"/>
  <testcase name="[133] 5.216814692820407" classname="MockTest" time="0.001"/>
  <testcase name="[134] 5.316814692820406" classname="MockTest" time="0.001"/>
  <testcase name="[135] 5.416814692820406" classname="MockTest" time="0.001"/>
  <testcase name="[136] 5.516814692820406" classname="MockTest" time="0.001"/>
  <testcase name="[137] 5.616814692820405" classname="MockTest" time="0.002"/>
  <testcase name="[138] 5.716814692820405" classname="MockTest" time="0.001"/>
  <testcase name="[139] 5.8168146928204045" classname="MockTest" time="0.001"/>
  <testcase name="[140] 5.916814692820404" classname="MockTest" time="0.0"/>
  <testcase name="[141] 6.016814692820404" classname="MockTest" time="0.0"/>
  <testcase name="[142] 6.1168146928204035" classname="MockTest" time="0.0"/>
  <testcase name="[143] 6.216814692820403" classname="MockTest" time="0.001"/>
  <testcase name="[1] 0.0" classname="MockTest" time="0.001"/>
  <testcase name="[2] 0.5235987755982988" classname="MockTest" time="0.001"/>
  <testcase name="[3] 0.7853981633974483" classname="MockTest" time="0.0"/>
  <testcase name="[4] 1.0471975511965976" classname="MockTest" time="0.001"/>
  <testcase name="[5] 1.5707963267948966" classname="MockTest" time="0.001"/>
  <testcase name="[6] 2.0943951023931953" classname="MockTest" time="0.001"/>
  <testcase name="[7] 2.356194490192345" classname="MockTest" time="0.0"/>
  <testcase name="[8] 2.6179938779914944" classname="MockTest" time="0.0"/>
  <testcase name="[9] 3.141592653589793" classname="MockTest" time="0.0"/>
  <testcase name="[10] 3.665191429188092" classname="MockTest" time="0.0"/>
  <testcase name="[11] 3.9269908169872414" classname="MockTest" time="0.001"/>
  <testcase name="[12] 4.1887902047863905" classname="MockTest" time="0.001"/>
  <testcase name="[13] 4.71238898038469" classname="MockTest" time="0.0"/>
  <testcase name="[14] 5.235987755982989" classname="MockTest" time="0.001"/>
  <testcase name="[15] 5.497787143782138" classname="MockTest" time="0.001"/>
  <testcase name="[16] 5.759586531581287" classname="MockTest" time="0.002"/>
  <testcase name="[17] 6.283185307179586" classname="MockTest" time="0.001"/>
  <testcase name="[18] -6.283185307179586" classname="MockTest" time="0.0"/>
  <testcase name="[19] -6.183185307179587" classname="MockTest" time="0.001"/>
  <testcase name="[20] -6.083185307179587" classname="MockTest" time="0.0"/>
  <testcase name="[21] -5.983185307179587" classname="MockTest" time="0.001"/>
  <testcase name="[22] -5.883185307179588" classname="MockTest" time="0.001"/>
  <testcase name="[23] -5.783185307179588" classname="MockTest" time="0.001"/>
  <testcase name="[24] -5.683185307179588" classname="MockTest" time="0.001"/>
  <testcase name="[25] -5.583185307179589" classname="MockTest" time="0.001"/>
  <testcase name="[26] -5.483185307179589" classname="MockTest" time="0.001"/>
  <testcase name="[27] -5.383185307179589" classname="MockTest" time="0.001"/>
  <testcase name="[28] -5.28318530717959" classname="MockTest" time="0.001"/>
  <testcase name="[29] -5.18318530717959" classname="MockTest" time="0.001"/>
  <testcase name="[30] -5.0831853071795905" classname="MockTest" time="0.0"/>
  <testcase name="[31] -4.983185307179591" classname="MockTest" time="0.001"/>
  <testcase name="[32] -4.883185307179591" classname="MockTest" time="0.0"/>
  <testcase name="[33] -4.783185307179592" classname="MockTest" time="0.001"/>
  <testcase name="[34] -4.683185307179592" classname="MockTest" time="0.001"/>
  <testcase name="[35] -4.583185307179592" classname="MockTest" time="0.001"/>
  <testcase name="[36] -4.483185307179593" classname="MockTest" time="0.001"/>
  <testcase name="[37] -4.383185307179593" classname="MockTest" time="0.001"/>
  <testcase name="[38] -4.283185307179593" classname="MockTest" time="0.001"/>
  <testcase name="[39] -4.183185307179594" classname="MockTest" time="0.0"/>
  <testcase name="[40] -4.083185307179594" classname="MockTest" time="0.0"/>
  <testcase name="[41] -3.983185307179594" classname="MockTest" time="0.001"/>
  <testcase name="[42] -3.883185307179594" classname="MockTest" time="0.001"/>
  <testcase name="[43] -3.783185307179594" classname="MockTest" time="0.001"/>
  <testcase name="[44] -3.6831853071795937" classname="MockTest" time="0.001"/>
  <testcase name="[45] -3.5831853071795936" classname="MockTest" time="0.0"/>
  <testcase name="[46] -3.4831853071795935" classname="MockTest" time="0.0"/>
  <testcase name="[47] -3.3831853071795934" classname="MockTest" time="0.001"/>
  <testcase name="[48] -3.2831853071795933" classname="MockTest" time="0.0"/>
  <testcase name="[49] -3.1831853071795932" classname="MockTest" time="0.001"/>
  <testcase name="[50] -3.083185307179593" classname="MockTest" time="0.001"/>
  <testcase name="[51] -2.983185307179593" classname="MockTest" time="0.002"/>
  <testcase name="[52] -2.883185307179593" classname="MockTest" time="0.001"/>
  <testcase name="[53] -2.783185307179593" classname="MockTest" time="0.001"/>
  <testcase name="[54] -2.683185307179593" classname="MockTest" time="0.002"/>
  <testcase name="[55] -2.5831853071795927" classname="MockTest" time="0.001"/>
  <testcase name="[56] -2.4831853071795926" classname="MockTest" time="0.001"/>
  <testcase name="[57] -2.3831853071795925" classname="MockTest" time="0.001"/>
  <testcase name="[58] -2.2831853071795924" classname="MockTest" time="0.001"/>
  <testcase name="[59] -2.1831853071795924" classname="MockTest" time="0.001"/>
  <testcase name="[60] -2.0831853071795923" classname="MockTest" time="0.001"/>
  <testcase name="[61] -1.9831853071795922" classname="MockTest" time="0.001"/>
  <testcase name="[62] -1.883185307179592" classname="MockTest" time="0.0"/>
  <testcase name="[63] -1.783185307179592" classname="MockTest" time="0.001"/>
  <testcase name="[64] -1.683185307179592" classname="MockTest" time="0.001"/>
  <testcase name="[65] -1.5831853071795918" classname="MockTest" time="0.0"/>
  <testcase name="[66] -1.4831853071795917" classname="MockTest" time="0.001"/>
  <testcase name="[67] -1.3831853071795916" classname="MockTest" time="0.001"/>
  <testcase name="[68] -1.2831853071795916" classname="MockTest" time="0.001"/>
  <testcase name="[69] -1.1831853071795915" classname="MockTest" time="0.001"/>
  <testcase name="[70] -1.0831853071795914" classname="MockTest" time="0.001"/>
  <testcase name="[71] -0.9831853071795914" classname="MockTest" time="0.001"/>
  <testcase name="[72] -0.8831853071795914" classname="MockTest" time="0.001"/>
  <testcase name="[73] -0.7831853071795915" classname="MockTest" time="0.001"/>
  <testcase name="[74] -0.6831853071795915" classname="MockTest" time="0.001"/>
  <testcase name="[75] -0.5831853071795915" classname="MockTest" time="0.001"/>
  <testcase name="[76] -0.4831853071795915" classname="MockTest" time="0.001"/>
  <testcase name="[77] -0.38318530717959154" classname="MockTest" time="0.001"/>
  <testcase name="[78] -0.28318530717959156" classname="MockTest" time="0.007"/>
  <testcase name="[79] -0.18318530717959156" classname="MockTest" time="0.001"/>
  <testcase name="[80] -0.08318530717959155" classname="MockTest" time="0.001"/>
  <testcase name="[81] 0.016814692820408456" classname="MockTest" time="0.0"/>
  <testcase name="[82] 0.11681469282040846" classname="MockTest" time="0.001"/>
  <testcase name="[83] 0.21681469282040847" classname="MockTest" time="0.001"/>
  <testcase name="[84] 0.31681469282040847" classname="MockTest" time="0.001"/>
  <testcase name="[85] 0.4168146928204085" classname="MockTest" time="0.001"/>
  <testcase name="[86] 0.5168146928204085" classname="MockTest" time="0.001"/>
  <testcase name="[87] 0.6168146928204085" classname="MockTest" time="0.001"/>
  <testcase name="[88] 0.7168146928204084" classname="MockTest" time="0.001"/>
  <testcase name="[89] 0.8168146928204084" classname="MockTest" time="0.001"/>
  <testcase name="[90] 0.9168146928204084" classname="MockTest" time="0.001"/>
  <testcase name="[91] 1.0168146928204085" classname="MockTest" time="0.001"/>
  <testcase name="[92] 1.1168146928204086" classname="MockTest" time="0.001"/>
  <testcase name="[93] 1.2168146928204087" classname="MockTest" time="0.001"/>
  <testcase name="[94] 1.3168146928204087" classname="MockTest" time="0.001"/>
  <testcase name="[95] 1.4168146928204088" classname="MockTest" time="0.001"/>
  <testcase name="[96] 1.516814692820409" classname="MockTest" time="0.001"/>
  <testcase name="[97] 1.616814692820409" classname="MockTest" time="0.001"/>
  <testcase name="[98] 1.716814692820409" classname="MockTest" time="0.001"/>
  <testcase name="[99] 1.8168146928204092" classname="MockTest" time="0.001"/>
  <testcase name="[100] 1.9168146928204093" classname="MockTest" time="0.0"/>
  <testcase name="[101] 2.016814692820409" classname="MockTest" time="0.0"/>
  <testcase name="[102] 2.1168146928204092" classname="MockTest" time="0.0"/>
  <testcase name="[103] 2.2168146928204093" classname="MockTest" time="0.0"/>
  <testcase name="[104] 2.3168146928204094" classname="MockTest" time="0.001"/>
  <testcase name="[105] 2.4168146928204095" classname="MockTest" time="0.001"/>
  <testcase name="[106] 2.5168146928204096" classname="MockTest" time="0.001"/>
  <testcase name="[107] 2.6168146928204097" classname="MockTest" time="0.0"/>
  <testcase name="[108] 2.7168146928204098" classname="MockTest" time="0.0"/>
  <testcase name="[109] 2.81681469282041" classname="MockTest" time="0.001"/>
  <testcase name="[110] 2.91681469282041" classname="MockTest" time="0.001"/>
  <testcase name="[111] 3.01681469282041" classname="MockTest" time="0.001"/>
  <testcase name="[112] 3.11681469282041" classname="MockTest" time="0.0"/>
  <testcase name="[113] 3.21681469282041" classname="MockTest" time="0.001"/>
  <testcase name="[114] 3.3168146928204103" classname="MockTest" time="0.001"/>
  <testcase name="[115] 3.4168146928204104" classname="MockTest" time="0.001"/>
  <testcase name="[116] 3.5168146928204105" classname="MockTest" time="0.001"/>
  <testcase name="[117] 3.6168146928204106" classname="MockTest" time="0.001"/>
  <testcase name="[118] 3.7168146928204107" classname="MockTest" time="0.001"/>
  <testcase name="[119] 3.8168146928204107" classname="MockTest" time="0.001"/>
  <testcase name="[120] 3.916814692820411" classname="MockTest" time="0.001"/>
  <testcase name="[121] 4.016814692820411" classname="MockTest" time="0.001"/>
  <testcase name="[122] 4.116814692820411" classname="MockTest" time="0.001"/>
  <testcase name="[123] 4.21681469282041" classname="MockTest" time="0.001"/>
  <testcase name="[124] 4.31681469282041" classname="MockTest" time="0.001"/>
  <testcase name="[125] 4.4168146928204095" classname="MockTest" time="0.001"/>
  <testcase name="[126] 4.516814692820409" classname="MockTest" time="0.0"/>
  <testcase name="[127] 4.616814692820409" classname="MockTest" time="0.0"/>
  <testcase name="[128] 4.716814692820408" classname="MockTest" time="0.0"/>
  <testcase name="[129] 4.816814692820408" classname="MockTest" time="0.001"/>
  <testcase name="[130] 4.916814692820408" classname="MockTest" time="0.001"/>
  <testcase name="[131] 5.016814692820407" classname="MockTest" time="0.001"/>
  <testcase name="[132] 5.116814692820407" classname="MockTest" time="0.001"/>
  <testcase name="[133] 5.216814692820407" classname="MockTest" time="0.0"/>
  <testcase name="[134] 5.316814692820406" classname="MockTest" time="0.001"/>
  <testcase name="[135] 5.416814692820406" classname="MockTest" time="0.001"/>
  <testcase name="[136] 5.516814692820406" classname="MockTest" time="0.0"/>
  <testcase name="[137] 5.616814692820405" classname="MockTest" time="0.0"/>
  <testcase name="[138] 5.716814692820405" classname="MockTest" time="0.001"/>
  <testcase name="[139] 5.8168146928204045" classname="MockTest" time="0.001"/>
  <testcase name="[140] 5.916814692820404" classname="MockTest" time="0.001"/>
  <testcase name="[141] 6.016814692820404" classname="MockTest" time="0.001"/>
  <testcase name="[142] 6.1168146928204035" classname="MockTest" time="0.001"/>
  <testcase name="[143] 6.216814692820403" classname="MockTest" time="0.001"/>
  <testcase name="[1] 0.0" classname="MockTest" time="0.0"/>
  <testcase name="[2] 0.5235987755982988" classname="MockTest" time="0.0"/>
  <testcase name="[3] 0.7853981633974483" classname="MockTest" time="0.0"/>
  <testcase name="[4] 1.0471975511965976" classname="MockTest" time="0.0"/>
  <testcase name="[5] 1.5707963267948966" classname="MockTest" time="0.001"/>
  <testcase name="[6] 2.0943951023931953" classname="MockTest" time="0.0"/>
  <testcase name="[7] 2.356194490192345" classname="MockTest" time="0.0"/>
  <testcase name="[8] 2.6179938779914944" classname="MockTest" time="0.001"/>
  <testcase name="[9] 3.141592653589793" classname="MockTest" time="0.005"/>
  <testcase name="[10] 3.665191429188092" classname="MockTest" time="0.001"/>
  <testcase name="[11] 3.9269908169872414" classname="MockTest" time="0.0"/>
  <testcase name="[12] 4.1887902047863905" classname="MockTest" time="0.0"/>
  <testcase name="[13] 4.71238898038469" classname="MockTest" time="0.0"/>
  <testcase name="[14] 5.235987755982989" classname="MockTest" time="0.001"/>
  <testcase name="[15] 5.497787143782138" classname="MockTest" time="0.001"/>
  <testcase name="[16] 5.759586531581287" classname="MockTest" time="0.001"/>
  <testcase name="[17] 6.283185307179586" classname="MockTest" time="0.001"/>
  <testcase name="[18] -6.283185307179586" classname="MockTest" time="0.001"/>
  <testcase name="[19] -6.183185307179587" classname="MockTest" time="0.001"/>
  <testcase name="[20] -6.083185307179587" classname="MockTest" time="0.001"/>
  <testcase name="[21] -5.983185307179587" classname="MockTest" time="0.001"/>
  <testcase name="[22] -5.883185307179588" classname="MockTest" time="0.0"/>
  <testcase name="[23] -5.783185307179588" classname="MockTest" time="0.0"/>
  <testcase name="[24] -5.683185307179588" classname="MockTest" time="0.0"/>
  <testcase name="[25] -5.583185307179589" classname="MockTest" time="0.001"/>
  <testcase name="[26] -5.483185307179589" classname="MockTest" time="0.0"/>
  <testcase name="[27] -5.383185307179589" classname="MockTest" time="0.0"/>
  <testcase name="[28] -5.28318530717959" classname="MockTest" time="0.0"/>
  <testcase name="[29] -5.18318530717959" classname="MockTest" time="0.001"/>
  <testcase name="[30] -5.0831853071795905" classname="MockTest" time="0.0"/>
  <testcase name="[31] -4.983185307179591" classname="MockTest" time="0.001"/>
  <testcase name="[32] -4.883185307179591" classname="MockTest" time="0.0"/>
  <testcase name="[33] -4.783185307179592" classname="MockTest" time="0.001"/>
  <testcase name="[34] -4.683185307179592" classname="MockTest" time="0.001"/>
  <testcase name="[35] -4.583185307179592" classname="MockTest" time="0.001"/>
  <testcase name="[36] -4.483185307179593" classname="MockTest" time="0.001"/>
  <testcase name="[37] -4.383185307179593" classname="MockTest" time="0.0"/>
  <testcase name="[38] -4.283185307179593" classname="MockTest" time="0.0"/>
  <testcase name="[39] -4.183185307179594" classname="MockTest" time="0.001"/>
  <testcase name="[40] -4.083185307179594" classname="MockTest" time="0.0"/>
  <testcase name="[41] -3.983185307179594" classname="MockTest" time="0.0"/>
  <testcase name="[42] -3.883185307179594" classname="MockTest" time="0.0"/>
  <testcase name="[43] -3.783185307179594" classname="MockTest" time="0.001"/>
  <testcase name="[44] -3.6831853071795937" classname="MockTest" time="0.0"/>
  <testcase name="[45] -3.5831853071795936" classname="MockTest" time="0.0"/>
  <testcase name="[46] -3.4831853071795935" classname="MockTest" time="0.001"/>
  <testcase name="[47] -3.3831853071795934" classname="MockTest" time="0.0"/>
  <testcase name="[48] -3.2831853071795933" classname="MockTest" time="0.001"/>
  <testcase name="[49] -3.1831853071795932" classname="MockTest" time="0.0"/>
  <testcase name="[50] -3.083185307179593" classname="MockTest" time="0.001"/>
  <testcase name="[51] -2.983185307179593" classname="MockTest" time="0.0"/>
  <testcase name="[52] -2.883185307179593" classname="MockTest" time="0.0"/>
  <testcase name="[53] -2.783185307179593" classname="MockTest" time="0.0"/>
  <testcase name="[54] -2.683185307179593" classname="MockTest" time="0.0"/>
  <testcase name="[55] -2.5831853071795927" classname="MockTest" time="0.0"/>
  <testcase name="[56] -2.4831853071795926" classname="MockTest" time="0.0"/>
  <testcase name="[57] -2.3831853071795925" classname="MockTest" time="0.001"/>
  <testcase name="[58] -2.2831853071795924" classname="MockTest" time="0.0"/>
  <testcase name="[59] -2.1831853071795924" classname="MockTest" time="0.0"/>
  <testcase name="[60] -2.0831853071795923" classname="MockTest" time="0.0"/>
  <testcase name="[61] -1.9831853071795922" classname="MockTest" time="0.001"/>
  <testcase name="[62] -1.883185307179592" classname="MockTest" time="0.0"/>
  <testcase name="[63] -1.783185307179592" classname="MockTest" time="0.0"/>
  <testcase name="[64] -1.683185307179592" classname="MockTest" time="0.0"/>
  <testcase name="[65] -1.5831853071795918" classname="MockTest" time="0.001"/>
  <testcase name="[66] -1.4831853071795917" classname="MockTest" time="0.0"/>
  <testcase name="[67] -1.3831853071795916" classname="MockTest" time="0.0"/>
  <testcase name="[68] -1.2831853071795916" classname="MockTest" time="0.0"/>
  <testcase name="[69] -1.1831853071795915" classname="MockTest" time="0.0"/>
  <testcase name="[70] -1.0831853071795914" classname="MockTest" time="0.001"/>
  <testcase name="[71] -0.9831853071795914" classname="MockTest" time="0.001"/>
  <testcase name="[72] -0.8831853071795914" classname="MockTest" time="0.001"/>
  <testcase name="[73] -0.7831853071795915" classname="MockTest" time="0.001"/>
  <testcase name="[74] -0.6831853071795915" classname="MockTest" time="0.001"/>
  <testcase name="[75] -0.5831853071795915" classname="MockTest" time="0.001"/>
  <testcase name="[76] -0.4831853071795915" classname="MockTest" time="0.0"/>
  <testcase name="[77] -0.38318530717959154" classname="MockTest" time="0.0"/>
  <testcase name="[78] -0.28318530717959156" classname="MockTest" time="0.0"/>
  <testcase name="[79] -0.18318530717959156" classname="MockTest" time="0.001"/>
  <testcase name="[80] -0.08318530717959155" classname="MockTest" time="0.001"/>
  <testcase name="[81] 0.016814692820408456" classname="MockTest" time="0.0"/>
  <testcase name="[82] 0.11681469282040846" classname="MockTest" time="0.0"/>
  <testcase name="[83] 0.21681469282040847" classname="MockTest" time="0.001"/>
  <testcase name="[84] 0.31681469282040847" classname="MockTest" time="0.0"/>
  <testcase name="[85] 0.4168146928204085" classname="MockTest" time="0.0"/>
  <testcase name="[86] 0.5168146928204085" classname="MockTest" time="0.0"/>
  <testcase name="[87] 0.6168146928204085" classname="MockTest" time="0.0"/>
  <testcase name="[88] 0.7168146928204084" classname="MockTest" time="0.0"/>
  <testcase name="[89] 0.8168146928204084" classname="MockTest" time="0.0"/>
  <testcase name="[90] 0.9168146928204084" classname="MockTest" time="0.0"/>
  <testcase name="[91] 1.0168146928204085" classname="MockTest" time="0.001"/>
  <testcase name="[92] 1.1168146928204086" classname="MockTest" time="0.001"/>
  <testcase name="[93] 1.2168146928204087" classname="MockTest" time="0.0"/>
  <testcase name="[94] 1.3168146928204087" classname="MockTest" time="0.0"/>
  <testcase name="[95] 1.4168146928204088" classname="MockTest" time="0.0"/>
  <testcase name="[96] 1.516814692820409" classname="MockTest" time="0.0"/>
  <testcase name="[97] 1.616814692820409" classname="MockTest" time="0.001"/>
  <testcase name="[98] 1.716814692820409" classname="MockTest" time="0.001"/>
  <testcase name="[99] 1.8168146928204092" classname="MockTest" time="0.0"/>
  <testcase name="[100] 1.9168146928204093" classname="MockTest" time="0.0"/>
  <testcase name="[101] 2.016814692820409" classname="MockTest" time="0.001"/>
  <testcase name="[102] 2.1168146928204092" classname="MockTest" time="0.001"/>
  <testcase name="[103] 2.2168146928204093" classname="MockTest" time="0.0"/>
  <testcase name="[104] 2.3168146928204094" classname="MockTest" time="0.0"/>
  <testcase name="[105] 2.4168146928204095" classname="MockTest" time="0.001"/>
  <testcase name="[106] 2.5168146928204096" classname="MockTest" time="0.0"/>
  <testcase name="[107] 2.6168146928204097" classname="MockTest" time="0.0"/>
  <testcase name="[108] 2.7168146928204098" classname="MockTest" time="0.001"/>
  <testcase name="[109] 2.81681469282041" classname="MockTest" time="0.0"/>
  <testcase name="[110] 2.91681469282041" classname="MockTest" time="0.0"/>
  <testcase name="[111] 3.01681469282041" classname="MockTest" time="0.0"/>
  <testcase name="[112] 3.11681469282041" classname="MockTest" time="0.001"/>
  <testcase name="[113] 3.21681469282041" classname="MockTest" time="0.0"/>
  <testcase name="[114] 3.3168146928204103" classname="MockTest" time="0.0"/>
  <testcase name="[115] 3.4168146928204104" classname="MockTest" time="0.001"/>
  <testcase name="[116] 3.5168146928204105" classname="MockTest" time="0.0"/>
  <testcase name="[117] 3.6168146928204106" classname="MockTest" time="0.0"/>
  <testcase name="[118] 3.7168146928204107" classname="MockTest" time="0.001"/>
  <testcase name="[119] 3.8168146928204107" classname="MockTest" time="0.0"/>
  <testcase name="[120] 3.916814692820411" classname="MockTest" time="0.001"/>
  <testcase name="[121] 4.016814692820411" classname="MockTest" time="0.001"/>
  <testcase name="[122] 4.116814692820411" classname="MockTest" time="0.0"/>
  <testcase name="[123] 4.21681469282041" classname="MockTest" time="0.001"/>
  <testcase name="[124] 4.31681469282041" classname="MockTest" time="0.0"/>
  <testcase name="[125] 4.4168146928204095" classname="MockTest" time="0.0"/>
  <testcase name="[126] 4.516814692820409" classname="MockTest" time="0.0"/>
  <testcase name="[127] 4.616814692820409" classname="MockTest" time="0.001"/>
  <testcase name="[128] 4.716814692820408" classname="MockTest" time="0.0"/>
  <testcase name="[129] 4.816814692820408" classname="MockTest" time="0.001"/>
  <testcase name="[130] 4.916814692820408" classname="MockTest" time="0.001"/>
  <testcase name="[131] 5.016814692820407" classname="MockTest" time="0.001"/>
  <testcase name="[132] 5.116814692820407" classname="MockTest" time="0.0"/>
  <testcase name="[133] 5.216814692820407" classname="MockTest" time="0.0"/>
  <testcase name="[134] 5.316814692820406" classname="MockTest" time="0.001"/>
  <testcase name="[135] 5.416814692820406" classname="MockTest" time="0.0"/>
  <testcase name="[136] 5.516814692820406" classname="MockTest" time="0.0"/>
  <testcase name="[137] 5.616814692820405" classname="MockTest" time="0.0"/>
  <testcase name="[138] 5.716814692820405" classname="MockTest" time="0.0"/>
  <testcase name="[139] 5.8168146928204045" classname="MockTest" time="0.001"/>
  <testcase name="[140] 5.916814692820404" classname="MockTest" time="0.0"/>
  <testcase name="[141] 6.016814692820404" classname="MockTest" time="0.0"/>
  <testcase name="[142] 6.1168146928204035" classname="MockTest" time="0.0"/>
  <testcase name="[143] 6.216814692820403" classname="MockTest" time="0.0"/>
  <testcase name="[1] 0.0" classname="MockTest" time="0.001"/>
  <testcase name="[2] 0.5235987755982988" classname="MockTest" time="0.001"/>
  <testcase name="[3] 0.7853981633974483" classname="MockTest" time="0.001"/>
  <testcase name="[4] 1.0471975511965976" classname="MockTest" time="0.0"/>
  <testcase name="[5] 1.5707963267948966" classname="MockTest" time="0.001"/>
  <testcase name="[6] 2.0943951023931953" classname="MockTest" time="0.001"/>
  <testcase name="[7] 2.356194490192345" classname="MockTest" time="0.001"/>
  <testcase name="[8] 2.6179938779914944" classname="MockTest" time="0.001"/>
  <testcase name="[9] 3.141592653589793" classname="MockTest" time="0.001"/>
  <testcase name="[10] 3.665191429188092" classname="MockTest" time="0.001"/>
  <testcase name="[11] 3.9269908169872414" classname="MockTest" time="0.0"/>
  <testcase name="[12] 4.1887902047863905" classname="MockTest" time="0.0"/>
  <testcase name="[13] 4.71238898038469" classname="MockTest" time="0.001"/>
  <testcase name="[14] 5.235987755982989" classname="MockTest" time="0.0"/>
  <testcase name="[15] 5.497787143782138" classname="MockTest" time="0.0"/>
  <testcase name="[16] 5.759586531581287" classname="MockTest" time="0.001"/>
  <testcase name="[17] 6.283185307179586" classname="MockTest" time="0.001"/>
  <testcase name="[18] -6.283185307179586" classname="MockTest" time="0.001"/>
  <testcase name="[19] -6.183185307179587" classname="MockTest" time="0.001"/>
  <testcase name="[20] -6.083185307179587" classname="MockTest" time="0.001"/>
  <testcase name="[21] -5.983185307179587" classname="MockTest" time="0.001"/>
  <testcase name="[22] -5.883185307179588" classname="MockTest" time="0.001"/>
  <testcase name="[23] -5.783185307179588" classname="MockTest" time="0.0"/>
  <testcase name="[24] -5.683185307179588" classname="MockTest" time="0.001"/>
  <testcase name="[25] -5.583185307179589" classname="MockTest" time="0.001"/>
  <testcase name="[26] -5.483185307179589" classname="MockTest" time="0.0"/>
  <testcase name="[27] -5.383185307179589" classname="MockTest" time="0.001"/>
  <testcase name="[28] -5.28318530717959" classname="MockTest" time="0.001"/>
  <testcase name="[29] -5.18318530717959" classname="MockTest" time="0.001"/>
  <testcase name="[30] -5.0831853071795905" classname="MockTest" time="0.001"/>
  <testcase name="[31] -4.983185307179591" classname="MockTest" time="0.001"/>
  <testcase name="[32] -4.883185307179591" classname="MockTest" time="0.0"/>
  <testcase name="[33] -4.783185307179592" classname="MockTest" time="0.001"/>
  <testcase name="[34] -4.683185307179592" classname="MockTest" time="0.001"/>
  <testcase name="[35] -4.583185307179592" classname="MockTest" time="0.001"/>
  <testcase name="[36] -4.483185307179593" classname="MockTest" time="0.0"/>
  <testcase name="[37] -4.383185307179593" classname="MockTest" time="0.0"/>
  <testcase name="[38] -4.283185307179593" classname="MockTest" time="0.001"/>
  <testcase name="[39] -4.183185307179594" classname="MockTest" time="0.001"/>
  <testcase name="[40] -4.083185307179594" classname="MockTest" time="0.0"/>
  <testcase name="[41] -3.983185307179594" classname="MockTest" time="0.0"/>
  <testcase name="[42] -3.883185307179594" classname="MockTest" time="0.0"/>
  <testcase name="[43] -3.783185307179594" classname="MockTest" time="0.0"/>
  <testcase name="[44] -3.6831853071795937" classname="MockTest" time="0.001"/>
  <testcase name="[45] -3.5831853071795936" classname="MockTest" time="0.001"/>
  <testcase name="[46] -3.4831853071795935" classname="MockTest" time="0.001"/>
  <testcase name="[47] -3.3831853071795934" classname="MockTest" time="0.001"/>
  <testcase name="[48] -3.2831853071795933" classname="MockTest" time="0.001"/>
  <testcase name="[49] -3.1831853071795932" classname="MockTest" time="0.001"/>
  <testcase name="[50] -3.083185307179593" classname="MockTest" time="0.001"/>
  <testcase name="[51] -2.983185307179593" classname="MockTest" time="0.001"/>
  <testcase name="[52] -2.883185307179593" classname="MockTest" time="0.001"/>
  <testcase name="[53] -2.783185307179593" classname="MockTest" time="0.001"/>
  <testcase name="[54] -2.683185307179593" classname="MockTest" time="0.001"/>
  <testcase name="[55] -2.5831853071795927" classname="MockTest" time="0.0"/>
  <testcase name="[56] -2.4831853071795926" classname="MockTest" time="0.001"/>
  <testcase name="[57] -2.3831853071795925" classname="MockTest" time="0.001"/>
  <testcase name="[58] -2.2831853071795924" classname="MockTest" time="0.001"/>
  <testcase name="[59] -2.1831853071795924" classname="MockTest" time="0.002"/>
  <testcase name="[60] -2.0831853071795923" classname="MockTest" time="0.002"/>
  <testcase name="[61] -1.9831853071795922" classname="MockTest" time="0.001"/>
  <testcase name="[62] -1.883185307179592" classname="MockTest" time="0.001"/>
  <testcase name="[63] -1.783185307179592" classname="MockTest" time="0.002"/>
  <testcase name="[64] -1.683185307179592" classname="MockTest" time="0.001"/>
  <testcase name="[65] -1.5831853071795918" classname="MockTest" time="0.001"/>
  <testcase name="[66] -1.4831853071795917" classname="MockTest" time="0.001"/>
  <testcase name="[67] -1.3831853071795916" classname="MockTest" time="0.001"/>
  <testcase name="[68] -1.2831853071795916" classname="MockTest" time="0.001"/>
  <testcase name="[69] -1.1831853071795915" classname="MockTest" time="0.001"/>
  <testcase name="[70] -1.0831853071795914" classname="MockTest" time="0.001"/>
  <testcase name="[71] -0.9831853071795914" classname="MockTest" time="0.001"/>
  <testcase name="[72] -0.8831853071795914" classname="MockTest" time="0.001"/>
  <testcase name="[73] -0.7831853071795915" classname="MockTest" time="0.001"/>
  <testcase name="[74] -0.6831853071795915" classname="MockTest" time="0.001"/>
  <testcase name="[75] -0.5831853071795915" classname="MockTest" time="0.001"/>
  <testcase name="[76] -0.4831853071795915" classname="MockTest" time="0.001"/>
  <testcase name="[77] -0.38318530717959154" classname="MockTest" time="0.001"/>
  <testcase name="[78] -0.28318530717959156" classname="MockTest" time="0.001"/>
  <testcase name="[79] -0.18318530717959156" classname="MockTest" time="0.001"/>
  <testcase name="[80] -0.08318530717959155" classname="MockTest" time="0.001"/>
  <testcase name="[81] 0.016814692820408456" classname="MockTest" time="0.0"/>
  <testcase name="[82] 0.11681469282040846" classname="MockTest" time="0.001"/>
  <testcase name="[83] 0.21681469282040847" classname="MockTest" time="0.0"/>
  <testcase name="[84] 0.31681469282040847" classname="MockTest" time="0.001"/>
  <testcase name="[85] 0.4168146928204085" classname="MockTest" time="0.001"/>
  <testcase name="[86] 0.5168146928204085" classname="MockTest" time="0.001"/>
  <testcase name="[87] 0.6168146928204085" classname="MockTest" time="0.001"/>
  <testcase name="[88] 0.7168146928204084" classname="MockTest" time="0.001"/>
  <testcase name="[89] 0.8168146928204084" classname="MockTest" time="0.001"/>
  <testcase name="[90] 0.9168146928204084" classname="MockTest" time="0.0"/>
  <testcase name="[91] 1.0168146928204085" classname="MockTest" time="0.001"/>
  <testcase name="[92] 1.1168146928204086" classname="MockTest" time="0.0"/>
  <testcase name="[93] 1.2168146928204087" classname="MockTest" time="0.001"/>
  <testcase name="[94] 1.3168146928204087" classname="MockTest" time="0.001"/>
  <testcase name="[95] 1.4168146928204088" classname="MockTest" time="0.001"/>
  <testcase name="[96] 1.516814692820409" classname="MockTest" time="0.001"/>
  <testcase name="[97] 1.616814692820409" classname="MockTest" time="0.001"/>
  <testcase name="[98] 1.716814692820409" classname="MockTest" time="0.0"/>
  <testcase name="[99] 1.8168146928204092" classname="MockTest" time="0.001"/>
  <testcase name="[100] 1.9168146928204093" classname="MockTest" time="0.001"/>
  <testcase name="[101] 2.016814692820409" classname="MockTest" time="0.001"/>
  <testcase name="[102] 2.1168146928204092" classname="MockTest" time="0.006"/>
  <testcase name="[103] 2.2168146928204093" classname="MockTest" time="0.001"/>
  <testcase name="[104] 2.3168146928204094" classname="MockTest" time="0.001"/>
  <testcase name="[105] 2.4168146928204095" classname="MockTest" time="0.001"/>
  <testcase name="[106] 2.5168146928204096" classname="MockTest" time="0.001"/>
  <testcase name="[107] 2.6168146928204097" classname="MockTest" time="0.001"/>
  <testcase name="[108] 2.7168146928204098" classname="MockTest" time="0.001"/>
  <testcase name="[109] 2.81681469282041" classname="MockTest" time="0.001"/>
  <testcase name="[110] 2.91681469282041" classname="MockTest" time="0.001"/>
  <testcase name="[111] 3.01681469282041" classname="MockTest" time="0.0"/>
  <testcase name="[112] 3.11681469282041" classname="MockTest" time="0.0"/>
  <testcase name="[113] 3.21681469282041" classname="MockTest" time="0.0"/>
  <testcase name="[114] 3.3168146928204103" classname="MockTest" time="0.001"/>
  <testcase name="[115] 3.4168146928204104" classname="MockTest" time="0.001"/>
  <testcase name="[116] 3.5168146928204105" classname="MockTest" time="0.001"/>
  <testcase name="[117] 3.6168146928204106" classname="MockTest" time="0.001"/>
  <testcase name="[118] 3.7168146928204107" classname="MockTest" time="0.001"/>
  <testcase name="[119] 3.8168146928204107" classname="MockTest" time="0.001"/>
  <testcase name="[120] 3.916814692820411" classname="MockTest" time="0.0"/>
  <testcase name="[121] 4.016814692820411" classname="MockTest" time="0.001"/>
  <testcase name="[122] 4.116814692820411" classname="MockTest" time="0.001"/>
  <testcase name="[123] 4.21681469282041" classname="MockTest" time="0.001"/>
  <testcase name="[124] 4.31681469282041" classname="MockTest" time="0.001"/>
  <testcase name="[125] 4.4168146928204095" classname="MockTest" time="0.001"/>
  <testcase name="[126] 4.516814692820409" classname="MockTest" time="0.001"/>
  <testcase name="[127] 4.616814692820409" classname="MockTest" time="0.001"/>
  <testcase name="[128] 4.716814692820408" classname="MockTest" time="0.001"/>
  <testcase name="[129] 4.816814692820408" classname="MockTest" time="0.001"/>
  <testcase name="[130] 4.916814692820408" classname="MockTest" time="0.001"/>
  <testcase name="[131] 5.016814692820407" classname="MockTest" time="0.001"/>
  <testcase name="[132] 5.116814692820407" classname="MockTest" time="0.001"/>
  <testcase name="[133] 5.216814692820407" classname="MockTest" time="0.001"/>
  <testcase name="[134] 5.316814692820406" classname="MockTest" time="0.001"/>
  <testcase name="[135] 5.416814692820406" classname="MockTest" time="0.001"/>
  <testcase name="[136] 5.516814692820406" classname="MockTest" time="0.001"/>
  <testcase name="[137] 5.616814692820405" classname="MockTest" time="0.001"/>
  <testcase name="[138] 5.716814692820405" classname="MockTest" time="0.001"/>
  <testcase name="[139] 5.8168146928204045" classname="MockTest" time="0.001"/>
  <testcase name="[140] 5.916814692820404" classname="MockTest" time="0.001"/>
  <testcase name="[141] 6.016814692820404" classname="MockTest" time="0.0"/>
  <testcase name="[142] 6.1168146928204035" classname="MockTest" time="0.001"/>
  <testcase name="[143] 6.216814692820403" classname="MockTest" time="0.001"/>
  <testcase name="[1] -62.83185307179586" classname="MockTest" time="0.002"/>
  <testcase name="[2] -62.73185307179586" classname="MockTest" time="0.001"/>
  <testcase name="[3] -62.63185307179586" classname="MockTest" time="0.002"/>
  <testcase name="[4] -62.53185307179586" classname="MockTest" time="0.002"/>
  <testcase name="[5] -62.43185307179586" classname="MockTest" time="0.002"/>
  <testcase name="[6] -62.331853071795855" classname="MockTest" time="0.002"/>
  <testcase name="[7] -62.231853071795854" classname="MockTest" time="0.001"/>
  <testcase name="[8] -62.20353454107793" classname="MockTest" time="0.001"/>
  <testcase name="[9] -62.13185307179585" classname="MockTest" time="0.001"/>
  <testcase name="[10] -62.03185307179585" classname="MockTest" time="0.001"/>
  <testcase name="[11] -61.93185307179585" classname="MockTest" time="0.001"/>
  <testcase name="[12] -61.83185307179585" classname="MockTest" time="0.001"/>
  <testcase name="[13] -61.73185307179585" classname="MockTest" time="0.001"/>
  <testcase name="[14] -61.631853071795845" classname="MockTest" time="0.002"/>
  <testcase name="[15] -61.531853071795844" classname="MockTest" time="0.002"/>
  <testcase name="[16] -61.43185307179584" classname="MockTest" time="0.002"/>
  <testcase name="[17] -61.33185307179584" classname="MockTest" time="0.001"/>
  <testcase name="[18] -61.23185307179584" classname="MockTest" time="0.002"/>
  <testcase name="[19] -61.13185307179584" classname="MockTest" time="0.002"/>
  <testcase name="[20] -61.03185307179584" classname="MockTest" time="0.001"/>
  <testcase name="[21] -60.931853071795835" classname="MockTest" time="0.001"/>
  <testcase name="[22] -60.831853071795834" classname="MockTest" time="0.001"/>
  <testcase name="[23] -60.73185307179583" classname="MockTest" time="0.001"/>
  <testcase name="[24] -60.63185307179583" classname="MockTest" time="0.001"/>
  <testcase name="[25] -60.53185307179583" classname="MockTest" time="0.001"/>
  <testcase name="[26] -60.43185307179583" classname="MockTest" time="0.001"/>
  <testcase name="[27] -60.33185307179583" classname="MockTest" time="0.001"/>
  <testcase name="[28] -60.231853071795825" classname="MockTest" time="0.001"/>
  <testcase name="[29] -60.131853071795824" classname="MockTest" time="0.001"/>
  <testcase name="[30] -60.03185307179582" classname="MockTest" time="0.001"/>
  <testcase name="[31] -59.93185307179582" classname="MockTest" time="0.001"/>
  <testcase name="[32] -59.83185307179582" classname="MockTest" time="0.001"/>
  <testcase name="[33] -59.73185307179582" classname="MockTest" time="0.001"/>
  <testcase name="[34] -59.63185307179582" classname="MockTest" time="0.001"/>
  <testcase name="[35] -59.531853071795815" classname="MockTest" time="0.001"/>
  <testcase name="[36] -59.431853071795814" classname="MockTest" time="0.0"/>
  <testcase name="[37] -59.33185307179581" classname="MockTest" time="0.001"/>
  <testcase name="[38] -59.23185307179581" classname="MockTest" time="0.001"/>
  <testcase name="[39] -59.13185307179581" classname="MockTest" time="0.001"/>
  <testcase name="[40] -59.06194188748813" classname="MockTest" time="0.001"/>
  <testcase name="[41] -59.03185307179581" classname="MockTest" time="0.001"/>
  <testcase name="[42] -58.93185307179581" classname="MockTest" time="0.001"/>
  <testcase name="[43] -58.831853071795805" classname="MockTest" time="0.003"/>
  <testcase name="[44] -58.731853071795804" classname="MockTest" time="0.002"/>
  <testcase name="[45] -58.6318530717958" classname="MockTest" time="0.001"/>
  <testcase name="[46] -58.5318530717958" classname="MockTest" time="0.001"/>
  <testcase name="[47] -58.4318530717958" classname="MockTest" time="0.002"/>
  <testcase name="[48] -58.3318530717958" classname="MockTest" time="0.002"/>
  <testcase name="[49] -58.2318530717958" classname="MockTest" time="0.001"/>
  <testcase name="[50] -58.131853071795796" classname="MockTest" time="0.001"/>
  <testcase name="[51] -58.031853071795794" classname="MockTest" time="0.002"/>
  <testcase name="[52] -57.93185307179579" classname="MockTest" time="0.001"/>
  <testcase name="[53] -57.83185307179579" classname="MockTest" time="0.001"/>
  <testcase name="[54] -57.73185307179579" classname="MockTest" time="0.001"/>
  <testcase name="[55] -57.63185307179579" classname="MockTest" time="0.001"/>
  <testcase name="[56] -57.53185307179579" classname="MockTest" time="0.0"/>
  <testcase name="[57] -57.431853071795786" classname="MockTest" time="0.001"/>
  <testcase name="[58] -57.331853071795784" classname="MockTest" time="0.001"/>
  <testcase name="[59] -57.23185307179578" classname="MockTest" time="0.001"/>
  <testcase name="[60] -57.13185307179578" classname="MockTest" time="0.001"/>
  <testcase name="[61] -57.03185307179578" classname="MockTest" time="0.001"/>
  <testcase name="[62] -56.93185307179578" classname="MockTest" time="0.002"/>
  <testcase name="[63] -56.83185307179578" classname="MockTest" time="0.001"/>
  <testcase name="[64] -56.731853071795776" classname="MockTest" time="0.001"/>
  <testcase name="[65] -56.631853071795774" classname="MockTest" time="0.001"/>
  <testcase name="[66] -56.53185307179577" classname="MockTest" time="0.001"/>
  <testcase name="[67] -56.43185307179577" classname="MockTest" time="0.001"/>
  <testcase name="[68] -56.33185307179577" classname="MockTest" time="0.001"/>
  <testcase name="[69] -56.23185307179577" classname="MockTest" time="0.002"/>
  <testcase name="[70] -56.13185307179577" classname="MockTest" time="0.001"/>
  <testcase name="[71] -56.031853071795766" classname="MockTest" time="0.001"/>
  <testcase name="[72] -55.931853071795764" classname="MockTest" time="0.001"/>
  <testcase name="[73] -55.920349233898335" classname="MockTest" time="0.001"/>
  <testcase name="[74] -55.83185307179576" classname="MockTest" time="0.001"/>
  <testcase name="[75] -55.73185307179576" classname="MockTest" time="0.001"/>
  <testcase name="[76] -55.63185307179576" classname="MockTest" time="0.001"/>
  <testcase name="[77] -55.53185307179576" classname="MockTest" time="0.001"/>
  <testcase name="[78] -55.43185307179576" classname="MockTest" time="0.001"/>
  <testcase name="[79] -55.331853071795756" classname="MockTest" time="0.001"/>
  <testcase name="[80] -55.231853071795754" classname="MockTest" time="0.001"/>
  <testcase name="[81] -55.13185307179575" classname="MockTest" time="0.001"/>
  <testcase name="[82] -55.03185307179575" classname="MockTest" time="0.0"/>
  <testcase name="[83] -54.93185307179575" classname="MockTest" time="0.001"/>
  <testcase name="[84] -54.83185307179575" classname="MockTest" time="0.001"/>
  <testcase name="[85] -54.73185307179575" classname="MockTest" time="0.001"/>
  <testcase name="[86] -54.631853071795746" classname="MockTest" time="0.001"/>
  <testcase name="[87] -54.531853071795744" classname="MockTest" time="0.001"/>
  <testcase name="[88] -54.43185307179574" classname="MockTest" time="0.001"/>
  <testcase name="[89] -54.33185307179574" classname="MockTest" time="0.001"/>
  <testcase name="[90] -54.23185307179574" classname="MockTest" time="0.001"/>
  <testcase name="[91] -54.13185307179574" classname="MockTest" time="0.001"/>
  <testcase name="[92] -54.03185307179574" classname="MockTest" time="0.001"/>
  <testcase name="[93] -53.931853071795736" classname="MockTest" time="0.001"/>
  <testcase name="[94] -53.831853071795734" classname="MockTest" time="0.001"/>
  <testcase name="[95] -53.73185307179573" classname="MockTest" time="0.001"/>
  <testcase name="[96] -53.63185307179573" classname="MockTest" time="0.002"/>
  <testcase name="[97] -53.53185307179573" classname="MockTest" time="0.001"/>
  <testcase name="[98] -53.43185307179573" classname="MockTest" time="0.001"/>
  <testcase name="[99] -53.33185307179573" classname="MockTest" time="0.001"/>
  <testcase name="[100] -53.231853071795726" classname="MockTest" time="0.001"/>
  <testcase name="[101] -53.131853071795724" classname="MockTest" time="0.0"/>
  <testcase name="[102] -53.03185307179572" classname="MockTest" time="0.0"/>
  <testcase name="[103] -52.93185307179572" classname="MockTest" time="0.001"/>
  <testcase name="[104] -52.83185307179572" classname="MockTest" time="0.001"/>
  <testcase name="[105] -52.77875658030854" classname="MockTest" time="0.001"/>
  <testcase name="[106] -52.73185307179572" classname="MockTest" time="0.001"/>
  <testcase name="[107] -52.63185307179572" classname="MockTest" time="0.001"/>
  <testcase name="[108] -52.531853071795716" classname="MockTest" time="0.001"/>
  <testcase name="[109] -52.431853071795715" classname="MockTest" time="0.001"/>
  <testcase name="[110] -52.33185307179571" classname="MockTest" time="0.001"/>
  <testcase name="[111] -52.23185307179571" classname="MockTest" time="0.001"/>
  <testcase name="[112] -52.13185307179571" classname="MockTest" time="0.001"/>
  <testcase name="[113] -52.03185307179571" classname="MockTest" time="0.001"/>
  <testcase name="[114] -51.93185307179571" classname="MockTest" time="0.0"/>
  <testcase name="[115] -51.831853071795706" classname="MockTest" time="0.0"/>
  <testcase name="[116] -51.731853071795705" classname="MockTest" time="0.001"/>
  <testcase name="[117] -51.6318530717957" classname="MockTest" time="0.0"/>
  <testcase name="[118] -51.5318530717957" classname="MockTest" time="0.001"/>
  <testcase name="[119] -51.4318530717957" classname="MockTest" time="0.001"/>
  <testcase name="[120] -51.3318530717957" classname="MockTest" time="0.0"/>
  <testcase name="[121] -51.2318530717957" classname="MockTest" time="0.001"/>
  <testcase name="[122] -51.131853071795696" classname="MockTest" time="0.001"/>
  <testcase name="[123] -51.031853071795695" classname="MockTest" time="0.001"/>
  <testcase name="[124] -50.93185307179569" classname="MockTest" time="0.001"/>
  <testcase name="[125] -50.83185307179569" classname="MockTest" time="0.001"/>
  <testcase name="[126] -50.73185307179569" classname="MockTest" time="0.001"/>
  <testcase name="[127] -50.63185307179569" classname="MockTest" time="0.001"/>
  <testcase name="[128] -50.53185307179569" classname="MockTest" time="0.001"/>
  <testcase name="[129] -50.431853071795686" classname="MockTest" time="0.001"/>
  <testcase name="[130] -50.331853071795685" classname="MockTest" time="0.001"/>
  <testcase name="[131] -50.23185307179568" classname="MockTest" time="0.001"/>
  <testcase name="[132] -50.13185307179568" classname="MockTest" time="0.001"/>
  <testcase name="[133] -50.03185307179568" classname="MockTest" time="0.001"/>
  <testcase name="[134] -49.93185307179568" classname="MockTest" time="0.001"/>
  <testcase name="[135] -49.83185307179568" classname="MockTest" time="0.0"/>
  <testcase name="[136] -49.731853071795676" classname="MockTest" time="0.001"/>
  <testcase name="[137] -49.63716392671874" classname="MockTest" time="0.001"/>
  <testcase name="[138] -49.631853071795675" classname="MockTest" time="0.001"/>
  <testcase name="[139] -49.53185307179567" classname="MockTest" time="0.001"/>
  <testcase name="[140] -49.43185307179567" classname="MockTest" time="0.0"/>
  <testcase name="[141] -49.33185307179567" classname="MockTest" time="0.001"/>
  <testcase name="[142] -49.23185307179567" classname="MockTest" time="0.001"/>
  <testcase name="[143] -49.13185307179567" classname="MockTest" time="0.001"/>
  <testcase name="[144] -49.031853071795666" classname="MockTest" time="0.001"/>
  <testcase name="[145] -48.931853071795665" classname="MockTest" time="0.001"/>
  <testcase name="[146] -48.83185307179566" classname="MockTest" time="0.001"/>
  <testcase name="[147] -48.73185307179566" classname="MockTest" time="0.001"/>
  <testcase name="[148] -48.63185307179566" classname="MockTest" time="0.001"/>
  <testcase name="[149] -48.53185307179566" classname="MockTest" time="0.001"/>
  <testcase name="[150] -48.43185307179566" classname="MockTest" time="0.001"/>
  <testcase name="[151] -48.331853071795656" classname="MockTest" time="0.001"/>
  <testcase name="[152] -48.231853071795655" classname="MockTest" time="0.0"/>
  <testcase name="[153] -48.13185307179565" classname="MockTest" time="0.001"/>
  <testcase name="[154] -48.03185307179565" classname="MockTest" time="0.001"/>
  <testcase name="[155] -47.93185307179565" classname="MockTest" time="0.001"/>
  <testcase name="[156] -47.83185307179565" classname="MockTest" time="0.001"/>
  <testcase name="[157] -47.73185307179565" classname="MockTest" time="0.001"/>
  <testcase name="[158] -47.631853071795646" classname="MockTest" time="0.002"/>
  <testcase name="[159] -47.531853071795645" classname="MockTest" time="0.001"/>
  <testcase name="[160] -47.43185307179564" classname="MockTest" time="0.001"/>
  <testcase name="[161] -47.33185307179564" classname="MockTest" time="0.001"/>
  <testcase name="[162] -47.23185307179564" classname="MockTest" time="0.0"/>
  <testcase name="[163] -47.13185307179564" classname="MockTest" time="0.001"/>
  <testcase name="[164] -47.03185307179564" classname="MockTest" time="0.001"/>
  <testcase name="[165] -46.931853071795636" classname="MockTest" time="0.001"/>
  <testcase name="[166] -46.831853071795635" classname="MockTest" time="0.001"/>
  <testcase name="[167] -46.73185307179563" classname="MockTest" time="0.001"/>
  <testcase name="[168] -46.63185307179563" classname="MockTest" time="0.001"/>
  <testcase name="[169] -46.53185307179563" classname="MockTest" time="0.001"/>
  <testcase name="[170] -46.495571273128945" classname="MockTest" time="0.001"/>
  <testcase name="[171] -46.43185307179563" classname="MockTest" time="0.001"/>
  <testcase name="[172] -46.33185307179563" classname="MockTest" time="0.001"/>
  <testcase name="[173] -46.231853071795626" classname="MockTest" time="0.001"/>
  <testcase name="[174] -46.131853071795625" classname="MockTest" time="0.002"/>
  <testcase name="[175] -46.031853071795624" classname="MockTest" time="0.001"/>
  <testcase name="[176] -45.93185307179562" classname="MockTest" time="0.0"/>
  <testcase name="[177] -45.83185307179562" classname="MockTest" time="0.001"/>
  <testcase name="[178] -45.73185307179562" classname="MockTest" time="0.001"/>
  <testcase name="[179] -45.63185307179562" classname="MockTest" time="0.001"/>
  <testcase name="[180] -45.53185307179562" classname="MockTest" time="0.001"/>
  <testcase name="[181] -45.431853071795615" classname="MockTest" time="0.001"/>
  <testcase name="[182] -45.331853071795614" classname="MockTest" time="0.001"/>
  <testcase name="[183] -45.23185307179561" classname="MockTest" time="0.001"/>
  <testcase name="[184] -45.13185307179561" classname="MockTest" time="0.001"/>
  <testcase name="[185] -45.03185307179561" classname="MockTest" time="0.001"/>
  <testcase name="[186] -44.93185307179561" classname="MockTest" time="0.001"/>
  <testcase name="[187] -44.83185307179561" classname="MockTest" time="0.001"/>
  <testcase name="[188] -44.731853071795605" classname="MockTest" time="0.001"/>
  <testcase name="[189] -44.631853071795604" classname="MockTest" time="0.001"/>
  <testcase name="[190] -44.5318530717956" classname="MockTest" time="0.001"/>
  <testcase name="[191] -44.4318530717956" classname="MockTest" time="0.001"/>
  <testcase name="[192] -44.3318530717956" classname="MockTest" time="0.001"/>
  <testcase name="[193] -44.2318530717956" classname="MockTest" time="0.001"/>
  <testcase name="[194] -44.1318530717956" classname="MockTest" time="0.001"/>
  <testcase name="[195] -44.031853071795595" classname="MockTest" time="0.001"/>
  <testcase name="[196] -43.931853071795594" classname="MockTest" time="0.0"/>
  <testcase name="[197] -43.83185307179559" classname="MockTest" time="0.001"/>
  <testcase name="[198] -43.73185307179559" classname="MockTest" time="0.001"/>
  <testcase name="[199] -43.63185307179559" classname="MockTest" time="0.001"/>
  <testcase name="[200] -43.53185307179559" classname="MockTest" time="0.0"/>
  <testcase name="[201] -43.43185307179559" classname="MockTest" time="0.001"/>
  <testcase name="[202] -43.35397861953915" classname="MockTest" time="0.001"/>
  <testcase name="[203] -43.331853071795585" classname="MockTest" time="0.0"/>
  <testcase name="[204] -43.231853071795584" classname="MockTest" time="0.001"/>
  <testcase name="[205] -43.13185307179558" classname="MockTest" time="0.002"/>
  <testcase name="[206] -43.03185307179558" classname="MockTest" time="0.001"/>
  <testcase name="[207] -42.93185307179558" classname="MockTest" time="0.001"/>
  <testcase name="[208] -42.83185307179558" classname="MockTest" time="0.001"/>
  <testcase name="[209] -42.73185307179558" classname="MockTest" time="0.0"/>
  <testcase name="[210] -42.631853071795575" classname="MockTest" time="0.001"/>
  <testcase name="[211] -42.531853071795574" classname="MockTest" time="0.001"/>
  <testcase name="[212] -42.43185307179557" classname="MockTest" time="0.0"/>
  <testcase name="[213] -42.33185307179557" classname="MockTest" time="0.0"/>
  <testcase name="[214] -42.23185307179557" classname="MockTest" time="0.001"/>
  <testcase name="[215] -42.13185307179557" classname="MockTest" time="0.001"/>
  <testcase name="[216] -42.03185307179557" classname="MockTest" time="0.002"/>
  <testcase name="[217] -41.931853071795565" classname="MockTest" time="0.002"/>
  <testcase name="[218] -41.831853071795564" classname="MockTest" time="0.001"/>
  <testcase name="[219] -41.73185307179556" classname="MockTest" time="0.001"/>
  <testcase name="[220] -41.63185307179556" classname="MockTest" time="0.001"/>
  <testcase name="[221] -41.53185307179556" classname="MockTest" time="0.001"/>
  <testcase name="[222] -41.43185307179556" classname="MockTest" time="0.001"/>
  <testcase name="[223] -41.33185307179556" classname="MockTest" time="0.001"/>
  <testcase name="[224] -41.231853071795555" classname="MockTest" time="0.0"/>
  <testcase name="[225] -41.131853071795554" classname="MockTest" time="0.001"/>
  <testcase name="[226] -41.03185307179555" classname="MockTest" time="0.0"/>
  <testcase name="[227] -40.93185307179555" classname="MockTest" time="0.0"/>
  <testcase name="[228] -40.83185307179555" classname="MockTest" time="0.001"/>
  <testcase name="[229] -40.73185307179555" classname="MockTest" time="0.001"/>
  <testcase name="[230] -40.63185307179555" classname="MockTest" time="0.001"/>
  <testcase name="[231] -40.531853071795545" classname="MockTest" time="0.001"/>
  <testcase name="[232] -40.431853071795544" classname="MockTest" time="0.0"/>
  <testcase name="[233] -40.33185307179554" classname="MockTest" time="0.001"/>
  <testcase name="[234] -40.23185307179554" classname="MockTest" time="0.001"/>
  <testcase name="[235] -40.21238596594935" classname="MockTest" time="0.001"/>
  <testcase name="[236] -40.13185307179554" classname="MockTest" time="0.0"/>
  <testcase name="[237] -40.03185307179554" classname="MockTest" time="0.001"/>
  <testcase name="[238] -39.93185307179554" classname="MockTest" time="0.001"/>
  <testcase name="[239] -39.831853071795535" classname="MockTest" time="0.001"/>
  <testcase name="[240] -39.731853071795534" classname="MockTest" time="0.0"/>
  <testcase name="[241] -39.63185307179553" classname="MockTest" time="0.001"/>
  <testcase name="[242] -39.53185307179553" classname="MockTest" time="0.0"/>
  <testcase name="[243] -39.43185307179553" classname="MockTest" time="0.001"/>
  <testcase name="[244] -39.33185307179553" classname="MockTest" time="0.0"/>
  <testcase name="[245] -39.23185307179553" classname="MockTest" time="0.001"/>
  <testcase name="[246] -39.131853071795526" classname="MockTest" time="0.001"/>
  <testcase name="[247] -39.031853071795524" classname="MockTest" time="0.0"/>
  <testcase name="[248] -38.93185307179552" classname="MockTest" time="0.0"/>
  <testcase name="[249] -38.83185307179552" classname="MockTest" time="0.001"/>
  <testcase name="[250] -38.73185307179552" classname="MockTest" time="0.002"/>
  <testcase name="[251] -38.63185307179552" classname="MockTest" time="0.001"/>
  <testcase name="[252] -38.53185307179552" classname="MockTest" time="0.001"/>
  <testcase name="[253] -38.431853071795516" classname="MockTest" time="0.001"/>
  <testcase name="[254] -38.331853071795514" classname="MockTest" time="0.001"/>
  <testcase name="[255] -38.23185307179551" classname="MockTest" time="0.001"/>
  <testcase name="[256] -38.13185307179551" classname="MockTest" time="0.0"/>
  <testcase name="[257] -38.03185307179551" classname="MockTest" time="0.001"/>
  <testcase name="[258] -37.93185307179551" classname="MockTest" time="0.001"/>
  <testcase name="[259] -37.83185307179551" classname="MockTest" time="0.001"/>
  <testcase name="[260] -37.731853071795506" classname="MockTest" time="0.001"/>
  <testcase name="[261] -37.631853071795504" classname="MockTest" time="0.0"/>
  <testcase name="[262] -37.5318530717955" classname="MockTest" time="0.0"/>
  <testcase name="[263] -37.4318530717955" classname="MockTest" time="0.0"/>
  <testcase name="[264] -37.3318530717955" classname="MockTest" time="0.0"/>
  <testcase name="[265] -37.2318530717955" classname="MockTest" time="0.0"/>
  <testcase name="[266] -37.1318530717955" classname="MockTest" time="0.0"/>
  <testcase name="[267] -37.070793312359555" classname="MockTest" time="0.0"/>
  <testcase name="[268] -37.031853071795496" classname="MockTest" time="0.0"/>
  <testcase name="[269] -36.931853071795494" classname="MockTest" time="0.001"/>
  <testcase name="[270] -36.83185307179549" classname="MockTest" time="0.001"/>
  <testcase name="[271] -36.73185307179549" classname="MockTest" time="0.0"/>
  <testcase name="[272] -36.63185307179549" classname="MockTest" time="0.001"/>
  <testcase name="[273] -36.53185307179549" classname="MockTest" time="0.001"/>
  <testcase name="[274] -36.43185307179549" classname="MockTest" time="0.0"/>
  <testcase name="[275] -36.331853071795486" classname="MockTest" time="0.0"/>
  <testcase name="[276] -36.231853071795484" classname="MockTest" time="0.001"/>
  <testcase name="[277] -36.13185307179548" classname="MockTest" time="0.001"/>
  <testcase name="[278] -36.03185307179548" classname="MockTest" time="0.001"/>
  <testcase name="[279] -35.93185307179548" classname="MockTest" time="0.001"/>
  <testcase name="[280] -35.83185307179548" classname="MockTest" time="0.001"/>
  <testcase name="[281] -35.73185307179548" classname="MockTest" time="0.001"/>
  <testcase name="[282] -35.631853071795476" classname="MockTest" time="0.0"/>
  <testcase name="[283] -35.531853071795474" classname="MockTest" time="0.0"/>
  <testcase name="[284] -35.43185307179547" classname="MockTest" time="0.001"/>
  <testcase name="[285] -35.33185307179547" classname="MockTest" time="0.001"/>
  <testcase name="[286] -35.23185307179547" classname="MockTest" time="0.0"/>
  <testcase name="[287] -35.13185307179547" classname="MockTest" time="0.001"/>
  <testcase name="[288] -35.03185307179547" classname="MockTest" time="0.001"/>
  <testcase name="[289] -34.931853071795466" classname="MockTest" time="0.0"/>
  <testcase name="[290] -34.831853071795464" classname="MockTest" time="0.001"/>
  <testcase name="[291] -34.73185307179546" classname="MockTest" time="0.001"/>
  <testcase name="[292] -34.63185307179546" classname="MockTest" time="0.001"/>
  <testcase name="[293] -34.53185307179546" classname="MockTest" time="0.001"/>
  <testcase name="[294] -34.43185307179546" classname="MockTest" time="0.001"/>
  <testcase name="[295] -34.33185307179546" classname="MockTest" time="0.001"/>
  <testcase name="[296] -34.231853071795456" classname="MockTest" time="0.001"/>
  <testcase name="[297] -34.131853071795454" classname="MockTest" time="0.001"/>
  <testcase name="[298] -34.03185307179545" classname="MockTest" time="0.001"/>
  <testcase name="[299] -33.93185307179545" classname="MockTest" time="0.001"/>
  <testcase name="[300] -33.929200658769766" classname="MockTest" time="0.001"/>
  <testcase name="[301] -33.83185307179545" classname="MockTest" time="0.001"/>
  <testcase name="[302] -33.73185307179545" classname="MockTest" time="0.001"/>
  <testcase name="[303] -33.63185307179545" classname="MockTest" time="0.001"/>
  <testcase name="[304] -33.531853071795446" classname="MockTest" time="0.001"/>
  <testcase name="[305] -33.431853071795445" classname="MockTest" time="0.0"/>
  <testcase name="[306] -33.33185307179544" classname="MockTest" time="0.001"/>
  <testcase name="[307] -33.23185307179544" classname="MockTest" time="0.001"/>
  <testcase name="[308] -33.13185307179544" classname="MockTest" time="0.001"/>
  <testcase name="[309] -33.03185307179544" classname="MockTest" time="0.001"/>
  <testcase name="[310] -32.93185307179544" classname="MockTest" time="0.001"/>
  <testcase name="[311] -32.831853071795436" classname="MockTest" time="0.001"/>
  <testcase name="[312] -32.731853071795435" classname="MockTest" time="0.001"/>
  <testcase name="[313] -32.63185307179543" classname="MockTest" time="0.001"/>
  <testcase name="[314] -32.53185307179543" classname="MockTest" time="0.001"/>
  <testcase name="[315] -32.43185307179543" classname="MockTest" time="0.0"/>
  <testcase name="[316] -32.33185307179543" classname="MockTest" time="0.0"/>
  <testcase name="[317] -32.23185307179543" classname="MockTest" time="0.001"/>
  <testcase name="[318] -32.131853071795426" classname="MockTest" time="0.001"/>
  <testcase name="[319] -32.031853071795425" classname="MockTest" time="0.001"/>
  <testcase name="[320] -31.931853071795423" classname="MockTest" time="0.002"/>
  <testcase name="[321] -31.831853071795422" classname="MockTest" time="0.001"/>
  <testcase name="[322] -31.73185307179542" classname="MockTest" time="0.001"/>
  <testcase name="[323] -31.63185307179542" classname="MockTest" time="0.001"/>
  <testcase name="[324] -31.531853071795418" classname="MockTest" time="0.001"/>
  <testcase name="[325] -31.431853071795416" classname="MockTest" time="0.001"/>
  <testcase name="[326] -31.331853071795415" classname="MockTest" time="0.001"/>
  <testcase name="[327] -31.231853071795413" classname="MockTest" time="0.001"/>
  <testcase name="[328] -31.131853071795412" classname="MockTest" time="0.0"/>
  <testcase name="[329] -31.03185307179541" classname="MockTest" time="0.0"/>
  <testcase name="[330] -30.93185307179541" classname="MockTest" time="0.0"/>
  <testcase name="[331] -30.831853071795408" classname="MockTest" time="0.001"/>
  <testcase name="[332] -30.787608005179973" classname="MockTest" time="0.001"/>
  <testcase name="[333] -30.731853071795406" classname="MockTest" time="0.001"/>
  <testcase name="[334] -30.631853071795405" classname="MockTest" time="0.001"/>
  <testcase name="[335] -30.531853071795403" classname="MockTest" time="0.001"/>
  <testcase name="[336] -30.431853071795402" classname="MockTest" time="0.001"/>
  <testcase name="[337] -30.3318530717954" classname="MockTest" time="0.001"/>
  <testcase name="[338] -30.2318530717954" classname="MockTest" time="0.001"/>
  <testcase name="[339] -30.131853071795398" classname="MockTest" time="0.001"/>
  <testcase name="[340] -30.031853071795396" classname="MockTest" time="0.001"/>
  <testcase name="[341] -29.931853071795395" classname="MockTest" time="0.001"/>
  <testcase name="[342] -29.831853071795393" classname="MockTest" time="0.0"/>
  <testcase name="[343] -29.731853071795392" classname="MockTest" time="0.001"/>
  <testcase name="[344] -29.63185307179539" classname="MockTest" time="0.001"/>
  <testcase name="[345] -29.53185307179539" classname="MockTest" time="0.001"/>
  <testcase name="[346] -29.431853071795388" classname="MockTest" time="0.001"/>
  <testcase name="[347] -29.331853071795386" classname="MockTest" time="0.001"/>
  <testcase name="[348] -29.231853071795385" classname="MockTest" time="0.001"/>
  <testcase name="[349] -29.131853071795383" classname="MockTest" time="0.001"/>
  <testcase name="[350] -29.031853071795382" classname="MockTest" time="0.001"/>
  <testcase name="[351] -28.93185307179538" classname="MockTest" time="0.001"/>
  <testcase name="[352] -28.83185307179538" classname="MockTest" time="0.001"/>
  <testcase name="[353] -28.731853071795378" classname="MockTest" time="0.001"/>
  <testcase name="[354] -28.631853071795376" classname="MockTest" time="0.001"/>
  <testcase name="[355] -28.531853071795375" classname="MockTest" time="0.0"/>
  <testcase name="[356] -28.431853071795373" classname="MockTest" time="0.001"/>
  <testcase name="[357] -28.331853071795372" classname="MockTest" time="0.001"/>
  <testcase name="[358] -28.23185307179537" classname="MockTest" time="0.0"/>
  <testcase name="[359] -28.13185307179537" classname="MockTest" time="0.001"/>
  <testcase name="[360] -28.031853071795368" classname="MockTest" time="0.001"/>
  <testcase name="[361] -27.931853071795366" classname="MockTest" time="0.001"/>
  <testcase name="[362] -27.831853071795365" classname="MockTest" time="0.001"/>
  <testcase name="[363] -27.731853071795364" classname="MockTest" time="0.0"/>
  <testcase name="[364] -27.64601535159018" classname="MockTest" time="0.001"/>
  <testcase name="[365] -27.631853071795362" classname="MockTest" time="0.001"/>
  <testcase name="[366] -27.53185307179536" classname="MockTest" time="0.001"/>
  <testcase name="[367] -27.43185307179536" classname="MockTest" time="0.001"/>
  <testcase name="[368] -27.331853071795358" classname="MockTest" time="0.001"/>
  <testcase name="[369] -27.231853071795356" classname="MockTest" time="0.001"/>
  <testcase name="[370] -27.131853071795355" classname="MockTest" time="0.0"/>
  <testcase name="[371] -27.031853071795354" classname="MockTest" time="0.001"/>
  <testcase name="[372] -26.931853071795352" classname="MockTest" time="0.001"/>
  <testcase name="[373] -26.83185307179535" classname="MockTest" time="0.001"/>
  <testcase name="[374] -26.73185307179535" classname="MockTest" time="0.001"/>
  <testcase name="[375] -26.631853071795348" classname="MockTest" time="0.001"/>
  <testcase name="[376] -26.531853071795346" classname="MockTest" time="0.002"/>
  <testcase name="[377] -26.431853071795345" classname="MockTest" time="0.001"/>
  <testcase name="[378] -26.331853071795344" classname="MockTest" time="0.001"/>
  <testcase name="[379] -26.231853071795342" classname="MockTest" time="0.001"/>
  <testcase name="[380] -26.13185307179534" classname="MockTest" time="0.001"/>
  <testcase name="[381] -26.03185307179534" classname="MockTest" time="0.001"/>
  <testcase name="[382] -25.931853071795338" classname="MockTest" time="0.001"/>
  <testcase name="[383] -25.831853071795337" classname="MockTest" time="0.001"/>
  <testcase name="[384] -25.731853071795335" classname="MockTest" time="0.001"/>
  <testcase name="[385] -25.631853071795334" classname="MockTest" time="0.002"/>
  <testcase name="[386] -25.531853071795332" classname="MockTest" time="0.001"/>
  <testcase name="[387] -25.43185307179533" classname="MockTest" time="0.001"/>
  <testcase name="[388] -25.33185307179533" classname="MockTest" time="0.001"/>
  <testcase name="[389] -25.231853071795328" classname="MockTest" time="0.0"/>
  <testcase name="[390] -25.131853071795327" classname="MockTest" time="0.001"/>
  <testcase name="[391] -25.031853071795325" classname="MockTest" time="0.001"/>
  <testcase name="[392] -24.931853071795324" classname="MockTest" time="0.001"/>
  <testcase name="[393] -24.831853071795322" classname="MockTest" time="0.001"/>
  <testcase name="[394] -24.73185307179532" classname="MockTest" time="0.001"/>
  <testcase name="[395] -24.63185307179532" classname="MockTest" time="0.001"/>
  <testcase name="[396] -24.531853071795318" classname="MockTest" time="0.0"/>
  <testcase name="[397] -24.504422698000386" classname="MockTest" time="0.0"/>
  <testcase name="[398] -24.431853071795317" classname="MockTest" time="0.0"/>
  <testcase name="[399] -24.331853071795315" classname="MockTest" time="0.001"/>
  <testcase name="[400] -24.231853071795314" classname="MockTest" time="0.001"/>
  <testcase name="[401] -24.131853071795312" classname="MockTest" time="0.001"/>
  <testcase name="[402] -24.03185307179531" classname="MockTest" time="0.001"/>
  <testcase name="[403] -23.93185307179531" classname="MockTest" time="0.001"/>
  <testcase name="[404] -23.831853071795308" classname="MockTest" time="0.001"/>
  <testcase name="[405] -23.731853071795307" classname="MockTest" time="0.0"/>
  <testcase name="[406] -23.631853071795305" classname="MockTest" time="0.001"/>
  <testcase name="[407] -23.531853071795304" classname="MockTest" time="0.001"/>
  <testcase name="[408] -23.431853071795302" classname="MockTest" time="0.001"/>
  <testcase name="[409] -23.3318530717953" classname="MockTest" time="0.001"/>
  <testcase name="[410] -23.2318530717953" classname="MockTest" time="0.001"/>
  <testcase name="[411] -23.131853071795298" classname="MockTest" time="0.001"/>
  <testcase name="[412] -23.031853071795297" classname="MockTest" time="0.001"/>
  <testcase name="[413] -22.931853071795295" classname="MockTest" time="0.001"/>
  <testcase name="[414] -22.831853071795294" classname="MockTest" time="0.001"/>
  <testcase name="[415] -22.731853071795292" classname="MockTest" time="0.0"/>
  <testcase name="[416] -22.63185307179529" classname="MockTest" time="0.001"/>
  <testcase name="[417] -22.53185307179529" classname="MockTest" time="0.001"/>
  <testcase name="[418] -22.431853071795288" classname="MockTest" time="0.001"/>
  <testcase name="[419] -22.331853071795287" classname="MockTest" time="0.001"/>
  <testcase name="[420] -22.231853071795285" classname="MockTest" time="0.001"/>
  <testcase name="[421] -22.131853071795284" classname="MockTest" time="0.001"/>
  <testcase name="[422] -22.031853071795283" classname="MockTest" time="0.001"/>
  <testcase name="[423] -21.93185307179528" classname="MockTest" time="0.0"/>
  <testcase name="[424] -21.83185307179528" classname="MockTest" time="0.001"/>
  <testcase name="[425] -21.73185307179528" classname="MockTest" time="0.0"/>
  <testcase name="[426] -21.631853071795277" classname="MockTest" time="0.001"/>
  <testcase name="[427] -21.531853071795275" classname="MockTest" time="0.0"/>
  <testcase name="[428] -21.431853071795274" classname="MockTest" time="0.001"/>
  <testcase name="[429] -21.362830044410593" classname="MockTest" time="0.001"/>
  <testcase name="[430] -21.331853071795273" classname="MockTest" time="0.001"/>
  <testcase name="[431] -21.23185307179527" classname="MockTest" time="0.001"/>
  <testcase name="[432] -21.13185307179527" classname="MockTest" time="0.001"/>
  <testcase name="[433] -21.03185307179527" classname="MockTest" time="0.001"/>
  <testcase name="[434] -20.931853071795267" classname="MockTest" time="0.0"/>
  <testcase name="[435] -20.831853071795265" classname="MockTest" time="0.001"/>
  <testcase name="[436] -20.731853071795264" classname="MockTest" time="0.001"/>
  <testcase name="[437] -20.631853071795263" classname="MockTest" time="0.001"/>
  <testcase name="[438] -20.53185307179526" classname="MockTest" time="0.001"/>
  <testcase name="[439] -20.43185307179526" classname="MockTest" time="0.001"/>
  <testcase name="[440] -20.33185307179526" classname="MockTest" time="0.001"/>
  <testcase name="[441] -20.231853071795257" classname="MockTest" time="0.001"/>
  <testcase name="[442] -20.131853071795256" classname="MockTest" time="0.001"/>
  <testcase name="[443] -20.031853071795254" classname="MockTest" time="0.001"/>
  <testcase name="[444] -19.931853071795253" classname="MockTest" time="0.001"/>
  <testcase name="[445] -19.83185307179525" classname="MockTest" time="0.001"/>
  <testcase name="[446] -19.73185307179525" classname="MockTest" time="0.001"/>
  <testcase name="[447] -19.63185307179525" classname="MockTest" time="0.0"/>
  <testcase name="[448] -19.531853071795247" classname="MockTest" time="0.001"/>
  <testcase name="[449] -19.431853071795246" classname="MockTest" time="0.0"/>
  <testcase name="[450] -19.331853071795244" classname="MockTest" time="0.001"/>
  <testcase name="[451] -19.231853071795243" classname="MockTest" time="0.001"/>
  <testcase name="[452] -19.13185307179524" classname="MockTest" time="0.001"/>
  <testcase name="[453] -19.03185307179524" classname="MockTest" time="0.001"/>
  <testcase name="[454] -18.93185307179524" classname="MockTest" time="0.001"/>
  <testcase name="[455] -18.831853071795237" classname="MockTest" time="0.001"/>
  <testcase name="[456] -18.731853071795236" classname="MockTest" time="0.0"/>
  <testcase name="[457] -18.631853071795234" classname="MockTest" time="0.001"/>
  <testcase name="[458] -18.531853071795233" classname="MockTest" time="0.001"/>
  <testcase name="[459] -18.43185307179523" classname="MockTest" time="0.001"/>
  <testcase name="[460] -18.33185307179523" classname="MockTest" time="0.0"/>
  <testcase name="[461] -18.23185307179523" classname="MockTest" time="0.001"/>
  <testcase name="[462] -18.2212373908208" classname="MockTest" time="0.001"/>
  <testcase name="[463] -18.131853071795227" classname="MockTest" time="0.001"/>
  <testcase name="[464] -18.031853071795226" classname="MockTest" time="0.001"/>
  <testcase name="[465] -17.931853071795224" classname="MockTest" time="0.001"/>
  <testcase name="[466] -17.831853071795223" classname="MockTest" time="0.001"/>
  <testcase name="[467] -17.73185307179522" classname="MockTest" time="0.001"/>
  <testcase name="[468] -17.63185307179522" classname="MockTest" time="0.0"/>
  <testcase name="[469] -17.53185307179522" classname="MockTest" time="0.001"/>
  <testcase name="[470] -17.431853071795217" classname="MockTest" time="0.001"/>
  <testcase name="[471] -17.331853071795216" classname="MockTest" time="0.001"/>
  <testcase name="[472] -17.231853071795214" classname="MockTest" time="0.0"/>
  <testcase name="[473] -17.131853071795213" classname="MockTest" time="0.001"/>
  <testcase name="[474] -17.03185307179521" classname="MockTest" time="0.001"/>
  <testcase name="[475] -16.93185307179521" classname="MockTest" time="0.001"/>
  <testcase name="[476] -16.83185307179521" classname="MockTest" time="0.001"/>
  <testcase name="[477] -16.731853071795207" classname="MockTest" time="0.001"/>
  <testcase name="[478] -16.631853071795206" classname="MockTest" time="0.001"/>
  <testcase name="[479] -16.531853071795204" classname="MockTest" time="0.001"/>
  <testcase name="[480] -16.431853071795203" classname="MockTest" time="0.001"/>
  <testcase name="[481] -16.3318530717952" classname="MockTest" time="0.001"/>
  <testcase name="[482] -16.2318530717952" classname="MockTest" time="0.001"/>
  <testcase name="[483] -16.1318530717952" classname="MockTest" time="0.001"/>
  <testcase name="[484] -16.031853071795197" classname="MockTest" time="0.001"/>
  <testcase name="[485] -15.931853071795198" classname="MockTest" time="0.001"/>
  <testcase name="[486] -15.831853071795198" classname="MockTest" time="0.001"/>
  <testcase name="[487] -15.731853071795198" classname="MockTest" time="0.0"/>
  <testcase name="[488] -15.631853071795199" classname="MockTest" time="0.001"/>
  <testcase name="[489] -15.531853071795199" classname="MockTest" time="0.0"/>
  <testcase name="[490] -15.4318530717952" classname="MockTest" time="0.0"/>
  <testcase name="[491] -15.3318530717952" classname="MockTest" time="0.0"/>
  <testcase name="[492] -15.2318530717952" classname="MockTest" time="0.0"/>
  <testcase name="[493] -15.1318530717952" classname="MockTest" time="0.001"/>
  <testcase name="[494] -15.079644737231007" classname="MockTest" time="0.001"/>
  <testcase name="[495] -15.0318530717952" classname="MockTest" time="0.0"/>
  <testcase name="[496] -14.931853071795201" classname="MockTest" time="0.0"/>
  <testcase name="[497] -14.831853071795202" classname="MockTest" time="0.001"/>
  <testcase name="[498] -14.731853071795202" classname="MockTest" time="0.001"/>
  <testcase name="[499] -14.631853071795202" classname="MockTest" time="0.001"/>
  <testcase name="[500] -14.531853071795203" classname="MockTest" time="0.001"/>
  <testcase name="[501] -14.431853071795203" classname="MockTest" time="0.001"/>
  <testcase name="[502] -14.331853071795203" classname="MockTest" time="0.001"/>
  <testcase name="[503] -14.231853071795204" classname="MockTest" time="0.001"/>
  <testcase name="[504] -14.131853071795204" classname="MockTest" time="0.001"/>
  <testcase name="[505] -14.031853071795204" classname="MockTest" time="0.001"/>
  <testcase name="[506] -13.931853071795205" classname="MockTest" time="0.001"/>
  <testcase name="[507] -13.831853071795205" classname="MockTest" time="0.0"/>
  <testcase name="[508] -13.731853071795205" classname="MockTest" time="0.0"/>
  <testcase name="[509] -13.631853071795206" classname="MockTest" time="0.001"/>
  <testcase name="[510] -13.531853071795206" classname="MockTest" time="0.001"/>
  <testcase name="[511] -13.431853071795206" classname="MockTest" time="0.001"/>
  <testcase name="[512] -13.331853071795207" classname="MockTest" time="0.001"/>
  <testcase name="[513] -13.231853071795207" classname="MockTest" time="0.0"/>
  <testcase name="[514] -13.131853071795208" classname="MockTest" time="0.0"/>
  <testcase name="[515] -13.031853071795208" classname="MockTest" time="0.0"/>
  <testcase name="[516] -12.931853071795208" classname="MockTest" time="0.0"/>
  <testcase name="[517] -12.831853071795209" classname="MockTest" time="0.0"/>
  <testcase name="[518] -12.731853071795209" classname="MockTest" time="0.0"/>
  <testcase name="[519] -12.63185307179521" classname="MockTest" time="0.001"/>
  <testcase name="[520] -12.53185307179521" classname="MockTest" time="0.001"/>
  <testcase name="[521] -12.43185307179521" classname="MockTest" time="0.001"/>
  <testcase name="[522] -12.33185307179521" classname="MockTest" time="0.001"/>
  <testcase name="[523] -12.23185307179521" classname="MockTest" time="0.001"/>
  <testcase name="[524] -12.131853071795211" classname="MockTest" time="0.001"/>
  <testcase name="[525] -12.031853071795211" classname="MockTest" time="0.001"/>
  <testcase name="[526] -11.938052083641214" classname="MockTest" time="0.001"/>
  <testcase name="[527] -11.931853071795212" classname="MockTest" time="0.001"/>
  <testcase name="[528] -11.831853071795212" classname="MockTest" time="0.001"/>
  <testcase name="[529] -11.731853071795213" classname="MockTest" time="0.001"/>
  <testcase name="[530] -11.631853071795213" classname="MockTest" time="0.001"/>
  <testcase name="[531] -11.531853071795213" classname="MockTest" time="0.001"/>
  <testcase name="[532] -11.431853071795214" classname="MockTest" time="0.001"/>
  <testcase name="[533] -11.331853071795214" classname="MockTest" time="0.001"/>
  <testcase name="[534] -11.231853071795214" classname="MockTest" time="0.001"/>
  <testcase name="[535] -11.131853071795215" classname="MockTest" time="0.001"/>
  <testcase name="[536] -11.031853071795215" classname="MockTest" time="0.001"/>
  <testcase name="[537] -10.931853071795215" classname="MockTest" time="0.001"/>
  <testcase name="[538] -10.831853071795216" classname="MockTest" time="0.001"/>
  <testcase name="[539] -10.731853071795216" classname="MockTest" time="0.001"/>
  <testcase name="[540] -10.631853071795216" classname="MockTest" time="0.001"/>
  <testcase name="[541] -10.531853071795217" classname="MockTest" time="0.001"/>
  <testcase name="[542] -10.431853071795217" classname="MockTest" time="0.0"/>
  <testcase name="[543] -10.331853071795218" classname="MockTest" time="0.001"/>
  <testcase name="[544] -10.231853071795218" classname="MockTest" time="0.001"/>
  <testcase name="[545] -10.131853071795218" classname="MockTest" time="0.001"/>
  <testcase name="[546] -10.031853071795219" classname="MockTest" time="0.0"/>
  <testcase name="[547] -9.931853071795219" classname="MockTest" time="0.001"/>
  <testcase name="[548] -9.83185307179522" classname="MockTest" time="0.0"/>
  <testcase name="[549] -9.73185307179522" classname="MockTest" time="0.001"/>
  <testcase name="[550] -9.63185307179522" classname="MockTest" time="0.001"/>
  <testcase name="[551] -9.53185307179522" classname="MockTest" time="0.001"/>
  <testcase name="[552] -9.43185307179522" classname="MockTest" time="0.0"/>
  <testcase name="[553] -9.331853071795221" classname="MockTest" time="0.001"/>
  <testcase name="[554] -9.231853071795221" classname="MockTest" time="0.001"/>
  <testcase name="[555] -9.131853071795222" classname="MockTest" time="0.0"/>
  <testcase name="[556] -9.031853071795222" classname="MockTest" time="0.0"/>
  <testcase name="[557] -8.931853071795222" classname="MockTest" time="0.0"/>
  <testcase name="[558] -8.831853071795223" classname="MockTest" time="0.0"/>
  <testcase name="[559] -8.79645943005142" classname="MockTest" time="0.0"/>
  <testcase name="[560] -8.731853071795223" classname="MockTest" time="0.0"/>
  <testcase name="[561] -8.631853071795224" classname="MockTest" time="0.001"/>
  <testcase name="[562] -8.531853071795224" classname="MockTest" time="0.001"/>
  <testcase name="[563] -8.431853071795224" classname="MockTest" time="0.0"/>
  <testcase name="[564] -8.331853071795225" classname="MockTest" time="0.001"/>
  <testcase name="[565] -8.231853071795225" classname="MockTest" time="0.001"/>
  <testcase name="[566] -8.131853071795225" classname="MockTest" time="0.001"/>
  <testcase name="[567] -8.031853071795226" classname="MockTest" time="0.001"/>
  <testcase name="[568] -7.931853071795226" classname="MockTest" time="0.001"/>
  <testcase name="[569] -7.831853071795226" classname="MockTest" time="0.001"/>
  <testcase name="[570] -7.731853071795227" classname="MockTest" time="0.0"/>
  <testcase name="[571] -7.631853071795227" classname="MockTest" time="0.0"/>
  <testcase name="[572] -7.5318530717952275" classname="MockTest" time="0.001"/>
  <testcase name="[573] -7.431853071795228" classname="MockTest" time="0.001"/>
  <testcase name="[574] -7.331853071795228" classname="MockTest" time="0.001"/>
  <testcase name="[575] -7.2318530717952285" classname="MockTest" time="0.001"/>
  <testcase name="[576] -7.131853071795229" classname="MockTest" time="0.001"/>
  <testcase name="[577] -7.031853071795229" classname="MockTest" time="0.0"/>
  <testcase name="[578] -6.93185307179523" classname="MockTest" time="0.001"/>
  <testcase name="[579] -6.83185307179523" classname="MockTest" time="0.001"/>
  <testcase name="[580] -6.73185307179523" classname="MockTest" time="0.001"/>
  <testcase name="[581] -6.631853071795231" classname="MockTest" time="0.001"/>
  <testcase name="[582] -6.531853071795231" classname="MockTest" time="0.001"/>
  <testcase name="[583] -6.431853071795231" classname="MockTest" time="0.001"/>
  <testcase name="[584] -6.331853071795232" classname="MockTest" time="0.001"/>
  <testcase name="[585] -6.283185307179586" classname="MockTest" time="0.001"/>
  <testcase name="[586] -6.183185307179587" classname="MockTest" time="0.001"/>
  <testcase name="[587] -6.083185307179587" classname="MockTest" time="0.004"/>
  <testcase name="[588] -5.983185307179587" classname="MockTest" time="0.001"/>
  <testcase name="[589] -5.883185307179588" classname="MockTest" time="0.0"/>
  <testcase name="[590] -5.783185307179588" classname="MockTest" time="0.0"/>
  <testcase name="[591] -5.683185307179588" classname="MockTest" time="0.0"/>
  <testcase name="[592] -5.654866776461628" classname="MockTest" time="0.001"/>
  <testcase name="[593] -5.583185307179589" classname="MockTest" time="0.001"/>
  <testcase name="[594] -5.483185307179589" classname="MockTest" time="0.001"/>
  <testcase name="[595] -5.383185307179589" classname="MockTest" time="0.0"/>
  <testcase name="[596] -5.28318530717959" classname="MockTest" time="0.0"/>
  <testcase name="[597] -5.18318530717959" classname="MockTest" time="0.0"/>
  <testcase name="[598] -5.0831853071795905" classname="MockTest" time="0.001"/>
  <testcase name="[599] -4.983185307179591" classname="MockTest" time="0.001"/>
  <testcase name="[600] -4.883185307179591" classname="MockTest" time="0.001"/>
  <testcase name="[601] -4.783185307179592" classname="MockTest" time="0.001"/>
  <testcase name="[602] -4.683185307179592" classname="MockTest" time="0.0"/>
  <testcase name="[603] -4.583185307179592" classname="MockTest" time="0.001"/>
  <testcase name="[604] -4.483185307179593" classname="MockTest" time="0.001"/>
  <testcase name="[605] -4.383185307179593" classname="MockTest" time="0.001"/>
  <testcase name="[606] -4.283185307179593" classname="MockTest" time="0.001"/>
  <testcase name="[607] -4.183185307179594" classname="MockTest" time="0.001"/>
  <testcase name="[608] -4.083185307179594" classname="MockTest" time="0.001"/>
  <testcase name="[609] -3.983185307179594" classname="MockTest" time="0.001"/>
  <testcase name="[610] -3.883185307179594" classname="MockTest" time="0.001"/>
  <testcase name="[611] -3.783185307179594" classname="MockTest" time="0.001"/>
  <testcase name="[612] -3.6831853071795937" classname="MockTest" time="0.001"/>
  <testcase name="[613] -3.5831853071795936" classname="MockTest" time="0.001"/>
  <testcase name="[614] -3.4831853071795935" classname="MockTest" time="0.001"/>
  <testcase name="[615] -3.3831853071795934" classname="MockTest" time="0.001"/>
  <testcase name="[616] -3.2831853071795933" classname="MockTest" time="0.001"/>
  <testcase name="[617] -3.1831853071795932" classname="MockTest" time="0.0"/>
  <testcase name="[618] -3.083185307179593" classname="MockTest" time="0.0"/>
  <testcase name="[619] -2.983185307179593" classname="MockTest" time="0.0"/>
  <testcase name="[620] -2.883185307179593" classname="MockTest" time="0.0"/>
  <testcase name="[621] -2.783185307179593" classname="MockTest" time="0.001"/>
  <testcase name="[622] -2.683185307179593" classname="MockTest" time="0.001"/>
  <testcase name="[623] -2.5831853071795927" classname="MockTest" time="0.001"/>
  <testcase name="[624] -2.5132741228718345" classname="MockTest" time="0.001"/>
  <testcase name="[625] -2.4831853071795926" classname="MockTest" time="0.001"/>
  <testcase name="[626] -2.3831853071795925" classname="MockTest" time="0.001"/>
  <testcase name="[627] -2.2831853071795924" classname="MockTest" time="0.001"/>
  <testcase name="[628] -2.1831853071795924" classname="MockTest" time="0.0"/>
  <testcase name="[629] -2.0831853071795923" classname="MockTest" time="0.0"/>
  <testcase name="[630] -1.9831853071795922" classname="MockTest" time="0.0"/>
  <testcase name="[631] -1.883185307179592" classname="MockTest" time="0.001"/>
  <testcase name="[632] -1.783185307179592" classname="MockTest" time="0.0"/>
  <testcase name="[633] -1.683185307179592" classname="MockTest" time="0.0"/>
  <testcase name="[634] -1.5831853071795918" classname="MockTest" time="0.0"/>
  <testcase name="[635] -1.4831853071795917" classname="MockTest" time="0.0"/>
  <testcase name="[636] -1.3831853071795916" classname="MockTest" time="0.0"/>
  <testcase name="[637] -1.2831853071795916" classname="MockTest" time="0.001"/>
  <testcase name="[638] -1.1831853071795915" classname="MockTest" time="0.001"/>
  <testcase name="[639] -1.0831853071795914" classname="MockTest" time="0.001"/>
  <testcase name="[640] -0.9831853071795914" classname="MockTest" time="0.001"/>
  <testcase name="[641] -0.8831853071795914" classname="MockTest" time="0.001"/>
  <testcase name="[642] -0.7831853071795915" classname="MockTest" time="0.0"/>
  <testcase name="[643] -0.6831853071795915" classname="MockTest" time="0.001"/>
  <testcase name="[644] -0.5831853071795915" classname="MockTest" time="0.001"/>
  <testcase name="[645] -0.4831853071795915" classname="MockTest" time="0.001"/>
  <testcase name="[646] -0.38318530717959154" classname="MockTest" time="0.001"/>
  <testcase name="[647] -0.28318530717959156" classname="MockTest" time="0.001"/>
  <testcase name="[648] -0.18318530717959156" classname="MockTest" time="0.001"/>
  <testcase name="[649] -0.08318530717959155" classname="MockTest" time="0.0"/>
  <testcase name="[650] 0.0" classname="MockTest" time="0.001"/>
  <testcase name="[651] 0.016814692820408456" classname="MockTest" time="0.01"/>
  <testcase name="[652] 0.1" classname="MockTest" time="0.008"/>
  <testcase name="[653] 0.11681469282040846" classname="MockTest" time="0.009"/>
  <testcase name="[654] 0.2" classname="MockTest" time="0.011"/>
  <testcase name="[655] 0.21681469282040847" classname="MockTest" time="0.007"/>
  <testcase name="[656] 0.31681469282040847" classname="MockTest" time="0.007"/>
  <testcase name="[657] 0.4168146928204085" classname="MockTest" time="0.007"/>
  <testcase name="[658] 0.5" classname="MockTest" time="0.007"/>
  <testcase name="[659] 0.5168146928204085" classname="MockTest" time="0.007"/>
  <testcase name="[660] 0.5235987755982988" classname="MockTest" time="0.007"/>
  <testcase name="[661] 0.6168146928204085" classname="MockTest" time="0.006"/>
  <testcase name="[662] 0.7168146928204084" classname="MockTest" time="0.007"/>
  <testcase name="[663] 0.7853981633974483" classname="MockTest" time="0.007"/>
  <testcase name="[664] 0.8168146928204084" classname="MockTest" time="0.006"/>
  <testcase name="[665] 0.9168146928204084" classname="MockTest" time="0.007"/>
  <testcase name="[666] 1.0" classname="MockTest" time="0.0"/>
  <testcase name="[667] 1.0168146928204085" classname="MockTest" time="0.01"/>
  <testcase name="[668] 1.0471975511965976" classname="MockTest" time="0.007"/>
  <testcase name="[669] 1.1168146928204086" classname="MockTest" time="0.007"/>
  <testcase name="[670] 1.2168146928204087" classname="MockTest" time="0.007"/>
  <testcase name="[671] 1.3168146928204087" classname="MockTest" time="0.007"/>
  <testcase name="[672] 1.4168146928204088" classname="MockTest" time="0.007"/>
  <testcase name="[673] 1.516814692820409" classname="MockTest" time="0.007"/>
  <testcase name="[674] 1.5707963267948966" classname="MockTest" time="0.007"/>
  <testcase name="[675] 1.616814692820409" classname="MockTest" time="0.007"/>
  <testcase name="[676] 1.6909125123605662" classname="MockTest" time="0.0"/>
  <testcase name="[677] 1.716814692820409" classname="MockTest" time="0.007"/>
  <testcase name="[678] 1.8168146928204092" classname="MockTest" time="0.007"/>
  <testcase name="[679] 1.9168146928204093" classname="MockTest" time="0.007"/>
  <testcase name="[680] 2.0" classname="MockTest" time="0.008"/>
  <testcase name="[681] 2.016814692820409" classname="MockTest" time="0.012"/>
  <testcase name="[682] 2.0943951023931953" classname="MockTest" time="0.011"/>
  <testcase name="[683] 2.1168146928204092" classname="MockTest" time="0.009"/>
  <testcase name="[684] 2.2168146928204093" classname="MockTest" time="0.008"/>
  <testcase name="[685] 2.3168146928204094" classname="MockTest" time="0.008"/>
  <testcase name="[686] 2.356194490192345" classname="MockTest" time="0.009"/>
  <testcase name="[687] 2.4168146928204095" classname="MockTest" time="0.009"/>
  <testcase name="[688] 2.5168146928204096" classname="MockTest" time="0.008"/>
  <testcase name="[689] 2.6168146928204097" classname="MockTest" time="0.008"/>
  <testcase name="[690] 2.6179938779914944" classname="MockTest" time="0.008"/>
  <testcase name="[691] 2.7168146928204098" classname="MockTest" time="0.009"/>
  <testcase name="[692] 2.718281828459045" classname="MockTest" time="0.011"/>
  <testcase name="[693] 2.81681469282041" classname="MockTest" time="0.008"/>
  <testcase name="[694] 2.91681469282041" classname="MockTest" time="0.008"/>
  <testcase name="[695] 3.0" classname="MockTest" time="0.01"/>
  <testcase name="[696] 3.01681469282041" classname="MockTest" time="0.01"/>
  <testcase name="[697] 3.11681469282041" classname="MockTest" time="0.011"/>
  <testcase name="[698] 3.141592653589793" classname="MockTest" time="0.013"/>
  <testcase name="[699] 3.21681469282041" classname="MockTest" time="0.009"/>
  <testcase name="[700] 3.3168146928204103" classname="MockTest" time="0.01"/>
  <testcase name="[701] 3.4168146928204104" classname="MockTest" time="0.009"/>
  <testcase name="[702] 3.5168146928204105" classname="MockTest" time="0.013"/>
  <testcase name="[703] 3.6168146928204106" classname="MockTest" time="0.01"/>
  <testcase name="[704] 3.665191429188092" classname="MockTest" time="0.011"/>
  <testcase name="[705] 3.7168146928204107" classname="MockTest" time="0.011"/>
  <testcase name="[706] 3.8168146928204107" classname="MockTest" time="0.01"/>
  <testcase name="[707] 3.916814692820411" classname="MockTest" time="0.01"/>
  <testcase name="[708] 3.9269908169872414" classname="MockTest" time="0.01"/>
  <testcase name="[709] 4.0" classname="MockTest" time="0.011"/>
  <testcase name="[710] 4.0" classname="MockTest" time="0.011"/>
  <testcase name="[711] 4.016814692820411" classname="MockTest" time="0.01"/>
  <testcase name="[712] 4.116814692820411" classname="MockTest" time="0.014"/>
  <testcase name="[713] 4.1887902047863905" classname="MockTest" time="0.01"/>
  <testcase name="[714] 4.21681469282041" classname="MockTest" time="0.01"/>
  <testcase name="[715] 4.31681469282041" classname="MockTest" time="0.01"/>
  <testcase name="[716] 4.4168146928204095" classname="MockTest" time="0.01"/>
  <testcase name="[717] 4.516814692820409" classname="MockTest" time="0.011"/>
  <testcase name="[718] 4.616814692820409" classname="MockTest" time="0.012"/>
  <testcase name="[719] 4.71238898038469" classname="MockTest" time="0.011"/>
  <testcase name="[720] 4.716814692820408" classname="MockTest" time="0.011"/>
  <testcase name="[721] 4.816814692820408" classname="MockTest" time="0.011"/>
  <testcase name="[722] 4.916814692820408" classname="MockTest" time="0.012"/>
  <testcase name="[723] 5.0" classname="MockTest" time="0.011"/>
  <testcase name="[724] 5.0" classname="MockTest" time="0.011"/>
  <testcase name="[725] 5.016814692820407" classname="MockTest" time="0.011"/>
  <testcase name="[726] 5.116814692820407" classname="MockTest" time="0.011"/>
  <testcase name="[727] 5.216814692820407" classname="MockTest" time="0.011"/>
  <testcase name="[728] 5.235987755982989" classname="MockTest" time="0.011"/>
  <testcase name="[729] 5.316814692820406" classname="MockTest" time="0.011"/>
  <testcase name="[730] 5.416814692820406" classname="MockTest" time="0.012"/>
  <testcase name="[731] 5.497787143782138" classname="MockTest" time="0.013"/>
  <testcase name="[732] 5.516814692820406" classname="MockTest" time="0.012"/>
  <testcase name="[733] 5.616814692820405" classname="MockTest" time="0.012"/>
  <testcase name="[734] 5.716814692820405" classname="MockTest" time="0.011"/>
  <testcase name="[735] 5.759586531581287" classname="MockTest" time="0.012"/>
  <testcase name="[736] 5.8168146928204045" classname="MockTest" time="0.012"/>
  <testcase name="[737] 5.916814692820404" classname="MockTest" time="0.011"/>
  <testcase name="[738] 6.0" classname="MockTest" time="0.011"/>
  <testcase name="[739] 6.016814692820404" classname="MockTest" time="0.012"/>
  <testcase name="[740] 6.1168146928204035" classname="MockTest" time="0.011"/>
  <testcase name="[741] 6.216814692820403" classname="MockTest" time="0.011"/>
  <testcase name="[742] 6.283185307179586" classname="MockTest" time="0.012"/>
  <testcase name="[743] 7.0" classname="MockTest" time="0.013"/>
  <testcase name="[744] 8.0" classname="MockTest" time="0.013"/>
  <testcase name="[745] 8.0" classname="MockTest" time="0.014"/>
  <testcase name="[746] 9.0" classname="MockTest" time="0.014"/>
  <testcase name="[747] 9.0" classname="MockTest" time="0.013"/>
  <testcase name="[748] 10.0" classname="MockTest" time="0.014"/>
  <testcase name="[749] 10.0" classname="MockTest" time="0.014"/>
  <testcase name="[750] 11.0" classname="MockTest" time="0.014"/>
  <testcase name="[751] 12.0" classname="MockTest" time="0.014"/>
  <testcase name="[752] 13.0" classname="MockTest" time="0.014"/>
  <testcase name="[753] 14.0" classname="MockTest" time="0.014"/>
  <testcase name="[754] 15.0" classname="MockTest" time="0.015"/>
  <testcase name="[755] 16.0" classname="MockTest" time="0.016"/>
  <testcase name="[756] 16.0" classname="MockTest" time="0.016"/>
  <testcase name="[757] 17.0" classname="MockTest" time="0.016"/>
  <testcase name="[758] 18.0" classname="MockTest" time="0.016"/>
  <testcase name="[759] 19.0" classname="MockTest" time="0.016"/>
  <testcase name="[760] 20.0" classname="MockTest" time="0.017"/>
  <testcase name="[761] 21.0" classname="MockTest" time="0.017"/>
  <testcase name="[762] 22.0" classname="MockTest" time="0.017"/>
  <testcase name="[763] 23.0" classname="MockTest" time="0.02"/>
  <testcase name="[764] 24.0" classname="MockTest" time="0.017"/>
  <testcase name="[765] 25.0" classname="MockTest" time="0.018"/>
  <testcase name="[766] 25.0" classname="MockTest" time="0.018"/>
  <testcase name="[767] 26.0" classname="MockTest" time="0.018"/>
  <testcase name="[768] 27.0" classname="MockTest" time="0.018"/>
  <testcase name="[769] 27.0" classname="MockTest" time="0.017"/>
  <testcase name="[770] 28.0" classname="MockTest" time="0.018"/>
  <testcase name="[771] 29.0" classname="MockTest" time="0.018"/>
  <testcase name="[772] 30.0" classname="MockTest" time="0.018"/>
  <testcase name="[773] 31.0" classname="MockTest" time="0.018"/>
  <testcase name="[774] 32.0" classname="MockTest" time="0.019"/>
  <testcase name="[775] 32.0" classname="MockTest" time="0.018"/>
  <testcase name="[776] 33.0" classname="MockTest" time="0.018"/>
  <testcase name="[777] 34.0" classname="MockTest" time="0.019"/>
  <testcase name="[778] 35.0" classname="MockTest" time="0.019"/>
  <testcase name="[779] 36.0" classname="MockTest" time="0.019"/>
  <testcase name="[780] 37.0" classname="MockTest" time="0.021"/>
  <testcase name="[781] 38.0" classname="MockTest" time="0.02"/>
  <testcase name="[782] 39.0" classname="MockTest" time="0.02"/>
  <testcase name="[783] 40.0" classname="MockTest" time="0.02"/>
  <testcase name="[784] 41.0" classname="MockTest" time="0.02"/>
  <testcase name="[785] 42.0" classname="MockTest" time="0.019"/>
  <testcase name="[786] 43.0" classname="MockTest" time="0.02"/>
  <testcase name="[787] 44.0" classname="MockTest" time="0.019"/>
  <testcase name="[788] 45.0" classname="MockTest" time="0.019"/>
  <testcase name="[789] 46.0" classname="MockTest" time="0.02"/>
  <testcase name="[790] 47.0" classname="MockTest" time="0.02"/>
  <testcase name="[791] 48.0" classname="MockTest" time="0.02"/>
  <testcase name="[792] 49.0" classname="MockTest" time="0.02"/>
  <testcase name="[793] 50.0" classname="MockTest" time="0.021"/>
  <testcase name="[794] 51.0" classname="MockTest" time="0.02"/>
  <testcase name="[795] 52.0" classname="MockTest" time="0.021"/>
  <testcase name="[796] 53.0" classname="MockTest" time="0.022"/>
  <testcase name="[797] 54.0" classname="MockTest" time="0.021"/>
  <testcase name="[798] 55.0" classname="MockTest" time="0.021"/>
  <testcase name="[799] 56.0" classname="MockTest" time="0.021"/>
  <testcase name="[800] 57.0" classname="MockTest" time="0.021"/>
  <testcase name="[801] 58.0" classname="MockTest" time="0.021"/>
  <testcase name="[802] 59.0" classname="MockTest" time="0.021"/>
  <testcase name="[803] 60.0" classname="MockTest" time="0.021"/>
  <testcase name="[804] 61.0" classname="MockTest" time="0.021"/>
  <testcase name="[805] 62.0" classname="MockTest" time="0.021"/>
  <testcase name="[806] 63.0" classname="MockTest" time="0.021"/>
  <testcase name="[807] 64.0" classname="MockTest" time="0.021"/>
  <testcase name="[808] 64.0" classname="MockTest" time="0.021"/>
  <testcase name="[809] 65.0" classname="MockTest" time="0.021"/>
  <testcase name="[810] 66.0" classname="MockTest" time="0.021"/>
  <testcase name="[811] 67.0" classname="MockTest" time="0.021"/>
  <testcase name="[812] 68.0" classname="MockTest" time="0.022"/>
  <testcase name="[813] 69.0" classname="MockTest" time="0.021"/>
  <testcase name="[814] 70.0" classname="MockTest" time="0.021"/>
  <testcase name="[815] 71.0" classname="MockTest" time="0.021"/>
  <testcase name="[816] 72.0" classname="MockTest" time="0.021"/>
  <testcase name="[817] 73.0" classname="MockTest" time="0.021"/>
  <testcase name="[818] 74.0" classname="MockTest" time="0.021"/>
  <testcase name="[819] 75.0" classname="MockTest" time="0.022"/>
  <testcase name="[820] 76.0" classname="MockTest" time="0.023"/>
  <testcase name="[821] 77.0" classname="MockTest" time="0.023"/>
  <testcase name="[822] 78.0" classname="MockTest" time="0.023"/>
  <testcase name="[823] 79.0" classname="MockTest" time="0.023"/>
  <testcase name="[824] 80.0" classname="MockTest" time="0.023"/>
  <testcase name="[825] 81.0" classname="MockTest" time="0.023"/>
  <testcase name="[826] 81.0" classname="MockTest" time="0.022"/>
  <testcase name="[827] 82.0" classname="MockTest" time="0.022"/>
  <testcase name="[828] 83.0" classname="MockTest" time="0.023"/>
  <testcase name="[829] 84.0" classname="MockTest" time="0.023"/>
  <testcase name="[830] 85.0" classname="MockTest" time="0.024"/>
  <testcase name="[831] 86.0" classname="MockTest" time="0.023"/>
  <testcase name="[832] 87.0" classname="MockTest" time="0.023"/>
  <testcase name="[833] 88.0" classname="MockTest" time="0.023"/>
  <testcase name="[834] 89.0" classname="MockTest" time="0.025"/>
  <testcase name="[835] 90.0" classname="MockTest" time="0.023"/>
  <testcase name="[836] 91.0" classname="MockTest" time="0.023"/>
  <testcase name="[837] 92.0" classname="MockTest" time="0.024"/>
  <testcase name="[838] 93.0" classname="MockTest" time="0.023"/>
  <testcase name="[839] 94.0" classname="MockTest" time="0.023"/>
  <testcase name="[840] 95.0" classname="MockTest" time="0.023"/>
  <testcase name="[841] 96.0" classname="MockTest" time="0.023"/>
  <testcase name="[842] 97.0" classname="MockTest" time="0.023"/>
  <testcase name="[843] 98.0" classname="MockTest" time="0.023"/>
  <testcase name="[844] 99.0" classname="MockTest" time="0.022"/>
  <testcase name="[845] 125.0" classname="MockTest" time="0.024"/>
  <testcase name="[846] 128.0" classname="MockTest" time="0.024"/>
  <testcase name="[847] 243.0" classname="MockTest" time="0.027"/>
  <testcase name="[848] 256.0" classname="MockTest" time="0.027"/>
  <testcase name="[849] 512.0" classname="MockTest" time="0.029"/>
  <testcase name="[850] 625.0" classname="MockTest" time="0.033"/>
  <testcase name="[851] 729.0" classname="MockTest" time="0.032"/>
  <testcase name="[852] 1024.0" classname="MockTest" time="0.033"/>
  <testcase name="[853] 2187.0" classname="MockTest" time="0.037"/>
  <testcase name="[854] 3125.0" classname="MockTest" time="0.04"/>
  <testcase name="[855] 6561.0" classname="MockTest" time="0.04"/>
  <testcase name="[856] 15625.0" classname="MockTest" time="0.045"/>
  <testcase name="[857] 19683.0" classname="MockTest" time="0.045"/>
  <testcase name="[858] 59049.0" classname="MockTest" time="0.05"/>
  <testcase name="[859] 78125.0" classname="MockTest" time="0.051"/>
  <testcase name="[860] 390625.0" classname="MockTest" time="0.058"/>
  <testcase name="[861] 1953125.0" classname="MockTest" time="0.064"/>
  <testcase name="[862] 9765625.0" classname="MockTest" time="0.073"/>
  <testcase name="[1] 0.0" classname="MockTest" time="0.0"/>
  <testcase name="[2] 0.5235987755982988" classname="MockTest" time="0.0"/>
  <testcase name="[3] 0.7853981633974483" classname="MockTest" time="0.0"/>
  <testcase name="[4] 1.0471975511965976" classname="MockTest" time="0.0"/>
  <testcase name="[5] 1.5707963267948966" classname="MockTest" time="0.0"/>
  <testcase name="[6] 2.0943951023931953" classname="MockTest" time="0.001"/>
  <testcase name="[7] 2.356194490192345" classname="MockTest" time="0.0"/>
  <testcase name="[8] 2.6179938779914944" classname="MockTest" time="0.0"/>
  <testcase name="[9] 3.141592653589793" classname="MockTest" time="0.0"/>
  <testcase name="[10] 3.665191429188092" classname="MockTest" time="0.0"/>
  <testcase name="[11] 3.9269908169872414" classname="MockTest" time="0.0"/>
  <testcase name="[12] 4.1887902047863905" classname="MockTest" time="0.0"/>
  <testcase name="[13] 4.71238898038469" classname="MockTest" time="0.0"/>
  <testcase name="[14] 5.235987755982989" classname="MockTest" time="0.0"/>
  <testcase name="[15] 5.497787143782138" classname="MockTest" time="0.0"/>
  <testcase name="[16] 5.759586531581287" classname="MockTest" time="0.0"/>
  <testcase name="[17] 6.283185307179586" classname="MockTest" time="0.0"/>
  <testcase name="[18] -6.283185307179586" classname="MockTest" time="0.0"/>
  <testcase name="[19] -6.183185307179587" classname="MockTest" time="0.0"/>
  <testcase name="[20] -6.083185307179587" classname="MockTest" time="0.0"/>
  <testcase name="[21] -5.983185307179587" classname="MockTest" time="0.0"/>
  <testcase name="[22] -5.883185307179588" classname="MockTest" time="0.0"/>
  <testcase name="[23] -5.783185307179588" classname="MockTest" time="0.0"/>
  <testcase name="[24] -5.683185307179588" classname="MockTest" time="0.0"/>
  <testcase name="[25] -5.583185307179589" classname="MockTest" time="0.0"/>
  <testcase name="[26] -5.483185307179589" classname="MockTest" time="0.0"/>
  <testcase name="[27] -5.383185307179589" classname="MockTest" time="0.0"/>
  <testcase name="[28] -5.28318530717959" classname="MockTest" time="0.0"/>
  <testcase name="[29] -5.18318530717959" classname="MockTest" time="0.0"/>
  <testcase name="[30] -5.0831853071795905" classname="MockTest" time="0.0"/>
  <testcase name="[31] -4.983185307179591" classname="MockTest" time="0.0"/>
  <testcase name="[32] -4.883185307179591" classname="MockTest" time="0.0"/>
  <testcase name="[33] -4.783185307179592" classname="MockTest" time="0.0"/>
  <testcase name="[34] -4.683185307179592" classname="MockTest" time="0.001"/>
  <testcase name="[35] -4.583185307179592" classname="MockTest" time="0.0"/>
  <testcase name="[36] -4.483185307179593" classname="MockTest" time="0.0"/>
  <testcase name="[37] -4.383185307179593" classname="MockTest" time="0.0"/>
  <testcase name="[38] -4.283185307179593" classname="MockTest" time="0.0"/>
  <testcase name="[39] -4.183185307179594" classname="MockTest" time="0.0"/>
  <testcase name="[40] -4.083185307179594" classname="MockTest" time="0.0"/>
  <testcase name="[41] -3.983185307179594" classname="MockTest" time="0.0"/>
  <testcase name="[42] -3.883185307179594" classname="MockTest" time="0.0"/>
  <testcase name="[43] -3.783185307179594" classname="MockTest" time="0.0"/>
  <testcase name="[44] -3.6831853071795937" classname="MockTest" time="0.0"/>
  <testcase name="[45] -3.5831853071795936" classname="MockTest" time="0.0"/>
  <testcase name="[46] -3.4831853071795935" classname="MockTest" time="0.0"/>
  <testcase name="[47] -3.3831853071795934" classname="MockTest" time="0.0"/>
  <testcase name="[48] -3.2831853071795933" classname="MockTest" time="0.0"/>
  <testcase name="[49] -3.1831853071795932" classname="MockTest" time="0.0"/>
  <testcase name="[50] -3.083185307179593" classname="MockTest" time="0.0"/>
  <testcase name="[51] -2.983185307179593" classname="MockTest" time="0.0"/>
  <testcase name="[52] -2.883185307179593" classname="MockTest" time="0.0"/>
  <testcase name="[53] -2.783185307179593" classname="MockTest" time="0.0"/>
  <testcase name="[54] -2.683185307179593" classname="MockTest" time="0.0"/>
  <testcase name="[55] -2.5831853071795927" classname="MockTest" time="0.0"/>
  <testcase name="[56] -2.4831853071795926" classname="MockTest" time="0.0"/>
  <testcase name="[57] -2.3831853071795925" classname="MockTest" time="0.0"/>
  <testcase name="[58] -2.2831853071795924" classname="MockTest" time="0.0"/>
  <testcase name="[59] -2.1831853071795924" classname="MockTest" time="0.0"/>
  <testcase name="[60] -2.0831853071795923" classname="MockTest" time="0.0"/>
  <testcase name="[61] -1.9831853071795922" classname="MockTest" time="0.0"/>
  <testcase name="[62] -1.883185307179592" classname="MockTest" time="0.0"/>
  <testcase name="[63] -1.783185307179592" classname="MockTest" time="0.0"/>
  <testcase name="[64] -1.683185307179592" classname="MockTest" time="0.0"/>
  <testcase name="[65] -1.5831853071795918" classname="MockTest" time="0.0"/>
  <testcase name="[66] -1.4831853071795917" classname="MockTest" time="0.0"/>
  <testcase name="[67] -1.3831853071795916" classname="MockTest" time="0.0"/>
  <testcase name="[68] -1.2831853071795916" classname="MockTest" time="0.0"/>
  <testcase name="[69] -1.1831853071795915" classname="MockTest" time="0.001"/>
  <testcase name="[70] -1.0831853071795914" classname="MockTest" time="0.0"/>
  <testcase name="[71] -0.9831853071795914" classname="MockTest" time="0.0"/>
  <testcase name="[72] -0.8831853071795914" classname="MockTest" time="0.0"/>
  <testcase name="[73] -0.7831853071795915" classname="MockTest" time="0.0"/>
  <testcase name="[74] -0.6831853071795915" classname="MockTest" time="0.0"/>
  <testcase name="[75] -0.5831853071795915" classname="MockTest" time="0.0"/>
  <testcase name="[76] -0.4831853071795915" classname="MockTest" time="0.0"/>
  <testcase name="[77] -0.38318530717959154" classname="MockTest" time="0.001"/>
  <testcase name="[78] -0.28318530717959156" classname="MockTest" time="0.0"/>
  <testcase name="[79] -0.18318530717959156" classname="MockTest" time="0.0"/>
  <testcase name="[80] -0.08318530717959155" classname="MockTest" time="0.0"/>
  <testcase name="[81] 0.016814692820408456" classname="MockTest" time="0.0"/>
  <testcase name="[82] 0.11681469282040846" classname="MockTest" time="0.0"/>
  <testcase name="[83] 0.21681469282040847" classname="MockTest" time="0.0"/>
  <testcase name="[84] 0.31681469282040847" classname="MockTest" time="0.0"/>
  <testcase name="[85] 0.4168146928204085" classname="MockTest" time="0.0"/>
  <testcase name="[86] 0.5168146928204085" classname="MockTest" time="0.0"/>
  <testcase name="[87] 0.6168146928204085" classname="MockTest" time="0.0"/>
  <testcase name="[88] 0.7168146928204084" classname="MockTest" time="0.001"/>
  <testcase name="[89] 0.8168146928204084" classname="MockTest" time="0.0"/>
  <testcase name="[90] 0.9168146928204084" classname="MockTest" time="0.0"/>
  <testcase name="[91] 1.0168146928204085" classname="MockTest" time="0.0"/>
  <testcase name="[92] 1.1168146928204086" classname="MockTest" time="0.0"/>
  <testcase name="[93] 1.2168146928204087" classname="MockTest" time="0.0"/>
  <testcase name="[94] 1.3168146928204087" classname="MockTest" time="0.0"/>
  <testcase name="[95] 1.4168146928204088" classname="MockTest" time="0.0"/>
  <testcase name="[96] 1.516814692820409" classname="MockTest" time="0.0"/>
  <testcase name="[97] 1.616814692820409" classname="MockTest" time="0.0"/>
  <testcase name="[98] 1.716814692820409" classname="MockTest" time="0.0"/>
  <testcase name="[99] 1.8168146928204092" classname="MockTest" time="0.0"/>
  <testcase name="[100] 1.9168146928204093" classname="MockTest" time="0.0"/>
  <testcase name="[101] 2.016814692820409" classname="MockTest" time="0.0"/>
  <testcase name="[102] 2.1168146928204092" classname="MockTest" time="0.0"/>
  <testcase name="[103] 2.2168146928204093" classname="MockTest" time="0.0"/>
  <testcase name="[104] 2.3168146928204094" classname="MockTest" time="0.0"/>
  <testcase name="[105] 2.4168146928204095" classname="MockTest" time="0.0"/>
  <testcase name="[106] 2.5168146928204096" classname="MockTest" time="0.0"/>
  <testcase name="[107] 2.6168146928204097" classname="MockTest" time="0.0"/>
  <testcase name="[108] 2.7168146928204098" classname="MockTest" time="0.0"/>
  <testcase name="[109] 2.81681469282041" classname="MockTest" time="0.0"/>
  <testcase name="[110] 2.91681469282041" classname="MockTest" time="0.0"/>
  <testcase name="[111] 3.01681469282041" classname="MockTest" time="0.0"/>
  <testcase name="[112] 3.11681469282041" classname="MockTest" time="0.0"/>
  <testcase name="[113] 3.21681469282041" classname="MockTest" time="0.0"/>
  <testcase name="[114] 3.3168146928204103" classname="MockTest" time="0.0"/>
  <testcase name="[115] 3.4168146928204104" classname="MockTest" time="0.0"/>
  <testcase name="[116] 3.5168146928204105" classname="MockTest" time="0.0"/>
  <testcase name="[117] 3.6168146928204106" classname="MockTest" time="0.0"/>
  <testcase name="[118] 3.7168146928204107" classname="MockTest" time="0.0"/>
  <testcase name="[119] 3.8168146928204107" classname="MockTest" time="0.0"/>
  <testcase name="[120] 3.916814692820411" classname="MockTest" time="0.0"/>
  <testcase name="[121] 4.016814692820411" classname="MockTest" time="0.0"/>
  <testcase name="[122] 4.116814692820411" classname="MockTest" time="0.0"/>
  <testcase name="[123] 4.21681469282041" classname="MockTest" time="0.0"/>
  <testcase name="[124] 4.31681469282041" classname="MockTest" time="0.0"/>
  <testcase name="[125] 4.4168146928204095" classname="MockTest" time="0.0"/>
  <testcase name="[126] 4.516814692820409" classname="MockTest" time="0.0"/>
  <testcase name="[127] 4.616814692820409" classname="MockTest" time="0.0"/>
  <testcase name="[128] 4.716814692820408" classname="MockTest" time="0.0"/>
  <testcase name="[129] 4.816814692820408" classname="MockTest" time="0.0"/>
  <testcase name="[130] 4.916814692820408" classname="MockTest" time="0.0"/>
  <testcase name="[131] 5.016814692820407" classname="MockTest" time="0.0"/>
  <testcase name="[132] 5.116814692820407" classname="MockTest" time="0.0"/>
  <testcase name="[133] 5.216814692820407" classname="MockTest" time="0.001"/>
  <testcase name="[134] 5.316814692820406" classname="MockTest" time="0.0"/>
  <testcase name="[135] 5.416814692820406" classname="MockTest" time="0.0"/>
  <testcase name="[136] 5.516814692820406" classname="MockTest" time="0.0"/>
  <testcase name="[137] 5.616814692820405" classname="MockTest" time="0.0"/>
  <testcase name="[138] 5.716814692820405" classname="MockTest" time="0.0"/>
  <testcase name="[139] 5.8168146928204045" classname="MockTest" time="0.0"/>
  <testcase name="[140] 5.916814692820404" classname="MockTest" time="0.0"/>
  <testcase name="[141] 6.016814692820404" classname="MockTest" time="0.0"/>
  <testcase name="[142] 6.1168146928204035" classname="MockTest" time="0.0"/>
  <testcase name="[143] 6.216814692820403" classname="MockTest" time="0.0"/>
  <testcase name="[1] 0.1" classname="MockTest" time="0.001"/>
  <testcase name="[2] 0.2" classname="MockTest" time="0.001"/>
  <testcase name="[3] 0.5" classname="MockTest" time="0.001"/>
  <testcase name="[4] 1.0" classname="MockTest" time="0.0"/>
  <testcase name="[5] 1.6909125123605662" classname="MockTest" time="0.001"/>
  <testcase name="[6] 2.718281828459045" classname="MockTest" time="0.001"/>
  <testcase name="[7] 10.0" classname="MockTest" time="0.003"/>
  <testcase name="[8] 2.0" classname="MockTest" time="0.001"/>
  <testcase name="[9] 4.0" classname="MockTest" time="0.001"/>
  <testcase name="[10] 8.0" classname="MockTest" time="0.002"/>
  <testcase name="[11] 16.0" classname="MockTest" time="0.003"/>
  <testcase name="[12] 32.0" classname="MockTest" time="0.003"/>
  <testcase name="[13] 64.0" classname="MockTest" time="0.004"/>
  <testcase name="[14] 128.0" classname="MockTest" time="0.006"/>
  <testcase name="[15] 256.0" classname="MockTest" time="0.005"/>
  <testcase name="[16] 512.0" classname="MockTest" time="0.007"/>
  <testcase name="[17] 1024.0" classname="MockTest" time="0.007"/>
  <testcase name="[18] 3.0" classname="MockTest" time="0.001"/>
  <testcase name="[19] 9.0" classname="MockTest" time="0.002"/>
  <testcase name="[20] 27.0" classname="MockTest" time="0.004"/>
  <testcase name="[21] 81.0" classname="MockTest" time="0.005"/>
  <testcase name="[22] 243.0" classname="MockTest" time="0.006"/>
  <testcase name="[23] 729.0" classname="MockTest" time="0.008"/>
  <testcase name="[24] 2187.0" classname="MockTest" time="0.008"/>
  <testcase name="[25] 6561.0" classname="MockTest" time="0.009"/>
  <testcase name="[26] 19683.0" classname="MockTest" time="0.01"/>
  <testcase name="[27] 59049.0" classname="MockTest" time="0.011"/>
  <testcase name="[28] 5.0" classname="MockTest" time="0.002"/>
  <testcase name="[29] 25.0" classname="MockTest" time="0.004"/>
  <testcase name="[30] 125.0" classname="MockTest" time="0.006"/>
  <testcase name="[31] 625.0" classname="MockTest" time="0.007"/>
  <testcase name="[32] 3125.0" classname="MockTest" time="0.009"/>
  <testcase name="[33] 15625.0" classname="MockTest" time="0.01"/>
  <testcase name="[34] 78125.0" classname="MockTest" time="0.012"/>
  <testcase name="[35] 390625.0" classname="MockTest" time="0.013"/>
  <testcase name="[36] 1953125.0" classname="MockTest" time="0.015"/>
  <testcase name="[37] 9765625.0" classname="MockTest" time="0.017"/>
  <testcase name="[38] 4.0" classname="MockTest" time="0.002"/>
  <testcase name="[39] 5.0" classname="MockTest" time="0.002"/>
  <testcase name="[40] 6.0" classname="MockTest" time="0.002"/>
  <testcase name="[41] 7.0" classname="MockTest" time="0.002"/>
  <testcase name="[42] 8.0" classname="MockTest" time="0.003"/>
  <testcase name="[43] 9.0" classname="MockTest" time="0.002"/>
  <testcase name="[44] 10.0" classname="MockTest" time="0.003"/>
  <testcase name="[45] 11.0" classname="MockTest" time="0.002"/>
  <testcase name="[46] 12.0" classname="MockTest" time="0.002"/>
  <testcase name="[47] 13.0" classname="MockTest" time="0.003"/>
  <testcase name="[48] 14.0" classname="MockTest" time="0.003"/>
  <testcase name="[49] 15.0" classname="MockTest" time="0.003"/>
  <testcase name="[50] 16.0" classname="MockTest" time="0.003"/>
  <testcase name="[51] 17.0" classname="MockTest" time="0.003"/>
  <testcase name="[52] 18.0" classname="MockTest" time="0.003"/>
  <testcase name="[53] 19.0" classname="MockTest" time="0.003"/>
  <testcase name="[54] 20.0" classname="MockTest" time="0.003"/>
  <testcase name="[55] 21.0" classname="MockTest" time="0.003"/>
  <testcase name="[56] 22.0" classname="MockTest" time="0.003"/>
  <testcase name="[57] 23.0" classname="MockTest" time="0.004"/>
  <testcase name="[58] 24.0" classname="MockTest" time="0.003"/>
  <testcase name="[59] 25.0" classname="MockTest" time="0.003"/>
  <testcase name="[60] 26.0" classname="MockTest" time="0.003"/>
  <testcase name="[61] 27.0" classname="MockTest" time="0.004"/>
  <testcase name="[62] 28.0" classname="MockTest" time="0.003"/>
  <testcase name="[63] 29.0" classname="MockTest" time="0.004"/>
  <testcase name="[64] 30.0" classname="MockTest" time="0.004"/>
  <testcase name="[65] 31.0" classname="MockTest" time="0.003"/>
  <testcase name="[66] 32.0" classname="MockTest" time="0.004"/>
  <testcase name="[67] 33.0" classname="MockTest" time="0.003"/>
  <testcase name="[68] 34.0" classname="MockTest" time="0.003"/>
  <testcase name="[69] 35.0" classname="MockTest" time="0.004"/>
  <testcase name="[70] 36.0" classname="MockTest" time="0.004"/>
  <testcase name="[71] 37.0" classname="MockTest" time="0.004"/>
  <testcase name="[72] 38.0" classname="MockTest" time="0.004"/>
  <testcase name="[73] 39.0" classname="MockTest" time="0.004"/>
  <testcase name="[74] 40.0" classname="MockTest" time="0.004"/>
  <testcase name="[75] 41.0" classname="MockTest" time="0.004"/>
  <testcase name="[76] 42.0" classname="MockTest" time="0.004"/>
  <testcase name="[77] 43.0" classname="MockTest" time="0.004"/>
  <testcase name="[78] 44.0" classname="MockTest" time="0.004"/>
  <testcase name="[79] 45.0" classname="MockTest" time="0.004"/>
  <testcase name="[80] 46.0" classname="MockTest" time="0.004"/>
  <testcase name="[81] 47.0" classname="MockTest" time="0.004"/>
  <testcase name="[82] 48.0" classname="MockTest" time="0.004"/>
  <testcase name="[83] 49.0" classname="MockTest" time="0.004"/>
  <testcase name="[84] 50.0" classname="MockTest" time="0.004"/>
  <testcase name="[85] 51.0" classname="MockTest" time="0.004"/>
  <testcase name="[86] 52.0" classname="MockTest" time="0.004"/>
  <testcase name="[87] 53.0" classname="MockTest" time="0.005"/>
  <testcase name="[88] 54.0" classname="MockTest" time="0.004"/>
  <testcase name="[89] 55.0" classname="MockTest" time="0.005"/>
  <testcase name="[90] 56.0" classname="MockTest" time="0.004"/>
  <testcase name="[91] 57.0" classname="MockTest" time="0.004"/>
  <testcase name="[92] 58.0" classname="MockTest" time="0.004"/>
  <testcase name="[93] 59.0" classname="MockTest" time="0.004"/>
  <testcase name="[94] 60.0" classname="MockTest" time="0.004"/>
  <testcase name="[95] 61.0" classname="MockTest" time="0.005"/>
  <testcase name="[96] 62.0" classname="MockTest" time="0.004"/>
  <testcase name="[97] 63.0" classname="MockTest" time="0.005"/>
  <testcase name="[98] 64.0" classname="MockTest" time="0.004"/>
  <testcase name="[99] 65.0" classname="MockTest" time="0.004"/>
  <testcase name="[100] 66.0" classname="MockTest" time="0.004"/>
  <testcase name="[101] 67.0" classname="MockTest" time="0.004"/>
  <testcase name="[102] 68.0" classname="MockTest" time="0.005"/>
  <testcase name="[103] 69.0" classname="MockTest" time="0.004"/>
  <testcase name="[104] 70.0" classname="MockTest" time="0.004"/>
  <testcase name="[105] 71.0" classname="MockTest" time="0.004"/>
  <testcase name="[106] 72.0" classname="MockTest" time="0.004"/>
  <testcase name="[107] 73.0" classname="MockTest" time="0.005"/>
  <testcase name="[108] 74.0" classname="MockTest" time="0.004"/>
  <testcase name="[109] 75.0" classname="MockTest" time="0.005"/>
  <testcase name="[110] 76.0" classname="MockTest" time="0.005"/>
  <testcase name="[111] 77.0" classname="MockTest" time="0.004"/>
  <testcase name="[112] 78.0" classname="MockTest" time="0.004"/>
  <testcase name="[113] 79.0" classname="MockTest" time="0.005"/>
  <testcase name="[114] 80.0" classname="MockTest" time="0.005"/>
  <testcase name="[115] 81.0" classname="MockTest" time="0.005"/>
  <testcase name="[116] 82.0" classname="MockTest" time="0.005"/>
  <testcase name="[117] 83.0" classname="MockTest" time="0.005"/>
  <testcase name="[118] 84.0" classname="MockTest" time="0.004"/>
  <testcase name="[119] 85.0" classname="MockTest" time="0.004"/>
  <testcase name="[120] 86.0" classname="MockTest" time="0.005"/>
  <testcase name="[121] 87.0" classname="MockTest" time="0.005"/>
  <testcase name="[122] 88.0" classname="MockTest" time="0.005"/>
  <testcase name="[123] 89.0" classname="MockTest" time="0.005"/>
  <testcase name="[124] 90.0" classname="MockTest" time="0.005"/>
  <testcase name="[125] 91.0" classname="MockTest" time="0.005"/>
  <testcase name="[126] 92.0" classname="MockTest" time="0.005"/>
  <testcase name="[127] 93.0" classname="MockTest" time="0.005"/>
  <testcase name="[128] 94.0" classname="MockTest" time="0.005"/>
  <testcase name="[129] 95.0" classname="MockTest" time="0.005"/>
  <testcase name="[130] 96.0" classname="MockTest" time="0.005"/>
  <testcase name="[131] 97.0" classname="MockTest" time="0.005"/>
  <testcase name="[132] 98.0" classname="MockTest" time="0.005"/>
  <testcase name="[133] 99.0" classname="MockTest" time="0.005"/>
  <testcase name="[1] 0.0" classname="MockTest" time="0.001"/>
  <testcase name="[2] 0.5235987755982988" classname="MockTest" time="0.0"/>
  <testcase name="[3] 0.7853981633974483" classname="MockTest" time="0.0"/>
  <testcase name="[4] 1.0471975511965976" classname="MockTest" time="0.001"/>
  <testcase name="[5] 1.5707963267948966" classname="MockTest" time="0.0"/>
  <testcase name="[6] 2.0943951023931953" classname="MockTest" time="0.0"/>
  <testcase name="[7] 2.356194490192345" classname="MockTest" time="0.001"/>
  <testcase name="[8] 2.6179938779914944" classname="MockTest" time="0.0"/>
  <testcase name="[9] 3.141592653589793" classname="MockTest" time="0.001"/>
  <testcase name="[10] 3.665191429188092" classname="MockTest" time="0.0"/>
  <testcase name="[11] 3.9269908169872414" classname="MockTest" time="0.001"/>
  <testcase name="[12] 4.1887902047863905" classname="MockTest" time="0.0"/>
  <testcase name="[13] 4.71238898038469" classname="MockTest" time="0.001"/>
  <testcase name="[14] 5.235987755982989" classname="MockTest" time="0.001"/>
  <testcase name="[15] 5.497787143782138" classname="MockTest" time="0.0"/>
  <testcase name="[16] 5.759586531581287" classname="MockTest" time="0.001"/>
  <testcase name="[17] 6.283185307179586" classname="MockTest" time="0.001"/>
  <testcase name="[18] -6.283185307179586" classname="MockTest" time="0.001"/>
  <testcase name="[19] -6.183185307179587" classname="MockTest" time="0.001"/>
  <testcase name="[20] -6.083185307179587" classname="MockTest" time="0.0"/>
  <testcase name="[21] -5.983185307179587" classname="MockTest" time="0.001"/>
  <testcase name="[22] -5.883185307179588" classname="MockTest" time="0.001"/>
  <testcase name="[23] -5.783185307179588" classname="MockTest" time="0.0"/>
  <testcase name="[24] -5.683185307179588" classname="MockTest" time="0.0"/>
  <testcase name="[25] -5.583185307179589" classname="MockTest" time="0.0"/>
  <testcase name="[26] -5.483185307179589" classname="MockTest" time="0.0"/>
  <testcase name="[27] -5.383185307179589" classname="MockTest" time="0.001"/>
  <testcase name="[28] -5.28318530717959" classname="MockTest" time="0.001"/>
  <testcase name="[29] -5.18318530717959" classname="MockTest" time="0.0"/>
  <testcase name="[30] -5.0831853071795905" classname="MockTest" time="0.0"/>
  <testcase name="[31] -4.983185307179591" classname="MockTest" time="0.001"/>
  <testcase name="[32] -4.883185307179591" classname="MockTest" time="0.0"/>
  <testcase name="[33] -4.783185307179592" classname="MockTest" time="0.001"/>
  <testcase name="[34] -4.683185307179592" classname="MockTest" time="0.001"/>
  <testcase name="[35] -4.583185307179592" classname="MockTest" time="0.0"/>
  <testcase name="[36] -4.483185307179593" classname="MockTest" time="0.0"/>
  <testcase name="[37] -4.383185307179593" classname="MockTest" time="0.001"/>
  <testcase name="[38] -4.283185307179593" classname="MockTest" time="0.001"/>
  <testcase name="[39] -4.183185307179594" classname="MockTest" time="0.0"/>
  <testcase name="[40] -4.083185307179594" classname="MockTest" time="0.0"/>
  <testcase name="[41] -3.983185307179594" classname="MockTest" time="0.001"/>
  <testcase name="[42] -3.883185307179594" classname="MockTest" time="0.0"/>
  <testcase name="[43] -3.783185307179594" classname="MockTest" time="0.0"/>
  <testcase name="[44] -3.6831853071795937" classname="MockTest" time="0.001"/>
  <testcase name="[45] -3.5831853071795936" classname="MockTest" time="0.0"/>
  <testcase name="[46] -3.4831853071795935" classname="MockTest" time="0.001"/>
  <testcase name="[47] -3.3831853071795934" classname="MockTest" time="0.001"/>
  <testcase name="[48] -3.2831853071795933" classname="MockTest" time="0.0"/>
  <testcase name="[49] -3.1831853071795932" classname="MockTest" time="0.001"/>
  <testcase name="[50] -3.083185307179593" classname="MockTest" time="0.001"/>
  <testcase name="[51] -2.983185307179593" classname="MockTest" time="0.0"/>
  <testcase name="[52] -2.883185307179593" classname="MockTest" time="0.001"/>
  <testcase name="[53] -2.783185307179593" classname="MockTest" time="0.001"/>
  <testcase name="[54] -2.683185307179593" classname="MockTest" time="0.0"/>
  <testcase name="[55] -2.5831853071795927" classname="MockTest" time="0.001"/>
  <testcase name="[56] -2.4831853071795926" classname="MockTest" time="0.001"/>
  <testcase name="[57] -2.3831853071795925" classname="MockTest" time="0.001"/>
  <testcase name="[58] -2.2831853071795924" classname="MockTest" time="0.0"/>
  <testcase name="[59] -2.1831853071795924" classname="MockTest" time="0.001"/>
  <testcase name="[60] -2.0831853071795923" classname="MockTest" time="0.001"/>
  <testcase name="[61] -1.9831853071795922" classname="MockTest" time="0.0"/>
  <testcase name="[62] -1.883185307179592" classname="MockTest" time="0.0"/>
  <testcase name="[63] -1.783185307179592" classname="MockTest" time="0.001"/>
  <testcase name="[64] -1.683185307179592" classname="MockTest" time="0.0"/>
  <testcase name="[65] -1.5831853071795918" classname="MockTest" time="0.001"/>
  <testcase name="[66] -1.4831853071795917" classname="MockTest" time="0.0"/>
  <testcase name="[67] -1.3831853071795916" classname="MockTest" time="0.0"/>
  <testcase name="[68] -1.2831853071795916" classname="MockTest" time="0.0"/>
  <testcase name="[69] -1.1831853071795915" classname="MockTest" time="0.001"/>
  <testcase name="[70] -1.0831853071795914" classname="MockTest" time="0.0"/>
  <testcase name="[71] -0.9831853071795914" classname="MockTest" time="0.0"/>
  <testcase name="[72] -0.8831853071795914" classname="MockTest" time="0.001"/>
  <testcase name="[73] -0.7831853071795915" classname="MockTest" time="0.001"/>
  <testcase name="[74] -0.6831853071795915" classname="MockTest" time="0.0"/>
  <testcase name="[75] -0.5831853071795915" classname="MockTest" time="0.001"/>
  <testcase name="[76] -0.4831853071795915" classname="MockTest" time="0.0"/>
  <testcase name="[77] -0.38318530717959154" classname="MockTest" time="0.0"/>
  <testcase name="[78] -0.28318530717959156" classname="MockTest" time="0.0"/>
  <testcase name="[79] -0.18318530717959156" classname="MockTest" time="0.001"/>
  <testcase name="[80] -0.08318530717959155" classname="MockTest" time="0.0"/>
  <testcase name="[81] 0.016814692820408456" classname="MockTest" time="0.001"/>
  <testcase name="[82] 0.11681469282040846" classname="MockTest" time="0.0"/>
  <testcase name="[83] 0.21681469282040847" classname="MockTest" time="0.0"/>
  <testcase name="[84] 0.31681469282040847" classname="MockTest" time="0.001"/>
  <testcase name="[85] 0.4168146928204085" classname="MockTest" time="0.001"/>
  <testcase name="[86] 0.5168146928204085" classname="MockTest" time="0.001"/>
  <testcase name="[87] 0.6168146928204085" classname="MockTest" time="0.0"/>
  <testcase name="[88] 0.7168146928204084" classname="MockTest" time="0.0"/>
  <testcase name="[89] 0.8168146928204084" classname="MockTest" time="0.001"/>
  <testcase name="[90] 0.9168146928204084" classname="MockTest" time="0.0"/>
  <testcase name="[91] 1.0168146928204085" classname="MockTest" time="0.0"/>
  <testcase name="[92] 1.1168146928204086" classname="MockTest" time="0.001"/>
  <testcase name="[93] 1.2168146928204087" classname="MockTest" time="0.001"/>
  <testcase name="[94] 1.3168146928204087" classname="MockTest" time="0.001"/>
  <testcase name="[95] 1.4168146928204088" classname="MockTest" time="0.001"/>
  <testcase name="[96] 1.516814692820409" classname="MockTest" time="0.001"/>
  <testcase name="[97] 1.616814692820409" classname="MockTest" time="0.001"/>
  <testcase name="[98] 1.716814692820409" classname="MockTest" time="0.001"/>
  <testcase name="[99] 1.8168146928204092" classname="MockTest" time="0.001"/>
  <testcase name="[100] 1.9168146928204093" classname="MockTest" time="0.0"/>
  <testcase name="[101] 2.016814692820409" classname="MockTest" time="0.0"/>
  <testcase name="[102] 2.1168146928204092" classname="MockTest" time="0.001"/>
  <testcase name="[103] 2.2168146928204093" classname="MockTest" time="0.0"/>
  <testcase name="[104] 2.3168146928204094" classname="MockTest" time="0.0"/>
  <testcase name="[105] 2.4168146928204095" classname="MockTest" time="0.001"/>
  <testcase name="[106] 2.5168146928204096" classname="MockTest" time="0.0"/>
  <testcase name="[107] 2.6168146928204097" classname="MockTest" time="0.0"/>
  <testcase name="[108] 2.7168146928204098" classname="MockTest" time="0.001"/>
  <testcase name="[109] 2.81681469282041" classname="MockTest" time="0.0"/>
  <testcase name="[110] 2.91681469282041" classname="MockTest" time="0.001"/>
  <testcase name="[111] 3.01681469282041" classname="MockTest" time="0.0"/>
  <testcase name="[112] 3.11681469282041" classname="MockTest" time="0.001"/>
  <testcase name="[113] 3.21681469282041" classname="MockTest" time="0.001"/>
  <testcase name="[114] 3.3168146928204103" classname="MockTest" time="0.0"/>
  <testcase name="[115] 3.4168146928204104" classname="MockTest" time="0.0"/>
  <testcase name="[116] 3.5168146928204105" classname="MockTest" time="0.001"/>
  <testcase name="[117] 3.6168146928204106" classname="MockTest" time="0.001"/>
  <testcase name="[118] 3.7168146928204107" classname="MockTest" time="0.001"/>
  <testcase name="[119] 3.8168146928204107" classname="MockTest" time="0.0"/>
  <testcase name="[120] 3.916814692820411" classname="MockTest" time="0.0"/>
  <testcase name="[121] 4.016814692820411" classname="MockTest" time="0.001"/>
  <testcase name="[122] 4.116814692820411" classname="MockTest" time="0.0"/>
  <testcase name="[123] 4.21681469282041" classname="MockTest" time="0.0"/>
  <testcase name="[124] 4.31681469282041" classname="MockTest" time="0.0"/>
  <testcase name="[125] 4.4168146928204095" classname="MockTest" time="0.0"/>
  <testcase name="[126] 4.516814692820409" classname="MockTest" time="0.0"/>
  <testcase name="[127] 4.616814692820409" classname="MockTest" time="0.0"/>
  <testcase name="[128] 4.716814692820408" classname="MockTest" time="0.001"/>
  <testcase name="[129] 4.816814692820408" classname="MockTest" time="0.0"/>
  <testcase name="[130] 4.916814692820408" classname="MockTest" time="0.001"/>
  <testcase name="[131] 5.016814692820407" classname="MockTest" time="0.0"/>
  <testcase name="[132] 5.116814692820407" classname="MockTest" time="0.001"/>
  <testcase name="[133] 5.216814692820407" classname="MockTest" time="0.0"/>
  <testcase name="[134] 5.316814692820406" classname="MockTest" time="0.001"/>
  <testcase name="[135] 5.416814692820406" classname="MockTest" time="0.0"/>
  <testcase name="[136] 5.516814692820406" classname="MockTest" time="0.001"/>
  <testcase name="[137] 5.616814692820405" classname="MockTest" time="0.0"/>
  <testcase name="[138] 5.716814692820405" classname="MockTest" time="0.001"/>
  <testcase name="[139] 5.8168146928204045" classname="MockTest" time="0.0"/>
  <testcase name="[140] 5.916814692820404" classname="MockTest" time="0.001"/>
  <testcase name="[141] 6.016814692820404" classname="MockTest" time="0.001"/>
  <testcase name="[142] 6.1168146928204035" classname="MockTest" time="0.0"/>
  <testcase name="[143] 6.216814692820403" classname="MockTest" time="0.001"/>
  <testcase name="[1] 0.0" classname="MockTest" time="0.001"/>
  <testcase name="[2] 0.5235987755982988" classname="MockTest" time="0.0"/>
  <testcase name="[3] 0.7853981633974483" classname="MockTest" time="0.001"/>
  <testcase name="[4] 1.0471975511965976" classname="MockTest" time="0.0"/>
  <testcase name="[5] 1.5707963267948966" classname="MockTest" time="0.001"/>
  <testcase name="[6] 2.0943951023931953" classname="MockTest" time="0.001"/>
  <testcase name="[7] 2.356194490192345" classname="MockTest" time="0.0"/>
  <testcase name="[8] 2.6179938779914944" classname="MockTest" time="0.0"/>
  <testcase name="[9] 3.141592653589793" classname="MockTest" time="0.001"/>
  <testcase name="[10] 3.665191429188092" classname="MockTest" time="0.001"/>
  <testcase name="[11] 3.9269908169872414" classname="MockTest" time="0.0"/>
  <testcase name="[12] 4.1887902047863905" classname="MockTest" time="0.001"/>
  <testcase name="[13] 4.71238898038469" classname="MockTest" time="0.001"/>
  <testcase name="[14] 5.235987755982989" classname="MockTest" time="0.001"/>
  <testcase name="[15] 5.497787143782138" classname="MockTest" time="0.001"/>
  <testcase name="[16] 5.759586531581287" classname="MockTest" time="0.001"/>
  <testcase name="[17] 6.283185307179586" classname="MockTest" time="0.001"/>
  <testcase name="[18] -6.283185307179586" classname="MockTest" time="0.001"/>
  <testcase name="[19] -6.183185307179587" classname="MockTest" time="0.001"/>
  <testcase name="[20] -6.083185307179587" classname="MockTest" time="0.001"/>
  <testcase name="[21] -5.983185307179587" classname="MockTest" time="0.001"/>
  <testcase name="[22] -5.883185307179588" classname="MockTest" time="0.0"/>
  <testcase name="[23] -5.783185307179588" classname="MockTest" time="0.0"/>
  <testcase name="[24] -5.683185307179588" classname="MockTest" time="0.001"/>
  <testcase name="[25] -5.583185307179589" classname="MockTest" time="0.001"/>
  <testcase name="[26] -5.483185307179589" classname="MockTest" time="0.0"/>
  <testcase name="[27] -5.383185307179589" classname="MockTest" time="0.001"/>
  <testcase name="[28] -5.28318530717959" classname="MockTest" time="0.001"/>
  <testcase name="[29] -5.18318530717959" classname="MockTest" time="0.001"/>
  <testcase name="[30] -5.0831853071795905" classname="MockTest" time="0.001"/>
  <testcase name="[31] -4.983185307179591" classname="MockTest" time="0.001"/>
  <testcase name="[32] -4.883185307179591" classname="MockTest" time="0.0"/>
  <testcase name="[33] -4.783185307179592" classname="MockTest" time="0.0"/>
  <testcase name="[34] -4.683185307179592" classname="MockTest" time="0.001"/>
  <testcase name="[35] -4.583185307179592" classname="MockTest" time="0.001"/>
  <testcase name="[36] -4.483185307179593" classname="MockTest" time="0.001"/>
  <testcase name="[37] -4.383185307179593" classname="MockTest" time="0.001"/>
  <testcase name="[38] -4.283185307179593" classname="MockTest" time="0.001"/>
  <testcase name="[39] -4.183185307179594" classname="MockTest" time="0.001"/>
  <testcase name="[40] -4.083185307179594" classname="MockTest" time="0.001"/>
  <testcase name="[41] -3.983185307179594" classname="MockTest" time="0.001"/>
  <testcase name="[42] -3.883185307179594" classname="MockTest" time="0.0"/>
  <testcase name="[43] -3.783185307179594" classname="MockTest" time="0.0"/>
  <testcase name="[44] -3.6831853071795937" classname="MockTest" time="0.0"/>
  <testcase name="[45] -3.5831853071795936" classname="MockTest" time="0.001"/>
  <testcase name="[46] -3.4831853071795935" classname="MockTest" time="0.001"/>
  <testcase name="[47] -3.3831853071795934" classname="MockTest" time="0.001"/>
  <testcase name="[48] -3.2831853071795933" classname="MockTest" time="0.0"/>
  <testcase name="[49] -3.1831853071795932" classname="MockTest" time="0.001"/>
  <testcase name="[50] -3.083185307179593" classname="MockTest" time="0.0"/>
  <testcase name="[51] -2.983185307179593" classname="MockTest" time="0.0"/>
  <testcase name="[52] -2.883185307179593" classname="MockTest" time="0.001"/>
  <testcase name="[53] -2.783185307179593" classname="MockTest" time="0.0"/>
  <testcase name="[54] -2.683185307179593" classname="MockTest" time="0.001"/>
  <testcase name="[55] -2.5831853071795927" classname="MockTest" time="0.0"/>
  <testcase name="[56] -2.4831853071795926" classname="MockTest" time="0.0"/>
  <testcase name="[57] -2.3831853071795925" classname="MockTest" time="0.0"/>
  <testcase name="[58] -2.2831853071795924" classname="MockTest" time="0.0"/>
  <testcase name="[59] -2.1831853071795924" classname="MockTest" time="0.001"/>
  <testcase name="[60] -2.0831853071795923" classname="MockTest" time="0.0"/>
  <testcase name="[61] -1.9831853071795922" classname="MockTest" time="0.001"/>
  <testcase name="[62] -1.883185307179592" classname="MockTest" time="0.0"/>
  <testcase name="[63] -1.783185307179592" classname="MockTest" time="0.0"/>
  <testcase name="[64] -1.683185307179592" classname="MockTest" time="0.001"/>
  <testcase name="[65] -1.5831853071795918" classname="MockTest" time="0.001"/>
  <testcase name="[66] -1.4831853071795917" classname="MockTest" time="0.001"/>
  <testcase name="[67] -1.3831853071795916" classname="MockTest" time="0.0"/>
  <testcase name="[68] -1.2831853071795916" classname="MockTest" time="0.0"/>
  <testcase name="[69] -1.1831853071795915" classname="MockTest" time="0.0"/>
  <testcase name="[70] -1.0831853071795914" classname="MockTest" time="0.001"/>
  <testcase name="[71] -0.9831853071795914" classname="MockTest" time="0.0"/>
  <testcase name="[72] -0.8831853071795914" classname="MockTest" time="0.0"/>
  <testcase name="[73] -0.7831853071795915" classname="MockTest" time="0.001"/>
  <testcase name="[74] -0.6831853071795915" classname="MockTest" time="0.0"/>
  <testcase name="[75] -0.5831853071795915" classname="MockTest" time="0.001"/>
  <testcase name="[76] -0.4831853071795915" classname="MockTest" time="0.0"/>
  <testcase name="[77] -0.38318530717959154" classname="MockTest" time="0.0"/>
  <testcase name="[78] -0.28318530717959156" classname="MockTest" time="0.0"/>
  <testcase name="[79] -0.18318530717959156" classname="MockTest" time="0.0"/>
  <testcase name="[80] -0.08318530717959155" classname="MockTest" time="0.001"/>
  <testcase name="[81] 0.016814692820408456" classname="MockTest" time="0.0"/>
  <testcase name="[82] 0.11681469282040846" classname="MockTest" time="0.001"/>
  <testcase name="[83] 0.21681469282040847" classname="MockTest" time="0.0"/>
  <testcase name="[84] 0.31681469282040847" classname="MockTest" time="0.001"/>
  <testcase name="[85] 0.4168146928204085" classname="MockTest" time="0.0"/>
  <testcase name="[86] 0.5168146928204085" classname="MockTest" time="0.001"/>
  <testcase name="[87] 0.6168146928204085" classname="MockTest" time="0.0"/>
  <testcase name="[88] 0.7168146928204084" classname="MockTest" time="0.001"/>
  <testcase name="[89] 0.8168146928204084" classname="MockTest" time="0.0"/>
  <testcase name="[90] 0.9168146928204084" classname="MockTest" time="0.0"/>
  <testcase name="[91] 1.0168146928204085" classname="MockTest" time="0.001"/>
  <testcase name="[92] 1.1168146928204086" classname="MockTest" time="0.001"/>
  <testcase name="[93] 1.2168146928204087" classname="MockTest" time="0.001"/>
  <testcase name="[94] 1.3168146928204087" classname="MockTest" time="0.0"/>
  <testcase name="[95] 1.4168146928204088" classname="MockTest" time="0.0"/>
  <testcase name="[96] 1.516814692820409" classname="MockTest" time="0.001"/>
  <testcase name="[97] 1.616814692820409" classname="MockTest" time="0.0"/>
  <testcase name="[98] 1.716814692820409" classname="MockTest" time="0.0"/>
  <testcase name="[99] 1.8168146928204092" classname="MockTest" time="0.001"/>
  <testcase name="[100] 1.9168146928204093" classname="MockTest" time="0.0"/>
  <testcase name="[101] 2.016814692820409" classname="MockTest" time="0.0"/>
  <testcase name="[102] 2.1168146928204092" classname="MockTest" time="0.001"/>
  <testcase name="[103] 2.2168146928204093" classname="MockTest" time="0.0"/>
  <testcase name="[104] 2.3168146928204094" classname="MockTest" time="0.0"/>
  <testcase name="[105] 2.4168146928204095" classname="MockTest" time="0.0"/>
  <testcase name="[106] 2.5168146928204096" classname="MockTest" time="0.001"/>
  <testcase name="[107] 2.6168146928204097" classname="MockTest" time="0.0"/>
  <testcase name="[108] 2.7168146928204098" classname="MockTest" time="0.0"/>
  <testcase name="[109] 2.81681469282041" classname="MockTest" time="0.001"/>
  <testcase name="[110] 2.91681469282041" classname="MockTest" time="0.001"/>
  <testcase name="[111] 3.01681469282041" classname="MockTest" time="0.0"/>
  <testcase name="[112] 3.11681469282041" classname="MockTest" time="0.0"/>
  <testcase name="[113] 3.21681469282041" classname="MockTest" time="0.001"/>
  <testcase name="[114] 3.3168146928204103" classname="MockTest" time="0.0"/>
  <testcase name="[115] 3.4168146928204104" classname="MockTest" time="0.001"/>
  <testcase name="[116] 3.5168146928204105" classname="MockTest" time="0.001"/>
  <testcase name="[117] 3.6168146928204106" classname="MockTest" time="0.001"/>
  <testcase name="[118] 3.7168146928204107" classname="MockTest" time="0.001"/>
  <testcase name="[119] 3.8168146928204107" classname="MockTest" time="0.001"/>
  <testcase name="[120] 3.916814692820411" classname="MockTest" time="0.001"/>
  <testcase name="[121] 4.016814692820411" classname="MockTest" time="0.001"/>
  <testcase name="[122] 4.116814692820411" classname="MockTest" time="0.001"/>
  <testcase name="[123] 4.21681469282041" classname="MockTest" time="0.001"/>
  <testcase name="[124] 4.31681469282041" classname="MockTest" time="0.001"/>
  <testcase name="[125] 4.4168146928204095" classname="MockTest" time="0.001"/>
  <testcase name="[126] 4.516814692820409" classname="MockTest" time="0.001"/>
  <testcase name="[127] 4.616814692820409" classname="MockTest" time="0.001"/>
  <testcase name="[128] 4.716814692820408" classname="MockTest" time="0.001"/>
  <testcase name="[129] 4.816814692820408" classname="MockTest" time="0.001"/>
  <testcase name="[130] 4.916814692820408" classname="MockTest" time="0.001"/>
  <testcase name="[131] 5.016814692820407" classname="MockTest" time="0.001"/>
  <testcase name="[132] 5.116814692820407" classname="MockTest" time="0.0"/>
  <testcase name="[133] 5.216814692820407" classname="MockTest" time="0.001"/>
  <testcase name="[134] 5.316814692820406" classname="MockTest" time="0.001"/>
  <testcase name="[135] 5.416814692820406" classname="MockTest" time="0.001"/>
  <testcase name="[136] 5.516814692820406" classname="MockTest" time="0.0"/>
  <testcase name="[137] 5.616814692820405" classname="MockTest" time="0.0"/>
  <testcase name="[138] 5.716814692820405" classname="MockTest" time="0.0"/>
  <testcase name="[139] 5.8168146928204045" classname="MockTest" time="0.0"/>
  <testcase name="[140] 5.916814692820404" classname="MockTest" time="0.001"/>
  <testcase name="[141] 6.016814692820404" classname="MockTest" time="0.001"/>
  <testcase name="[142] 6.1168146928204035" classname="MockTest" time="0.001"/>
  <testcase name="[143] 6.216814692820403" classname="MockTest" time="0.001"/>
  <testcase name="[1] 0.0" classname="MockTest" time="0.001"/>
  <testcase name="[2] 0.5235987755982988" classname="MockTest" time="0.0"/>
  <testcase name="[3] 0.7853981633974483" classname="MockTest" time="0.0"/>
  <testcase name="[4] 1.0471975511965976" classname="MockTest" time="0.0"/>
  <testcase name="[5] 1.5707963267948966" classname="MockTest" time="0.0"/>
  <testcase name="[6] 2.0943951023931953" classname="MockTest" time="0.0"/>
  <testcase name="[7] 2.356194490192345" classname="MockTest" time="0.0"/>
  <testcase name="[8] 2.6179938779914944" classname="MockTest" time="0.0"/>
  <testcase name="[9] 3.141592653589793" classname="MockTest" time="0.0"/>
  <testcase name="[10] 3.665191429188092" classname="MockTest" time="0.0"/>
  <testcase name="[11] 3.9269908169872414" classname="MockTest" time="0.0"/>
  <testcase name="[12] 4.1887902047863905" classname="MockTest" time="0.0"/>
  <testcase name="[13] 4.71238898038469" classname="MockTest" time="0.0"/>
  <testcase name="[14] 5.235987755982989" classname="MockTest" time="0.0"/>
  <testcase name="[15] 5.497787143782138" classname="MockTest" time="0.0"/>
  <testcase name="[16] 5.759586531581287" classname="MockTest" time="0.001"/>
  <testcase name="[17] 6.283185307179586" classname="MockTest" time="0.0"/>
  <testcase name="[18] -6.283185307179586" classname="MockTest" time="0.0"/>
  <testcase name="[19] -6.183185307179587" classname="MockTest" time="0.0"/>
  <testcase name="[20] -6.083185307179587" classname="MockTest" time="0.0"/>
  <testcase name="[21] -5.983185307179587" classname="MockTest" time="0.0"/>
  <testcase name="[22] -5.883185307179588" classname="MockTest" time="0.0"/>
  <testcase name="[23] -5.783185307179588" classname="MockTest" time="0.0"/>
  <testcase name="[24] -5.683185307179588" classname="MockTest" time="0.0"/>
  <testcase name="[25] -5.583185307179589" classname="MockTest" time="0.0"/>
  <testcase name="[26] -5.483185307179589" classname="MockTest" time="0.0"/>
  <testcase name="[27] -5.383185307179589" classname="MockTest" time="0.0"/>
  <testcase name="[28] -5.28318530717959" classname="MockTest" time="0.001"/>
  <testcase name="[29] -5.18318530717959" classname="MockTest" time="0.0"/>
  <testcase name="[30] -5.0831853071795905" classname="MockTest" time="0.0"/>
  <testcase name="[31] -4.983185307179591" classname="MockTest" time="0.001"/>
  <testcase name="[32] -4.883185307179591" classname="MockTest" time="0.0"/>
  <testcase name="[33] -4.783185307179592" classname="MockTest" time="0.0"/>
  <testcase name="[34] -4.683185307179592" classname="MockTest" time="0.0"/>
  <testcase name="[35] -4.583185307179592" classname="MockTest" time="0.0"/>
  <testcase name="[36] -4.483185307179593" classname="MockTest" time="0.0"/>
  <testcase name="[37] -4.383185307179593" classname="MockTest" time="0.0"/>
  <testcase name="[38] -4.283185307179593" classname="MockTest" time="0.001"/>
  <testcase name="[39] -4.183185307179594" classname="MockTest" time="0.0"/>
  <testcase name="[40] -4.083185307179594" classname="MockTest" time="0.001"/>
  <testcase name="[41] -3.983185307179594" classname="MockTest" time="0.0"/>
  <testcase name="[42] -3.883185307179594" classname="MockTest" time="0.001"/>
  <testcase name="[43] -3.783185307179594" classname="MockTest" time="0.0"/>
  <testcase name="[44] -3.6831853071795937" classname="MockTest" time="0.001"/>
  <testcase name="[45] -3.5831853071795936" classname="MockTest" time="0.0"/>
  <testcase name="[46] -3.4831853071795935" classname="MockTest" time="0.001"/>
  <testcase name="[47] -3.3831853071795934" classname="MockTest" time="0.0"/>
  <testcase name="[48] -3.2831853071795933" classname="MockTest" time="0.001"/>
  <testcase name="[49] -3.1831853071795932" classname="MockTest" time="0.0"/>
  <testcase name="[50] -3.083185307179593" classname="MockTest" time="0.0"/>
  <testcase name="[51] -2.983185307179593" classname="MockTest" time="0.0"/>
  <testcase name="[52] -2.883185307179593" classname="MockTest" time="0.0"/>
  <testcase name="[53] -2.783185307179593" classname="MockTest" time="0.0"/>
  <testcase name="[54] -2.683185307179593" classname="MockTest" time="0.0"/>
  <testcase name="[55] -2.5831853071795927" classname="MockTest" time="0.001"/>
  <testcase name="[56] -2.4831853071795926" classname="MockTest" time="0.0"/>
  <testcase name="[57] -2.3831853071795925" classname="MockTest" time="0.0"/>
  <testcase name="[58] -2.2831853071795924" classname="MockTest" time="0.0"/>
  <testcase name="[59] -2.1831853071795924" classname="MockTest" time="0.0"/>
  <testcase name="[60] -2.0831853071795923" classname="MockTest" time="0.0"/>
  <testcase name="[61] -1.9831853071795922" classname="MockTest" time="0.0"/>
  <testcase name="[62] -1.883185307179592" classname="MockTest" time="0.0"/>
  <testcase name="[63] -1.783185307179592" classname="MockTest" time="0.0"/>
  <testcase name="[64] -1.683185307179592" classname="MockTest" time="0.0"/>
  <testcase name="[65] -1.5831853071795918" classname="MockTest" time="0.0"/>
  <testcase name="[66] -1.4831853071795917" classname="MockTest" time="0.0"/>
  <testcase name="[67] -1.3831853071795916" classname="MockTest" time="0.0"/>
  <testcase name="[68] -1.2831853071795916" classname="MockTest" time="0.001"/>
  <testcase name="[69] -1.1831853071795915" classname="MockTest" time="0.0"/>
  <testcase name="[70] -1.0831853071795914" classname="MockTest" time="0.001"/>
  <testcase name="[71] -0.9831853071795914" classname="MockTest" time="0.0"/>
  <testcase name="[72] -0.8831853071795914" classname="MockTest" time="0.001"/>
  <testcase name="[73] -0.7831853071795915" classname="MockTest" time="0.0"/>
  <testcase name="[74] -0.6831853071795915" classname="MockTest" time="0.0"/>
  <testcase name="[75] -0.5831853071795915" classname="MockTest" time="0.001"/>
  <testcase name="[76] -0.4831853071795915" classname="MockTest" time="0.0"/>
  <testcase name="[77] -0.38318530717959154" classname="MockTest" time="0.0"/>
  <testcase name="[78] -0.28318530717959156" classname="MockTest" time="0.0"/>
  <testcase name="[79] -0.18318530717959156" classname="MockTest" time="0.001"/>
  <testcase name="[80] -0.08318530717959155" classname="MockTest" time="0.0"/>
  <testcase name="[81] 0.016814692820408456" classname="MockTest" time="0.0"/>
  <testcase name="[82] 0.11681469282040846" classname="MockTest" time="0.001"/>
  <testcase name="[83] 0.21681469282040847" classname="MockTest" time="0.0"/>
  <testcase name="[84] 0.31681469282040847" classname="MockTest" time="0.0"/>
  <testcase name="[85] 0.4168146928204085" classname="MockTest" time="0.001"/>
  <testcase name="[86] 0.5168146928204085" classname="MockTest" time="0.0"/>
  <testcase name="[87] 0.6168146928204085" classname="MockTest" time="0.001"/>
  <testcase name="[88] 0.7168146928204084" classname="MockTest" time="0.0"/>
  <testcase name="[89] 0.8168146928204084" classname="MockTest" time="0.0"/>
  <testcase name="[90] 0.9168146928204084" classname="MockTest" time="0.0"/>
  <testcase name="[91] 1.0168146928204085" classname="MockTest" time="0.0"/>
  <testcase name="[92] 1.1168146928204086" classname="MockTest" time="0.001"/>
  <testcase name="[93] 1.2168146928204087" classname="MockTest" time="0.0"/>
  <testcase name="[94] 1.3168146928204087" classname="MockTest" time="0.0"/>
  <testcase name="[95] 1.4168146928204088" classname="MockTest" time="0.0"/>
  <testcase name="[96] 1.516814692820409" classname="MockTest" time="0.0"/>
  <testcase name="[97] 1.616814692820409" classname="MockTest" time="0.0"/>
  <testcase name="[98] 1.716814692820409" classname="MockTest" time="0.0"/>
  <testcase name="[99] 1.8168146928204092" classname="MockTest" time="0.001"/>
  <testcase name="[100] 1.9168146928204093" classname="MockTest" time="0.0"/>
  <testcase name="[101] 2.016814692820409" classname="MockTest" time="0.0"/>
  <testcase name="[102] 2.1168146928204092" classname="MockTest" time="0.0"/>
  <testcase name="[103] 2.2168146928204093" classname="MockTest" time="0.001"/>
  <testcase name="[104] 2.3168146928204094" classname="MockTest" time="0.0"/>
  <testcase name="[105] 2.4168146928204095" classname="MockTest" time="0.0"/>
  <testcase name="[106] 2.5168146928204096" classname="MockTest" time="0.0"/>
  <testcase name="[107] 2.6168146928204097" classname="MockTest" time="0.0"/>
  <testcase name="[108] 2.7168146928204098" classname="MockTest" time="0.0"/>
  <testcase name="[109] 2.81681469282041" classname="MockTest" time="0.0"/>
  <testcase name="[110] 2.91681469282041" classname="MockTest" time="0.001"/>
  <testcase name="[111] 3.01681469282041" classname="MockTest" time="0.0"/>
  <testcase name="[112] 3.11681469282041" classname="MockTest" time="0.001"/>
  <testcase name="[113] 3.21681469282041" classname="MockTest" time="0.0"/>
  <testcase name="[114] 3.3168146928204103" classname="MockTest" time="0.0"/>
  <testcase name="[115] 3.4168146928204104" classname="MockTest" time="0.001"/>
  <testcase name="[116] 3.5168146928204105" classname="MockTest" time="0.0"/>
  <testcase name="[117] 3.6168146928204106" classname="MockTest" time="0.0"/>
  <testcase name="[118] 3.7168146928204107" classname="MockTest" time="0.0"/>
  <testcase name="[119] 3.8168146928204107" classname="MockTest" time="0.0"/>
  <testcase name="[120] 3.916814692820411" classname="MockTest" time="0.0"/>
  <testcase name="[121] 4.016814692820411" classname="MockTest" time="0.001"/>
  <testcase name="[122] 4.116814692820411" classname="MockTest" time="0.0"/>
  <testcase name="[123] 4.21681469282041" classname="MockTest" time="0.0"/>
  <testcase name="[124] 4.31681469282041" classname="MockTest" time="0.001"/>
  <testcase name="[125] 4.4168146928204095" classname="MockTest" time="0.0"/>
  <testcase name="[126] 4.516814692820409" classname="MockTest" time="0.0"/>
  <testcase name="[127] 4.616814692820409" classname="MockTest" time="0.0"/>
  <testcase name="[128] 4.716814692820408" classname="MockTest" time="0.0"/>
  <testcase name="[129] 4.816814692820408" classname="MockTest" time="0.0"/>
  <testcase name="[130] 4.916814692820408" classname="MockTest" time="0.0"/>
  <testcase name="[131] 5.016814692820407" classname="MockTest" time="0.0"/>
  <testcase name="[132] 5.116814692820407" classname="MockTest" time="0.0"/>
  <testcase name="[133] 5.216814692820407" classname="MockTest" time="0.0"/>
  <testcase name="[134] 5.316814692820406" classname="MockTest" time="0.0"/>
  <testcase name="[135] 5.416814692820406" classname="MockTest" time="0.001"/>
  <testcase name="[136] 5.516814692820406" classname="MockTest" time="0.0"/>
  <testcase name="[137] 5.616814692820405" classname="MockTest" time="0.0"/>
  <testcase name="[138] 5.716814692820405" classname="MockTest" time="0.0"/>
  <testcase name="[139] 5.8168146928204045" classname="MockTest" time="0.001"/>
  <testcase name="[140] 5.916814692820404" classname="MockTest" time="0.0"/>
  <testcase name="[141] 6.016814692820404" classname="MockTest" time="0.0"/>
  <testcase name="[142] 6.1168146928204035" classname="MockTest" time="0.0"/>
  <testcase name="[143] 6.216814692820403" classname="MockTest" time="0.0"/>
  <testcase name="[1] -62.83185307179586" classname="MockTest" time="0.001"/>
  <testcase name="[2] -62.73185307179586" classname="MockTest" time="0.001"/>
  <testcase name="[3] -62.63185307179586" classname="MockTest" time="0.0"/>
  <testcase name="[4] -62.53185307179586" classname="MockTest" time="0.001"/>
  <testcase name="[5] -62.43185307179586" classname="MockTest" time="0.001"/>
  <testcase name="[6] -62.331853071795855" classname="MockTest" time="0.001"/>
  <testcase name="[7] -62.231853071795854" classname="MockTest" time="0.001"/>
  <testcase name="[8] -62.20353454107793" classname="MockTest" time="0.0"/>
  <testcase name="[9] -62.13185307179585" classname="MockTest" time="0.001"/>
  <testcase name="[10] -62.03185307179585" classname="MockTest" time="0.001"/>
  <testcase name="[11] -61.93185307179585" classname="MockTest" time="0.001"/>
  <testcase name="[12] -61.83185307179585" classname="MockTest" time="0.0"/>
  <testcase name="[13] -61.73185307179585" classname="MockTest" time="0.0"/>
  <testcase name="[14] -61.631853071795845" classname="MockTest" time="0.0"/>
  <testcase name="[15] -61.531853071795844" classname="MockTest" time="0.0"/>
  <testcase name="[16] -61.43185307179584" classname="MockTest" time="0.001"/>
  <testcase name="[17] -61.33185307179584" classname="MockTest" time="0.001"/>
  <testcase name="[18] -61.23185307179584" classname="MockTest" time="0.0"/>
  <testcase name="[19] -61.13185307179584" classname="MockTest" time="0.001"/>
  <testcase name="[20] -61.03185307179584" classname="MockTest" time="0.001"/>
  <testcase name="[21] -60.931853071795835" classname="MockTest" time="0.001"/>
  <testcase name="[22] -60.831853071795834" classname="MockTest" time="0.001"/>
  <testcase name="[23] -60.73185307179583" classname="MockTest" time="0.001"/>
  <testcase name="[24] -60.63185307179583" classname="MockTest" time="0.001"/>
  <testcase name="[25] -60.53185307179583" classname="MockTest" time="0.001"/>
  <testcase name="[26] -60.43185307179583" classname="MockTest" time="0.001"/>
  <testcase name="[27] -60.33185307179583" classname="MockTest" time="0.001"/>
  <testcase name="[28] -60.231853071795825" classname="MockTest" time="0.001"/>
  <testcase name="[29] -60.131853071795824" classname="MockTest" time="0.001"/>
  <testcase name="[30] -60.03185307179582" classname="MockTest" time="0.001"/>
  <testcase name="[31] -59.93185307179582" classname="MockTest" time="0.001"/>
  <testcase name="[32] -59.83185307179582" classname="MockTest" time="0.001"/>
  <testcase name="[33] -59.73185307179582" classname="MockTest" time="0.001"/>
  <testcase name="[34] -59.63185307179582" classname="MockTest" time="0.001"/>
  <testcase name="[35] -59.531853071795815" classname="MockTest" time="0.0"/>
  <testcase name="[36] -59.431853071795814" classname="MockTest" time="0.001"/>
  <testcase name="[37] -59.33185307179581" classname="MockTest" time="0.001"/>
  <testcase name="[38] -59.23185307179581" classname="MockTest" time="0.001"/>
  <testcase name="[39] -59.13185307179581" classname="MockTest" time="0.001"/>
  <testcase name="[40] -59.06194188748813" classname="MockTest" time="0.0"/>
  <testcase name="[41] -59.03185307179581" classname="MockTest" time="0.0"/>
  <testcase name="[42] -58.93185307179581" classname="MockTest" time="0.001"/>
  <testcase name="[43] -58.831853071795805" classname="MockTest" time="0.0"/>
  <testcase name="[44] -58.731853071795804" classname="MockTest" time="0.0"/>
  <testcase name="[45] -58.6318530717958" classname="MockTest" time="0.001"/>
  <testcase name="[46] -58.5318530717958" classname="MockTest" time="0.001"/>
  <testcase name="[47] -58.4318530717958" classname="MockTest" time="0.0"/>
  <testcase name="[48] -58.3318530717958" classname="MockTest" time="0.0"/>
  <testcase name="[49] -58.2318530717958" classname="MockTest" time="0.0"/>
  <testcase name="[50] -58.131853071795796" classname="MockTest" time="0.0"/>
  <testcase name="[51] -58.031853071795794" classname="MockTest" time="0.0"/>
  <testcase name="[52] -57.93185307179579" classname="MockTest" time="0.0"/>
  <testcase name="[53] -57.83185307179579" classname="MockTest" time="0.001"/>
  <testcase name="[54] -57.73185307179579" classname="MockTest" time="0.0"/>
  <testcase name="[55] -57.63185307179579" classname="MockTest" time="0.0"/>
  <testcase name="[56] -57.53185307179579" classname="MockTest" time="0.001"/>
  <testcase name="[57] -57.431853071795786" classname="MockTest" time="0.001"/>
  <testcase name="[58] -57.331853071795784" classname="MockTest" time="0.001"/>
  <testcase name="[59] -57.23185307179578" classname="MockTest" time="0.0"/>
  <testcase name="[60] -57.13185307179578" classname="MockTest" time="0.001"/>
  <testcase name="[61] -57.03185307179578" classname="MockTest" time="0.0"/>
  <testcase name="[62] -56.93185307179578" classname="MockTest" time="0.0"/>
  <testcase name="[63] -56.83185307179578" classname="MockTest" time="0.001"/>
  <testcase name="[64] -56.731853071795776" classname="MockTest" time="0.0"/>
  <testcase name="[65] -56.631853071795774" classname="MockTest" time="0.001"/>
  <testcase name="[66] -56.53185307179577" classname="MockTest" time="0.0"/>
  <testcase name="[67] -56.43185307179577" classname="MockTest" time="0.001"/>
  <testcase name="[68] -56.33185307179577" classname="MockTest" time="0.0"/>
  <testcase name="[69] -56.23185307179577" classname="MockTest" time="0.001"/>
  <testcase name="[70] -56.13185307179577" classname="MockTest" time="0.0"/>
  <testcase name="[71] -56.031853071795766" classname="MockTest" time="0.001"/>
  <testcase name="[72] -55.931853071795764" classname="MockTest" time="0.0"/>
  <testcase name="[73] -55.920349233898335" classname="MockTest" time="0.0"/>
  <testcase name="[74] -55.83185307179576" classname="MockTest" time="0.0"/>
  <testcase name="[75] -55.73185307179576" classname="MockTest" time="0.0"/>
  <testcase name="[76] -55.63185307179576" classname="MockTest" time="0.001"/>
  <testcase name="[77] -55.53185307179576" classname="MockTest" time="0.0"/>
  <testcase name="[78] -55.43185307179576" classname="MockTest" time="0.001"/>
  <testcase name="[79] -55.331853071795756" classname="MockTest" time="0.0"/>
  <testcase name="[80] -55.231853071795754" classname="MockTest" time="0.0"/>
  <testcase name="[81] -55.13185307179575" classname="MockTest" time="0.001"/>
  <testcase name="[82] -55.03185307179575" classname="MockTest" time="0.0"/>
  <testcase name="[83] -54.93185307179575" classname="MockTest" time="0.0"/>
  <testcase name="[84] -54.83185307179575" classname="MockTest" time="0.001"/>
  <testcase name="[85] -54.73185307179575" classname="MockTest" time="0.0"/>
  <testcase name="[86] -54.631853071795746" classname="MockTest" time="0.0"/>
  <testcase name="[87] -54.531853071795744" classname="MockTest" time="0.0"/>
  <testcase name="[88] -54.43185307179574" classname="MockTest" time="0.0"/>
  <testcase name="[89] -54.33185307179574" classname="MockTest" time="0.0"/>
  <testcase name="[90] -54.23185307179574" classname="MockTest" time="0.0"/>
  <testcase name="[91] -54.13185307179574" classname="MockTest" time="0.001"/>
  <testcase name="[92] -54.03185307179574" classname="MockTest" time="0.001"/>
  <testcase name="[93] -53.931853071795736" classname="MockTest" time="0.001"/>
  <testcase name="[94] -53.831853071795734" classname="MockTest" time="0.001"/>
  <testcase name="[95] -53.73185307179573" classname="MockTest" time="0.001"/>
  <testcase name="[96] -53.63185307179573" classname="MockTest" time="0.001"/>
  <testcase name="[97] -53.53185307179573" classname="MockTest" time="0.001"/>
  <testcase name="[98] -53.43185307179573" classname="MockTest" time="0.0"/>
  <testcase name="[99] -53.33185307179573" classname="MockTest" time="0.001"/>
  <testcase name="[100] -53.231853071795726" classname="MockTest" time="0.001"/>
  <testcase name="[101] -53.131853071795724" classname="MockTest" time="0.0"/>
  <testcase name="[102] -53.03185307179572" classname="MockTest" time="0.0"/>
  <testcase name="[103] -52.93185307179572" classname="MockTest" time="0.001"/>
  <testcase name="[104] -52.83185307179572" classname="MockTest" time="0.0"/>
  <testcase name="[105] -52.77875658030854" classname="MockTest" time="0.0"/>
  <testcase name="[106] -52.73185307179572" classname="MockTest" time="0.001"/>
  <testcase name="[107] -52.63185307179572" classname="MockTest" time="0.0"/>
  <testcase name="[108] -52.531853071795716" classname="MockTest" time="0.001"/>
  <testcase name="[109] -52.431853071795715" classname="MockTest" time="0.0"/>
  <testcase name="[110] -52.33185307179571" classname="MockTest" time="0.001"/>
  <testcase name="[111] -52.23185307179571" classname="MockTest" time="0.0"/>
  <testcase name="[112] -52.13185307179571" classname="MockTest" time="0.0"/>
  <testcase name="[113] -52.03185307179571" classname="MockTest" time="0.001"/>
  <testcase name="[114] -51.93185307179571" classname="MockTest" time="0.0"/>
  <testcase name="[115] -51.831853071795706" classname="MockTest" time="0.001"/>
  <testcase name="[116] -51.731853071795705" classname="MockTest" time="0.0"/>
  <testcase name="[117] -51.6318530717957" classname="MockTest" time="0.0"/>
  <testcase name="[118] -51.5318530717957" classname="MockTest" time="0.001"/>
  <testcase name="[119] -51.4318530717957" classname="MockTest" time="0.001"/>
  <testcase name="[120] -51.3318530717957" classname="MockTest" time="0.001"/>
  <testcase name="[121] -51.2318530717957" classname="MockTest" time="0.0"/>
  <testcase name="[122] -51.131853071795696" classname="MockTest" time="0.001"/>
  <testcase name="[123] -51.031853071795695" classname="MockTest" time="0.0"/>
  <testcase name="[124] -50.93185307179569" classname="MockTest" time="0.0"/>
  <testcase name="[125] -50.83185307179569" classname="MockTest" time="0.001"/>
  <testcase name="[126] -50.73185307179569" classname="MockTest" time="0.0"/>
  <testcase name="[127] -50.63185307179569" classname="MockTest" time="0.001"/>
  <testcase name="[128] -50.53185307179569" classname="MockTest" time="0.0"/>
  <testcase name="[129] -50.431853071795686" classname="MockTest" time="0.0"/>
  <testcase name="[130] -50.331853071795685" classname="MockTest" time="0.001"/>
  <testcase name="[131] -50.23185307179568" classname="MockTest" time="0.0"/>
  <testcase name="[132] -50.13185307179568" classname="MockTest" time="0.0"/>
  <testcase name="[133] -50.03185307179568" classname="MockTest" time="0.001"/>
  <testcase name="[134] -49.93185307179568" classname="MockTest" time="0.0"/>
  <testcase name="[135] -49.83185307179568" classname="MockTest" time="0.0"/>
  <testcase name="[136] -49.731853071795676" classname="MockTest" time="0.001"/>
  <testcase name="[137] -49.63716392671874" classname="MockTest" time="0.0"/>
  <testcase name="[138] -49.631853071795675" classname="MockTest" time="0.0"/>
  <testcase name="[139] -49.53185307179567" classname="MockTest" time="0.001"/>
  <testcase name="[140] -49.43185307179567" classname="MockTest" time="0.0"/>
  <testcase name="[141] -49.33185307179567" classname="MockTest" time="0.0"/>
  <testcase name="[142] -49.23185307179567" classname="MockTest" time="0.0"/>
  <testcase name="[143] -49.13185307179567" classname="MockTest" time="0.001"/>
  <testcase name="[144] -49.031853071795666" classname="MockTest" time="0.001"/>
  <testcase name="[145] -48.931853071795665" classname="MockTest" time="0.001"/>
  <testcase name="[146] -48.83185307179566" classname="MockTest" time="0.0"/>
  <testcase name="[147] -48.73185307179566" classname="MockTest" time="0.001"/>
  <testcase name="[148] -48.63185307179566" classname="MockTest" time="0.001"/>
  <testcase name="[149] -48.53185307179566" classname="MockTest" time="0.0"/>
  <testcase name="[150] -48.43185307179566" classname="MockTest" time="0.0"/>
  <testcase name="[151] -48.331853071795656" classname="MockTest" time="0.0"/>
  <testcase name="[152] -48.231853071795655" classname="MockTest" time="0.0"/>
  <testcase name="[153] -48.13185307179565" classname="MockTest" time="0.001"/>
  <testcase name="[154] -48.03185307179565" classname="MockTest" time="0.001"/>
  <testcase name="[155] -47.93185307179565" classname="MockTest" time="0.001"/>
  <testcase name="[156] -47.83185307179565" classname="MockTest" time="0.0"/>
  <testcase name="[157] -47.73185307179565" classname="MockTest" time="0.0"/>
  <testcase name="[158] -47.631853071795646" classname="MockTest" time="0.001"/>
  <testcase name="[159] -47.531853071795645" classname="MockTest" time="0.001"/>
  <testcase name="[160] -47.43185307179564" classname="MockTest" time="0.001"/>
  <testcase name="[161] -47.33185307179564" classname="MockTest" time="0.001"/>
  <testcase name="[162] -47.23185307179564" classname="MockTest" time="0.0"/>
  <testcase name="[163] -47.13185307179564" classname="MockTest" time="0.0"/>
  <testcase name="[164] -47.03185307179564" classname="MockTest" time="0.001"/>
  <testcase name="[165] -46.931853071795636" classname="MockTest" time="0.0"/>
  <testcase name="[166] -46.831853071795635" classname="MockTest" time="0.0"/>
  <testcase name="[167] -46.73185307179563" classname="MockTest" time="0.001"/>
  <testcase name="[168] -46.63185307179563" classname="MockTest" time="0.001"/>
  <testcase name="[169] -46.53185307179563" classname="MockTest" time="0.0"/>
  <testcase name="[170] -46.495571273128945" classname="MockTest" time="0.0"/>
  <testcase name="[171] -46.43185307179563" classname="MockTest" time="0.001"/>
  <testcase name="[172] -46.33185307179563" classname="MockTest" time="0.001"/>
  <testcase name="[173] -46.231853071795626" classname="MockTest" time="0.001"/>
  <testcase name="[174] -46.131853071795625" classname="MockTest" time="0.0"/>
  <testcase name="[175] -46.031853071795624" classname="MockTest" time="0.001"/>
  <testcase name="[176] -45.93185307179562" classname="MockTest" time="0.001"/>
  <testcase name="[177] -45.83185307179562" classname="MockTest" time="0.0"/>
  <testcase name="[178] -45.73185307179562" classname="MockTest" time="0.001"/>
  <testcase name="[179] -45.63185307179562" classname="MockTest" time="0.001"/>
  <testcase name="[180] -45.53185307179562" classname="MockTest" time="0.001"/>
  <testcase name="[181] -45.431853071795615" classname="MockTest" time="0.0"/>
  <testcase name="[182] -45.331853071795614" classname="MockTest" time="0.0"/>
  <testcase name="[183] -45.23185307179561" classname="MockTest" time="0.0"/>
  <testcase name="[184] -45.13185307179561" classname="MockTest" time="0.001"/>
  <testcase name="[185] -45.03185307179561" classname="MockTest" time="0.0"/>
  <testcase name="[186] -44.93185307179561" classname="MockTest" time="0.0"/>
  <testcase name="[187] -44.83185307179561" classname="MockTest" time="0.0"/>
  <testcase name="[188] -44.731853071795605" classname="MockTest" time="0.0"/>
  <testcase name="[189] -44.631853071795604" classname="MockTest" time="0.001"/>
  <testcase name="[190] -44.5318530717956" classname="MockTest" time="0.001"/>
  <testcase name="[191] -44.4318530717956" classname="MockTest" time="0.001"/>
  <testcase name="[192] -44.3318530717956" classname="MockTest" time="0.0"/>
  <testcase name="[193] -44.2318530717956" classname="MockTest" time="0.0"/>
  <testcase name="[194] -44.1318530717956" classname="MockTest" time="0.0"/>
  <testcase name="[195] -44.031853071795595" classname="MockTest" time="0.001"/>
  <testcase name="[196] -43.931853071795594" classname="MockTest" time="0.001"/>
  <testcase name="[197] -43.83185307179559" classname="MockTest" time="0.0"/>
  <testcase name="[198] -43.73185307179559" classname="MockTest" time="0.0"/>
  <testcase name="[199] -43.63185307179559" classname="MockTest" time="0.0"/>
  <testcase name="[200] -43.53185307179559" classname="MockTest" time="0.0"/>
  <testcase name="[201] -43.43185307179559" classname="MockTest" time="0.001"/>
  <testcase name="[202] -43.35397861953915" classname="MockTest" time="0.0"/>
  <testcase name="[203] -43.331853071795585" classname="MockTest" time="0.0"/>
  <testcase name="[204] -43.231853071795584" classname="MockTest" time="0.0"/>
  <testcase name="[205] -43.13185307179558" classname="MockTest" time="0.0"/>
  <testcase name="[206] -43.03185307179558" classname="MockTest" time="0.001"/>
  <testcase name="[207] -42.93185307179558" classname="MockTest" time="0.001"/>
  <testcase name="[208] -42.83185307179558" classname="MockTest" time="0.0"/>
  <testcase name="[209] -42.73185307179558" classname="MockTest" time="0.0"/>
  <testcase name="[210] -42.631853071795575" classname="MockTest" time="0.0"/>
  <testcase name="[211] -42.531853071795574" classname="MockTest" time="0.001"/>
  <testcase name="[212] -42.43185307179557" classname="MockTest" time="0.001"/>
  <testcase name="[213] -42.33185307179557" classname="MockTest" time="0.001"/>
  <testcase name="[214] -42.23185307179557" classname="MockTest" time="0.001"/>
  <testcase name="[215] -42.13185307179557" classname="MockTest" time="0.0"/>
  <testcase name="[216] -42.03185307179557" classname="MockTest" time="0.0"/>
  <testcase name="[217] -41.931853071795565" classname="MockTest" time="0.0"/>
  <testcase name="[218] -41.831853071795564" classname="MockTest" time="0.001"/>
  <testcase name="[219] -41.73185307179556" classname="MockTest" time="0.001"/>
  <testcase name="[220] -41.63185307179556" classname="MockTest" time="0.0"/>
  <testcase name="[221] -41.53185307179556" classname="MockTest" time="0.0"/>
  <testcase name="[222] -41.43185307179556" classname="MockTest" time="0.001"/>
  <testcase name="[223] -41.33185307179556" classname="MockTest" time="0.001"/>
  <testcase name="[224] -41.231853071795555" classname="MockTest" time="0.0"/>
  <testcase name="[225] -41.131853071795554" classname="MockTest" time="0.001"/>
  <testcase name="[226] -41.03185307179555" classname="MockTest" time="0.001"/>
  <testcase name="[227] -40.93185307179555" classname="MockTest" time="0.001"/>
  <testcase name="[228] -40.83185307179555" classname="MockTest" time="0.001"/>
  <testcase name="[229] -40.73185307179555" classname="MockTest" time="0.0"/>
  <testcase name="[230] -40.63185307179555" classname="MockTest" time="0.0"/>
  <testcase name="[231] -40.531853071795545" classname="MockTest" time="0.001"/>
  <testcase name="[232] -40.431853071795544" classname="MockTest" time="0.0"/>
  <testcase name="[233] -40.33185307179554" classname="MockTest" time="0.0"/>
  <testcase name="[234] -40.23185307179554" classname="MockTest" time="0.001"/>
  <testcase name="[235] -40.21238596594935" classname="MockTest" time="0.0"/>
  <testcase name="[236] -40.13185307179554" classname="MockTest" time="0.0"/>
  <testcase name="[237] -40.03185307179554" classname="MockTest" time="0.0"/>
  <testcase name="[238] -39.93185307179554" classname="MockTest" time="0.0"/>
  <testcase name="[239] -39.831853071795535" classname="MockTest" time="0.001"/>
  <testcase name="[240] -39.731853071795534" classname="MockTest" time="0.001"/>
  <testcase name="[241] -39.63185307179553" classname="MockTest" time="0.001"/>
  <testcase name="[242] -39.53185307179553" classname="MockTest" time="0.0"/>
  <testcase name="[243] -39.43185307179553" classname="MockTest" time="0.001"/>
  <testcase name="[244] -39.33185307179553" classname="MockTest" time="0.001"/>
  <testcase name="[245] -39.23185307179553" classname="MockTest" time="0.0"/>
  <testcase name="[246] -39.131853071795526" classname="MockTest" time="0.001"/>
  <testcase name="[247] -39.031853071795524" classname="MockTest" time="0.0"/>
  <testcase name="[248] -38.93185307179552" classname="MockTest" time="0.0"/>
  <testcase name="[249] -38.83185307179552" classname="MockTest" time="0.0"/>
  <testcase name="[250] -38.73185307179552" classname="MockTest" time="0.0"/>
  <testcase name="[251] -38.63185307179552" classname="MockTest" time="0.0"/>
  <testcase name="[252] -38.53185307179552" classname="MockTest" time="0.0"/>
  <testcase name="[253] -38.431853071795516" classname="MockTest" time="0.0"/>
  <testcase name="[254] -38.331853071795514" classname="MockTest" time="0.001"/>
  <testcase name="[255] -38.23185307179551" classname="MockTest" time="0.001"/>
  <testcase name="[256] -38.13185307179551" classname="MockTest" time="0.001"/>
  <testcase name="[257] -38.03185307179551" classname="MockTest" time="0.001"/>
  <testcase name="[258] -37.93185307179551" classname="MockTest" time="0.001"/>
  <testcase name="[259] -37.83185307179551" classname="MockTest" time="0.001"/>
  <testcase name="[260] -37.731853071795506" classname="MockTest" time="0.001"/>
  <testcase name="[261] -37.631853071795504" classname="MockTest" time="0.001"/>
  <testcase name="[262] -37.5318530717955" classname="MockTest" time="0.001"/>
  <testcase name="[263] -37.4318530717955" classname="MockTest" time="0.001"/>
  <testcase name="[264] -37.3318530717955" classname="MockTest" time="0.0"/>
  <testcase name="[265] -37.2318530717955" classname="MockTest" time="0.001"/>
  <testcase name="[266] -37.1318530717955" classname="MockTest" time="0.0"/>
  <testcase name="[267] -37.070793312359555" classname="MockTest" time="0.0"/>
  <testcase name="[268] -37.031853071795496" classname="MockTest" time="0.001"/>
  <testcase name="[269] -36.931853071795494" classname="MockTest" time="0.0"/>
  <testcase name="[270] -36.83185307179549" classname="MockTest" time="0.001"/>
  <testcase name="[271] -36.73185307179549" classname="MockTest" time="0.0"/>
  <testcase name="[272] -36.63185307179549" classname="MockTest" time="0.001"/>
  <testcase name="[273] -36.53185307179549" classname="MockTest" time="0.0"/>
  <testcase name="[274] -36.43185307179549" classname="MockTest" time="0.0"/>
  <testcase name="[275] -36.331853071795486" classname="MockTest" time="0.001"/>
  <testcase name="[276] -36.231853071795484" classname="MockTest" time="0.001"/>
  <testcase name="[277] -36.13185307179548" classname="MockTest" time="0.0"/>
  <testcase name="[278] -36.03185307179548" classname="MockTest" time="0.0"/>
  <testcase name="[279] -35.93185307179548" classname="MockTest" time="0.001"/>
  <testcase name="[280] -35.83185307179548" classname="MockTest" time="0.001"/>
  <testcase name="[281] -35.73185307179548" classname="MockTest" time="0.0"/>
  <testcase name="[282] -35.631853071795476" classname="MockTest" time="0.001"/>
  <testcase name="[283] -35.531853071795474" classname="MockTest" time="0.0"/>
  <testcase name="[284] -35.43185307179547" classname="MockTest" time="0.0"/>
  <testcase name="[285] -35.33185307179547" classname="MockTest" time="0.001"/>
  <testcase name="[286] -35.23185307179547" classname="MockTest" time="0.0"/>
  <testcase name="[287] -35.13185307179547" classname="MockTest" time="0.0"/>
  <testcase name="[288] -35.03185307179547" classname="MockTest" time="0.001"/>
  <testcase name="[289] -34.931853071795466" classname="MockTest" time="0.0"/>
  <testcase name="[290] -34.831853071795464" classname="MockTest" time="0.001"/>
  <testcase name="[291] -34.73185307179546" classname="MockTest" time="0.0"/>
  <testcase name="[292] -34.63185307179546" classname="MockTest" time="0.0"/>
  <testcase name="[293] -34.53185307179546" classname="MockTest" time="0.001"/>
  <testcase name="[294] -34.43185307179546" classname="MockTest" time="0.0"/>
  <testcase name="[295] -34.33185307179546" classname="MockTest" time="0.0"/>
  <testcase name="[296] -34.231853071795456" classname="MockTest" time="0.001"/>
  <testcase name="[297] -34.131853071795454" classname="MockTest" time="0.0"/>
  <testcase name="[298] -34.03185307179545" classname="MockTest" time="0.001"/>
  <testcase name="[299] -33.93185307179545" classname="MockTest" time="0.0"/>
  <testcase name="[300] -33.929200658769766" classname="MockTest" time="0.0"/>
  <testcase name="[301] -33.83185307179545" classname="MockTest" time="0.001"/>
  <testcase name="[302] -33.73185307179545" classname="MockTest" time="0.0"/>
  <testcase name="[303] -33.63185307179545" classname="MockTest" time="0.001"/>
  <testcase name="[304] -33.531853071795446" classname="MockTest" time="0.0"/>
  <testcase name="[305] -33.431853071795445" classname="MockTest" time="0.001"/>
  <testcase name="[306] -33.33185307179544" classname="MockTest" time="0.0"/>
  <testcase name="[307] -33.23185307179544" classname="MockTest" time="0.001"/>
  <testcase name="[308] -33.13185307179544" classname="MockTest" time="0.0"/>
  <testcase name="[309] -33.03185307179544" classname="MockTest" time="0.0"/>
  <testcase name="[310] -32.93185307179544" classname="MockTest" time="0.001"/>
  <testcase name="[311] -32.831853071795436" classname="MockTest" time="0.0"/>
  <testcase name="[312] -32.731853071795435" classname="MockTest" time="0.001"/>
  <testcase name="[313] -32.63185307179543" classname="MockTest" time="0.0"/>
  <testcase name="[314] -32.53185307179543" classname="MockTest" time="0.001"/>
  <testcase name="[315] -32.43185307179543" classname="MockTest" time="0.0"/>
  <testcase name="[316] -32.33185307179543" classname="MockTest" time="0.001"/>
  <testcase name="[317] -32.23185307179543" classname="MockTest" time="0.0"/>
  <testcase name="[318] -32.131853071795426" classname="MockTest" time="0.001"/>
  <testcase name="[319] -32.031853071795425" classname="MockTest" time="0.0"/>
  <testcase name="[320] -31.931853071795423" classname="MockTest" time="0.0"/>
  <testcase name="[321] -31.831853071795422" classname="MockTest" time="0.001"/>
  <testcase name="[322] -31.73185307179542" classname="MockTest" time="0.0"/>
  <testcase name="[323] -31.63185307179542" classname="MockTest" time="0.001"/>
  <testcase name="[324] -31.531853071795418" classname="MockTest" time="0.0"/>
  <testcase name="[325] -31.431853071795416" classname="MockTest" time="0.001"/>
  <testcase name="[326] -31.331853071795415" classname="MockTest" time="0.0"/>
  <testcase name="[327] -31.231853071795413" classname="MockTest" time="0.001"/>
  <testcase name="[328] -31.131853071795412" classname="MockTest" time="0.0"/>
  <testcase name="[329] -31.03185307179541" classname="MockTest" time="0.001"/>
  <testcase name="[330] -30.93185307179541" classname="MockTest" time="0.001"/>
  <testcase name="[331] -30.831853071795408" classname="MockTest" time="0.0"/>
  <testcase name="[332] -30.787608005179973" classname="MockTest" time="0.001"/>
  <testcase name="[333] -30.731853071795406" classname="MockTest" time="0.0"/>
  <testcase name="[334] -30.631853071795405" classname="MockTest" time="0.0"/>
  <testcase name="[335] -30.531853071795403" classname="MockTest" time="0.001"/>
  <testcase name="[336] -30.431853071795402" classname="MockTest" time="0.0"/>
  <testcase name="[337] -30.3318530717954" classname="MockTest" time="0.001"/>
  <testcase name="[338] -30.2318530717954" classname="MockTest" time="0.005"/>
  <testcase name="[339] -30.131853071795398" classname="MockTest" time="0.001"/>
  <testcase name="[340] -30.031853071795396" classname="MockTest" time="0.001"/>
  <testcase name="[341] -29.931853071795395" classname="MockTest" time="0.0"/>
  <testcase name="[342] -29.831853071795393" classname="MockTest" time="0.001"/>
  <testcase name="[343] -29.731853071795392" classname="MockTest" time="0.001"/>
  <testcase name="[344] -29.63185307179539" classname="MockTest" time="0.0"/>
  <testcase name="[345] -29.53185307179539" classname="MockTest" time="0.001"/>
  <testcase name="[346] -29.431853071795388" classname="MockTest" time="0.001"/>
  <testcase name="[347] -29.331853071795386" classname="MockTest" time="0.001"/>
  <testcase name="[348] -29.231853071795385" classname="MockTest" time="0.0"/>
  <testcase name="[349] -29.131853071795383" classname="MockTest" time="0.001"/>
  <testcase name="[350] -29.031853071795382" classname="MockTest" time="0.0"/>
  <testcase name="[351] -28.93185307179538" classname="MockTest" time="0.0"/>
  <testcase name="[352] -28.83185307179538" classname="MockTest" time="0.0"/>
  <testcase name="[353] -28.731853071795378" classname="MockTest" time="0.0"/>
  <testcase name="[354] -28.631853071795376" classname="MockTest" time="0.001"/>
  <testcase name="[355] -28.531853071795375" classname="MockTest" time="0.0"/>
  <testcase name="[356] -28.431853071795373" classname="MockTest" time="0.001"/>
  <testcase name="[357] -28.331853071795372" classname="MockTest" time="0.0"/>
  <testcase name="[358] -28.23185307179537" classname="MockTest" time="0.001"/>
  <testcase name="[359] -28.13185307179537" classname="MockTest" time="0.0"/>
  <testcase name="[360] -28.031853071795368" classname="MockTest" time="0.001"/>
  <testcase name="[361] -27.931853071795366" classname="MockTest" time="0.0"/>
  <testcase name="[362] -27.831853071795365" classname="MockTest" time="0.001"/>
  <testcase name="[363] -27.731853071795364" classname="MockTest" time="0.0"/>
  <testcase name="[364] -27.64601535159018" classname="MockTest" time="0.001"/>
  <testcase name="[365] -27.631853071795362" classname="MockTest" time="0.0"/>
  <testcase name="[366] -27.53185307179536" classname="MockTest" time="0.001"/>
  <testcase name="[367] -27.43185307179536" classname="MockTest" time="0.0"/>
  <testcase name="[368] -27.331853071795358" classname="MockTest" time="0.001"/>
  <testcase name="[369] -27.231853071795356" classname="MockTest" time="0.0"/>
  <testcase name="[370] -27.131853071795355" classname="MockTest" time="0.0"/>
  <testcase name="[371] -27.031853071795354" classname="MockTest" time="0.0"/>
  <testcase name="[372] -26.931853071795352" classname="MockTest" time="0.0"/>
  <testcase name="[373] -26.83185307179535" classname="MockTest" time="0.0"/>
  <testcase name="[374] -26.73185307179535" classname="MockTest" time="0.0"/>
  <testcase name="[375] -26.631853071795348" classname="MockTest" time="0.001"/>
  <testcase name="[376] -26.531853071795346" classname="MockTest" time="0.0"/>
  <testcase name="[377] -26.431853071795345" classname="MockTest" time="0.001"/>
  <testcase name="[378] -26.331853071795344" classname="MockTest" time="0.0"/>
  <testcase name="[379] -26.231853071795342" classname="MockTest" time="0.0"/>
  <testcase name="[380] -26.13185307179534" classname="MockTest" time="0.001"/>
  <testcase name="[381] -26.03185307179534" classname="MockTest" time="0.0"/>
  <testcase name="[382] -25.931853071795338" classname="MockTest" time="0.001"/>
  <testcase name="[383] -25.831853071795337" classname="MockTest" time="0.0"/>
  <testcase name="[384] -25.731853071795335" classname="MockTest" time="0.0"/>
  <testcase name="[385] -25.631853071795334" classname="MockTest" time="0.001"/>
  <testcase name="[386] -25.531853071795332" classname="MockTest" time="0.0"/>
  <testcase name="[387] -25.43185307179533" classname="MockTest" time="0.0"/>
  <testcase name="[388] -25.33185307179533" classname="MockTest" time="0.0"/>
  <testcase name="[389] -25.231853071795328" classname="MockTest" time="0.0"/>
  <testcase name="[390] -25.131853071795327" classname="MockTest" time="0.001"/>
  <testcase name="[391] -25.031853071795325" classname="MockTest" time="0.0"/>
  <testcase name="[392] -24.931853071795324" classname="MockTest" time="0.001"/>
  <testcase name="[393] -24.831853071795322" classname="MockTest" time="0.001"/>
  <testcase name="[394] -24.73185307179532" classname="MockTest" time="0.0"/>
  <testcase name="[395] -24.63185307179532" classname="MockTest" time="0.001"/>
  <testcase name="[396] -24.531853071795318" classname="MockTest" time="0.0"/>
  <testcase name="[397] -24.504422698000386" classname="MockTest" time="0.0"/>
  <testcase name="[398] -24.431853071795317" classname="MockTest" time="0.001"/>
  <testcase name="[399] -24.331853071795315" classname="MockTest" time="0.0"/>
  <testcase name="[400] -24.231853071795314" classname="MockTest" time="0.001"/>
  <testcase name="[401] -24.131853071795312" classname="MockTest" time="0.0"/>
  <testcase name="[402] -24.03185307179531" classname="MockTest" time="0.001"/>
  <testcase name="[403] -23.93185307179531" classname="MockTest" time="0.0"/>
  <testcase name="[404] -23.831853071795308" classname="MockTest" time="0.0"/>
  <testcase name="[405] -23.731853071795307" classname="MockTest" time="0.001"/>
  <testcase name="[406] -23.631853071795305" classname="MockTest" time="0.001"/>
  <testcase name="[407] -23.531853071795304" classname="MockTest" time="0.0"/>
  <testcase name="[408] -23.431853071795302" classname="MockTest" time="0.001"/>
  <testcase name="[409] -23.3318530717953" classname="MockTest" time="0.001"/>
  <testcase name="[410] -23.2318530717953" classname="MockTest" time="0.001"/>
  <testcase name="[411] -23.131853071795298" classname="MockTest" time="0.001"/>
  <testcase name="[412] -23.031853071795297" classname="MockTest" time="0.001"/>
  <testcase name="[413] -22.931853071795295" classname="MockTest" time="0.001"/>
  <testcase name="[414] -22.831853071795294" classname="MockTest" time="0.001"/>
  <testcase name="[415] -22.731853071795292" classname="MockTest" time="0.001"/>
  <testcase name="[416] -22.63185307179529" classname="MockTest" time="0.001"/>
  <testcase name="[417] -22.53185307179529" classname="MockTest" time="0.0"/>
  <testcase name="[418] -22.431853071795288" classname="MockTest" time="0.0"/>
  <testcase name="[419] -22.331853071795287" classname="MockTest" time="0.001"/>
  <testcase name="[420] -22.231853071795285" classname="MockTest" time="0.001"/>
  <testcase name="[421] -22.131853071795284" classname="MockTest" time="0.0"/>
  <testcase name="[422] -22.031853071795283" classname="MockTest" time="0.0"/>
  <testcase name="[423] -21.93185307179528" classname="MockTest" time="0.0"/>
  <testcase name="[424] -21.83185307179528" classname="MockTest" time="0.001"/>
  <testcase name="[425] -21.73185307179528" classname="MockTest" time="0.0"/>
  <testcase name="[426] -21.631853071795277" classname="MockTest" time="0.001"/>
  <testcase name="[427] -21.531853071795275" classname="MockTest" time="0.0"/>
  <testcase name="[428] -21.431853071795274" classname="MockTest" time="0.0"/>
  <testcase name="[429] -21.362830044410593" classname="MockTest" time="0.001"/>
  <testcase name="[430] -21.331853071795273" classname="MockTest" time="0.0"/>
  <testcase name="[431] -21.23185307179527" classname="MockTest" time="0.001"/>
  <testcase name="[432] -21.13185307179527" classname="MockTest" time="0.0"/>
  <testcase name="[433] -21.03185307179527" classname="MockTest" time="0.0"/>
  <testcase name="[434] -20.931853071795267" classname="MockTest" time="0.001"/>
  <testcase name="[435] -20.831853071795265" classname="MockTest" time="0.0"/>
  <testcase name="[436] -20.731853071795264" classname="MockTest" time="0.001"/>
  <testcase name="[437] -20.631853071795263" classname="MockTest" time="0.0"/>
  <testcase name="[438] -20.53185307179526" classname="MockTest" time="0.0"/>
  <testcase name="[439] -20.43185307179526" classname="MockTest" time="0.001"/>
  <testcase name="[440] -20.33185307179526" classname="MockTest" time="0.0"/>
  <testcase name="[441] -20.231853071795257" classname="MockTest" time="0.001"/>
  <testcase name="[442] -20.131853071795256" classname="MockTest" time="0.0"/>
  <testcase name="[443] -20.031853071795254" classname="MockTest" time="0.001"/>
  <testcase name="[444] -19.931853071795253" classname="MockTest" time="0.0"/>
  <testcase name="[445] -19.83185307179525" classname="MockTest" time="0.001"/>
  <testcase name="[446] -19.73185307179525" classname="MockTest" time="0.0"/>
  <testcase name="[447] -19.63185307179525" classname="MockTest" time="0.001"/>
  <testcase name="[448] -19.531853071795247" classname="MockTest" time="0.001"/>
  <testcase name="[449] -19.431853071795246" classname="MockTest" time="0.0"/>
  <testcase name="[450] -19.331853071795244" classname="MockTest" time="0.0"/>
  <testcase name="[451] -19.231853071795243" classname="MockTest" time="0.001"/>
  <testcase name="[452] -19.13185307179524" classname="MockTest" time="0.0"/>
  <testcase name="[453] -19.03185307179524" classname="MockTest" time="0.001"/>
  <testcase name="[454] -18.93185307179524" classname="MockTest" time="0.0"/>
  <testcase name="[455] -18.831853071795237" classname="MockTest" time="0.0"/>
  <testcase name="[456] -18.731853071795236" classname="MockTest" time="0.001"/>
  <testcase name="[457] -18.631853071795234" classname="MockTest" time="0.0"/>
  <testcase name="[458] -18.531853071795233" classname="MockTest" time="0.001"/>
  <testcase name="[459] -18.43185307179523" classname="MockTest" time="0.0"/>
  <testcase name="[460] -18.33185307179523" classname="MockTest" time="0.0"/>
  <testcase name="[461] -18.23185307179523" classname="MockTest" time="0.001"/>
  <testcase name="[462] -18.2212373908208" classname="MockTest" time="0.0"/>
  <testcase name="[463] -18.131853071795227" classname="MockTest" time="0.001"/>
  <testcase name="[464] -18.031853071795226" classname="MockTest" time="0.0"/>
  <testcase name="[465] -17.931853071795224" classname="MockTest" time="0.001"/>
  <testcase name="[466] -17.831853071795223" classname="MockTest" time="0.0"/>
  <testcase name="[467] -17.73185307179522" classname="MockTest" time="0.001"/>
  <testcase name="[468] -17.63185307179522" classname="MockTest" time="0.0"/>
  <testcase name="[469] -17.53185307179522" classname="MockTest" time="0.001"/>
  <testcase name="[470] -17.431853071795217" classname="MockTest" time="0.0"/>
  <testcase name="[471] -17.331853071795216" classname="MockTest" time="0.001"/>
  <testcase name="[472] -17.231853071795214" classname="MockTest" time="0.0"/>
  <testcase name="[473] -17.131853071795213" classname="MockTest" time="0.001"/>
  <testcase name="[474] -17.03185307179521" classname="MockTest" time="0.0"/>
  <testcase name="[475] -16.93185307179521" classname="MockTest" time="0.0"/>
  <testcase name="[476] -16.83185307179521" classname="MockTest" time="0.0"/>
  <testcase name="[477] -16.731853071795207" classname="MockTest" time="0.0"/>
  <testcase name="[478] -16.631853071795206" classname="MockTest" time="0.001"/>
  <testcase name="[479] -16.531853071795204" classname="MockTest" time="0.001"/>
  <testcase name="[480] -16.431853071795203" classname="MockTest" time="0.0"/>
  <testcase name="[481] -16.3318530717952" classname="MockTest" time="0.001"/>
  <testcase name="[482] -16.2318530717952" classname="MockTest" time="0.001"/>
  <testcase name="[483] -16.1318530717952" classname="MockTest" time="0.0"/>
  <testcase name="[484] -16.031853071795197" classname="MockTest" time="0.001"/>
  <testcase name="[485] -15.931853071795198" classname="MockTest" time="0.0"/>
  <testcase name="[486] -15.831853071795198" classname="MockTest" time="0.001"/>
  <testcase name="[487] -15.731853071795198" classname="MockTest" time="0.0"/>
  <testcase name="[488] -15.631853071795199" classname="MockTest" time="0.001"/>
  <testcase name="[489] -15.531853071795199" classname="MockTest" time="0.0"/>
  <testcase name="[490] -15.4318530717952" classname="MockTest" time="0.001"/>
  <testcase name="[491] -15.3318530717952" classname="MockTest" time="0.0"/>
  <testcase name="[492] -15.2318530717952" classname="MockTest" time="0.001"/>
  <testcase name="[493] -15.1318530717952" classname="MockTest" time="0.0"/>
  <testcase name="[494] -15.079644737231007" classname="MockTest" time="0.001"/>
  <testcase name="[495] -15.0318530717952" classname="MockTest" time="0.0"/>
  <testcase name="[496] -14.931853071795201" classname="MockTest" time="0.0"/>
  <testcase name="[497] -14.831853071795202" classname="MockTest" time="0.0"/>
  <testcase name="[498] -14.731853071795202" classname="MockTest" time="0.001"/>
  <testcase name="[499] -14.631853071795202" classname="MockTest" time="0.0"/>
  <testcase name="[500] -14.531853071795203" classname="MockTest" time="0.001"/>
  <testcase name="[501] -14.431853071795203" classname="MockTest" time="0.001"/>
  <testcase name="[502] -14.331853071795203" classname="MockTest" time="0.0"/>
  <testcase name="[503] -14.231853071795204" classname="MockTest" time="0.0"/>
  <testcase name="[504] -14.131853071795204" classname="MockTest" time="0.0"/>
  <testcase name="[505] -14.031853071795204" classname="MockTest" time="0.0"/>
  <testcase name="[506] -13.931853071795205" classname="MockTest" time="0.0"/>
  <testcase name="[507] -13.831853071795205" classname="MockTest" time="0.0"/>
  <testcase name="[508] -13.731853071795205" classname="MockTest" time="0.0"/>
  <testcase name="[509] -13.631853071795206" classname="MockTest" time="0.0"/>
  <testcase name="[510] -13.531853071795206" classname="MockTest" time="0.0"/>
  <testcase name="[511] -13.431853071795206" classname="MockTest" time="0.001"/>
  <testcase name="[512] -13.331853071795207" classname="MockTest" time="0.0"/>
  <testcase name="[513] -13.231853071795207" classname="MockTest" time="0.001"/>
  <testcase name="[514] -13.131853071795208" classname="MockTest" time="0.0"/>
  <testcase name="[515] -13.031853071795208" classname="MockTest" time="0.001"/>
  <testcase name="[516] -12.931853071795208" classname="MockTest" time="0.0"/>
  <testcase name="[517] -12.831853071795209" classname="MockTest" time="0.001"/>
  <testcase name="[518] -12.731853071795209" classname="MockTest" time="0.0"/>
  <testcase name="[519] -12.63185307179521" classname="MockTest" time="0.001"/>
  <testcase name="[520] -12.53185307179521" classname="MockTest" time="0.0"/>
  <testcase name="[521] -12.43185307179521" classname="MockTest" time="0.001"/>
  <testcase name="[522] -12.33185307179521" classname="MockTest" time="0.0"/>
  <testcase name="[523] -12.23185307179521" classname="MockTest" time="0.001"/>
  <testcase name="[524] -12.131853071795211" classname="MockTest" time="0.0"/>
  <testcase name="[525] -12.031853071795211" classname="MockTest" time="0.0"/>
  <testcase name="[526] -11.938052083641214" classname="MockTest" time="0.0"/>
  <testcase name="[527] -11.931853071795212" classname="MockTest" time="0.0"/>
  <testcase name="[528] -11.831853071795212" classname="MockTest" time="0.0"/>
  <testcase name="[529] -11.731853071795213" classname="MockTest" time="0.0"/>
  <testcase name="[530] -11.631853071795213" classname="MockTest" time="0.0"/>
  <testcase name="[531] -11.531853071795213" classname="MockTest" time="0.001"/>
  <testcase name="[532] -11.431853071795214" classname="MockTest" time="0.0"/>
  <testcase name="[533] -11.331853071795214" classname="MockTest" time="0.001"/>
  <testcase name="[534] -11.231853071795214" classname="MockTest" time="0.0"/>
  <testcase name="[535] -11.131853071795215" classname="MockTest" time="0.001"/>
  <testcase name="[536] -11.031853071795215" classname="MockTest" time="0.001"/>
  <testcase name="[537] -10.931853071795215" classname="MockTest" time="0.0"/>
  <testcase name="[538] -10.831853071795216" classname="MockTest" time="0.001"/>
  <testcase name="[539] -10.731853071795216" classname="MockTest" time="0.0"/>
  <testcase name="[540] -10.631853071795216" classname="MockTest" time="0.001"/>
  <testcase name="[541] -10.531853071795217" classname="MockTest" time="0.0"/>
  <testcase name="[542] -10.431853071795217" classname="MockTest" time="0.0"/>
  <testcase name="[543] -10.331853071795218" classname="MockTest" time="0.0"/>
  <testcase name="[544] -10.231853071795218" classname="MockTest" time="0.0"/>
  <testcase name="[545] -10.131853071795218" classname="MockTest" time="0.001"/>
  <testcase name="[546] -10.031853071795219" classname="MockTest" time="0.0"/>
  <testcase name="[547] -9.931853071795219" classname="MockTest" time="0.001"/>
  <testcase name="[548] -9.83185307179522" classname="MockTest" time="0.0"/>
  <testcase name="[549] -9.73185307179522" classname="MockTest" time="0.001"/>
  <testcase name="[550] -9.63185307179522" classname="MockTest" time="0.0"/>
  <testcase name="[551] -9.53185307179522" classname="MockTest" time="0.0"/>
  <testcase name="[552] -9.43185307179522" classname="MockTest" time="0.0"/>
  <testcase name="[553] -9.331853071795221" classname="MockTest" time="0.0"/>
  <testcase name="[554] -9.231853071795221" classname="MockTest" time="0.0"/>
  <testcase name="[555] -9.131853071795222" classname="MockTest" time="0.0"/>
  <testcase name="[556] -9.031853071795222" classname="MockTest" time="0.001"/>
  <testcase name="[557] -8.931853071795222" classname="MockTest" time="0.0"/>
  <testcase name="[558] -8.831853071795223" classname="MockTest" time="0.001"/>
  <testcase name="[559] -8.79645943005142" classname="MockTest" time="0.0"/>
  <testcase name="[560] -8.731853071795223" classname="MockTest" time="0.001"/>
  <testcase name="[561] -8.631853071795224" classname="MockTest" time="0.0"/>
  <testcase name="[562] -8.531853071795224" classname="MockTest" time="0.0"/>
  <testcase name="[563] -8.431853071795224" classname="MockTest" time="0.0"/>
  <testcase name="[564] -8.331853071795225" classname="MockTest" time="0.0"/>
  <testcase name="[565] -8.231853071795225" classname="MockTest" time="0.0"/>
  <testcase name="[566] -8.131853071795225" classname="MockTest" time="0.0"/>
  <testcase name="[567] -8.031853071795226" classname="MockTest" time="0.0"/>
  <testcase name="[568] -7.931853071795226" classname="MockTest" time="0.0"/>
  <testcase name="[569] -7.831853071795226" classname="MockTest" time="0.0"/>
  <testcase name="[570] -7.731853071795227" classname="MockTest" time="0.0"/>
  <testcase name="[571] -7.631853071795227" classname="MockTest" time="0.0"/>
  <testcase name="[572] -7.5318530717952275" classname="MockTest" time="0.001"/>
  <testcase name="[573] -7.431853071795228" classname="MockTest" time="0.0"/>
  <testcase name="[574] -7.331853071795228" classname="MockTest" time="0.001"/>
  <testcase name="[575] -7.2318530717952285" classname="MockTest" time="0.0"/>
  <testcase name="[576] -7.131853071795229" classname="MockTest" time="0.001"/>
  <testcase name="[577] -7.031853071795229" classname="MockTest" time="0.0"/>
  <testcase name="[578] -6.93185307179523" classname="MockTest" time="0.0"/>
  <testcase name="[579] -6.83185307179523" classname="MockTest" time="0.001"/>
  <testcase name="[580] -6.73185307179523" classname="MockTest" time="0.0"/>
  <testcase name="[581] -6.631853071795231" classname="MockTest" time="0.001"/>
  <testcase name="[582] -6.531853071795231" classname="MockTest" time="0.001"/>
  <testcase name="[583] -6.431853071795231" classname="MockTest" time="0.001"/>
  <testcase name="[584] -6.331853071795232" classname="MockTest" time="0.0"/>
  <testcase name="[585] -6.283185307179586" classname="MockTest" time="0.001"/>
  <testcase name="[586] -6.183185307179587" classname="MockTest" time="0.0"/>
  <testcase name="[587] -6.083185307179587" classname="MockTest" time="0.001"/>
  <testcase name="[588] -5.983185307179587" classname="MockTest" time="0.001"/>
  <testcase name="[589] -5.883185307179588" classname="MockTest" time="0.006"/>
  <testcase name="[590] -5.783185307179588" classname="MockTest" time="0.001"/>
  <testcase name="[591] -5.683185307179588" classname="MockTest" time="0.001"/>
  <testcase name="[592] -5.654866776461628" classname="MockTest" time="0.0"/>
  <testcase name="[593] -5.583185307179589" classname="MockTest" time="0.001"/>
  <testcase name="[594] -5.483185307179589" classname="MockTest" time="0.0"/>
  <testcase name="[595] -5.383185307179589" classname="MockTest" time="0.0"/>
  <testcase name="[596] -5.28318530717959" classname="MockTest" time="0.0"/>
  <testcase name="[597] -5.18318530717959" classname="MockTest" time="0.0"/>
  <testcase name="[598] -5.0831853071795905" classname="MockTest" time="0.0"/>
  <testcase name="[599] -4.983185307179591" classname="MockTest" time="0.0"/>
  <testcase name="[600] -4.883185307179591" classname="MockTest" time="0.001"/>
  <testcase name="[601] -4.783185307179592" classname="MockTest" time="0.0"/>
  <testcase name="[602] -4.683185307179592" classname="MockTest" time="0.0"/>
  <testcase name="[603] -4.583185307179592" classname="MockTest" time="0.0"/>
  <testcase name="[604] -4.483185307179593" classname="MockTest" time="0.0"/>
  <testcase name="[605] -4.383185307179593" classname="MockTest" time="0.0"/>
  <testcase name="[606] -4.283185307179593" classname="MockTest" time="0.0"/>
  <testcase name="[607] -4.183185307179594" classname="MockTest" time="0.0"/>
  <testcase name="[608] -4.083185307179594" classname="MockTest" time="0.001"/>
  <testcase name="[609] -3.983185307179594" classname="MockTest" time="0.0"/>
  <testcase name="[610] -3.883185307179594" classname="MockTest" time="0.001"/>
  <testcase name="[611] -3.783185307179594" classname="MockTest" time="0.0"/>
  <testcase name="[612] -3.6831853071795937" classname="MockTest" time="0.0"/>
  <testcase name="[613] -3.5831853071795936" classname="MockTest" time="0.001"/>
  <testcase name="[614] -3.4831853071795935" classname="MockTest" time="0.0"/>
  <testcase name="[615] -3.3831853071795934" classname="MockTest" time="0.001"/>
  <testcase name="[616] -3.2831853071795933" classname="MockTest" time="0.0"/>
  <testcase name="[617] -3.1831853071795932" classname="MockTest" time="0.001"/>
  <testcase name="[618] -3.083185307179593" classname="MockTest" time="0.0"/>
  <testcase name="[619] -2.983185307179593" classname="MockTest" time="0.001"/>
  <testcase name="[620] -2.883185307179593" classname="MockTest" time="0.0"/>
  <testcase name="[621] -2.783185307179593" classname="MockTest" time="0.001"/>
  <testcase name="[622] -2.683185307179593" classname="MockTest" time="0.0"/>
  <testcase name="[623] -2.5831853071795927" classname="MockTest" time="0.001"/>
  <testcase name="[624] -2.5132741228718345" classname="MockTest" time="0.0"/>
  <testcase name="[625] -2.4831853071795926" classname="MockTest" time="0.001"/>
  <testcase name="[626] -2.3831853071795925" classname="MockTest" time="0.0"/>
  <testcase name="[627] -2.2831853071795924" classname="MockTest" time="0.0"/>
  <testcase name="[628] -2.1831853071795924" classname="MockTest" time="0.0"/>
  <testcase name="[629] -2.0831853071795923" classname="MockTest" time="0.0"/>
  <testcase name="[630] -1.9831853071795922" classname="MockTest" time="0.001"/>
  <testcase name="[631] -1.883185307179592" classname="MockTest" time="0.0"/>
  <testcase name="[632] -1.783185307179592" classname="MockTest" time="0.001"/>
  <testcase name="[633] -1.683185307179592" classname="MockTest" time="0.0"/>
  <testcase name="[634] -1.5831853071795918" classname="MockTest" time="0.0"/>
  <testcase name="[635] -1.4831853071795917" classname="MockTest" time="0.0"/>
  <testcase name="[636] -1.3831853071795916" classname="MockTest" time="0.001"/>
  <testcase name="[637] -1.2831853071795916" classname="MockTest" time="0.0"/>
  <testcase name="[638] -1.1831853071795915" classname="MockTest" time="0.001"/>
  <testcase name="[639] -1.0831853071795914" classname="MockTest" time="0.0"/>
  <testcase name="[640] -0.9831853071795914" classname="MockTest" time="0.001"/>
  <testcase name="[641] -0.8831853071795914" classname="MockTest" time="0.0"/>
  <testcase name="[642] -0.7831853071795915" classname="MockTest" time="0.0"/>
  <testcase name="[643] -0.6831853071795915" classname="MockTest" time="0.0"/>
  <testcase name="[644] -0.5831853071795915" classname="MockTest" time="0.001"/>
  <testcase name="[645] -0.4831853071795915" classname="MockTest" time="0.0"/>
  <testcase name="[646] -0.38318530717959154" classname="MockTest" time="0.001"/>
  <testcase name="[647] -0.28318530717959156" classname="MockTest" time="0.0"/>
  <testcase name="[648] -0.18318530717959156" classname="MockTest" time="0.001"/>
  <testcase name="[649] -0.08318530717959155" classname="MockTest" time="0.0"/>
  <testcase name="[650] 0.0" classname="MockTest" time="0.001"/>
  <testcase name="[651] 0.016814692820408456" classname="MockTest" time="0.0"/>
  <testcase name="[652] 0.1" classname="MockTest" time="0.001"/>
  <testcase name="[653] 0.11681469282040846" classname="MockTest" time="0.0"/>
  <testcase name="[654] 0.2" classname="MockTest" time="0.0"/>
  <testcase name="[655] 0.21681469282040847" classname="MockTest" time="0.0"/>
  <testcase name="[656] 0.31681469282040847" classname="MockTest" time="0.0"/>
  <testcase name="[657] 0.4168146928204085" classname="MockTest" time="0.0"/>
  <testcase name="[658] 0.5" classname="MockTest" time="0.0"/>
  <testcase name="[659] 0.5168146928204085" classname="MockTest" time="0.001"/>
  <testcase name="[660] 0.5235987755982988" classname="MockTest" time="0.0"/>
  <testcase name="[661] 0.6168146928204085" classname="MockTest" time="0.001"/>
  <testcase name="[662] 0.7168146928204084" classname="MockTest" time="0.0"/>
  <testcase name="[663] 0.7853981633974483" classname="MockTest" time="0.001"/>
  <testcase name="[664] 0.8168146928204084" classname="MockTest" time="0.0"/>
  <testcase name="[665] 0.9168146928204084" classname="MockTest" time="0.0"/>
  <testcase name="[666] 1.0" classname="MockTest" time="0.0"/>
  <testcase name="[667] 1.0168146928204085" classname="MockTest" time="0.0"/>
  <testcase name="[668] 1.0471975511965976" classname="MockTest" time="0.001"/>
  <testcase name="[669] 1.1168146928204086" classname="MockTest" time="0.0"/>
  <testcase name="[670] 1.2168146928204087" classname="MockTest" time="0.001"/>
  <testcase name="[671] 1.3168146928204087" classname="MockTest" time="0.0"/>
  <testcase name="[672] 1.4168146928204088" classname="MockTest" time="0.001"/>
  <testcase name="[673] 1.516814692820409" classname="MockTest" time="0.001"/>
  <testcase name="[674] 1.5707963267948966" classname="MockTest" time="0.001"/>
  <testcase name="[675] 1.616814692820409" classname="MockTest" time="0.001"/>
  <testcase name="[676] 1.6909125123605662" classname="MockTest" time="0.0"/>
  <testcase name="[677] 1.716814692820409" classname="MockTest" time="0.001"/>
  <testcase name="[678] 1.8168146928204092" classname="MockTest" time="0.001"/>
  <testcase name="[679] 1.9168146928204093" classname="MockTest" time="0.0"/>
  <testcase name="[680] 2.0" classname="MockTest" time="0.0"/>
  <testcase name="[681] 2.016814692820409" classname="MockTest" time="0.001"/>
  <testcase name="[682] 2.0943951023931953" classname="MockTest" time="0.001"/>
  <testcase name="[683] 2.1168146928204092" classname="MockTest" time="0.001"/>
  <testcase name="[684] 2.2168146928204093" classname="MockTest" time="0.0"/>
  <testcase name="[685] 2.3168146928204094" classname="MockTest" time="0.0"/>
  <testcase name="[686] 2.356194490192345" classname="MockTest" time="0.001"/>
  <testcase name="[687] 2.4168146928204095" classname="MockTest" time="0.0"/>
  <testcase name="[688] 2.5168146928204096" classname="MockTest" time="0.0"/>
  <testcase name="[689] 2.6168146928204097" classname="MockTest" time="0.001"/>
  <testcase name="[690] 2.6179938779914944" classname="MockTest" time="0.001"/>
  <testcase name="[691] 2.7168146928204098" classname="MockTest" time="0.0"/>
  <testcase name="[692] 2.718281828459045" classname="MockTest" time="0.0"/>
  <testcase name="[693] 2.81681469282041" classname="MockTest" time="0.001"/>
  <testcase name="[694] 2.91681469282041" classname="MockTest" time="0.0"/>
  <testcase name="[695] 3.0" classname="MockTest" time="0.0"/>
  <testcase name="[696] 3.01681469282041" classname="MockTest" time="0.001"/>
  <testcase name="[697] 3.11681469282041" classname="MockTest" time="0.001"/>
  <testcase name="[698] 3.141592653589793" classname="MockTest" time="0.0"/>
  <testcase name="[699] 3.21681469282041" classname="MockTest" time="0.001"/>
  <testcase name="[700] 3.3168146928204103" classname="MockTest" time="0.001"/>
  <testcase name="[701] 3.4168146928204104" classname="MockTest" time="0.0"/>
  <testcase name="[702] 3.5168146928204105" classname="MockTest" time="0.0"/>
  <testcase name="[703] 3.6168146928204106" classname="MockTest" time="0.001"/>
  <testcase name="[704] 3.665191429188092" classname="MockTest" time="0.001"/>
  <testcase name="[705] 3.7168146928204107" classname="MockTest" time="0.001"/>
  <testcase name="[706] 3.8168146928204107" classname="MockTest" time="0.001"/>
  <testcase name="[707] 3.916814692820411" classname="MockTest" time="0.0"/>
  <testcase name="[708] 3.9269908169872414" classname="MockTest" time="0.001"/>
  <testcase name="[709] 4.0" classname="MockTest" time="0.001"/>
  <testcase name="[710] 4.0" classname="MockTest" time="0.0"/>
  <testcase name="[711] 4.016814692820411" classname="MockTest" time="0.0"/>
  <testcase name="[712] 4.116814692820411" classname="MockTest" time="0.001"/>
  <testcase name="[713] 4.1887902047863905" classname="MockTest" time="0.001"/>
  <testcase name="[714] 4.21681469282041" classname="MockTest" time="0.001"/>
  <testcase name="[715] 4.31681469282041" classname="MockTest" time="0.0"/>
  <testcase name="[716] 4.4168146928204095" classname="MockTest" time="0.0"/>
  <testcase name="[717] 4.516814692820409" classname="MockTest" time="0.001"/>
  <testcase name="[718] 4.616814692820409" classname="MockTest" time="0.001"/>
  <testcase name="[719] 4.71238898038469" classname="MockTest" time="0.001"/>
  <testcase name="[720] 4.716814692820408" classname="MockTest" time="0.0"/>
  <testcase name="[721] 4.816814692820408" classname="MockTest" time="0.0"/>
  <testcase name="[722] 4.916814692820408" classname="MockTest" time="0.001"/>
  <testcase name="[723] 5.0" classname="MockTest" time="0.0"/>
  <testcase name="[724] 5.0" classname="MockTest" time="0.001"/>
  <testcase name="[725] 5.016814692820407" classname="MockTest" time="0.001"/>
  <testcase name="[726] 5.116814692820407" classname="MockTest" time="0.0"/>
  <testcase name="[727] 5.216814692820407" classname="MockTest" time="0.0"/>
  <testcase name="[728] 5.235987755982989" classname="MockTest" time="0.0"/>
  <testcase name="[729] 5.316814692820406" classname="MockTest" time="0.0"/>
  <testcase name="[730] 5.416814692820406" classname="MockTest" time="0.0"/>
  <testcase name="[731] 5.497787143782138" classname="MockTest" time="0.0"/>
  <testcase name="[732] 5.516814692820406" classname="MockTest" time="0.0"/>
  <testcase name="[733] 5.616814692820405" classname="MockTest" time="0.0"/>
  <testcase name="[734] 5.716814692820405" classname="MockTest" time="0.0"/>
  <testcase name="[735] 5.759586531581287" classname="MockTest" time="0.001"/>
  <testcase name="[736] 5.8168146928204045" classname="MockTest" time="0.0"/>
  <testcase name="[737] 5.916814692820404" classname="MockTest" time="0.0"/>
  <testcase name="[738] 6.0" classname="MockTest" time="0.001"/>
  <testcase name="[739] 6.016814692820404" classname="MockTest" time="0.0"/>
  <testcase name="[740] 6.1168146928204035" classname="MockTest" time="0.0"/>
  <testcase name="[741] 6.216814692820403" classname="MockTest" time="0.0"/>
  <testcase name="[742] 6.283185307179586" classname="MockTest" time="0.0"/>
  <testcase name="[743] 7.0" classname="MockTest" time="0.0"/>
  <testcase name="[744] 8.0" classname="MockTest" time="0.0"/>
  <testcase name="[745] 8.0" classname="MockTest" time="0.0"/>
  <testcase name="[746] 9.0" classname="MockTest" time="0.001"/>
  <testcase name="[747] 9.0" classname="MockTest" time="0.0"/>
  <testcase name="[748] 10.0" classname="MockTest" time="0.001"/>
  <testcase name="[749] 10.0" classname="MockTest" time="0.0"/>
  <testcase name="[750] 11.0" classname="MockTest" time="0.0"/>
  <testcase name="[751] 12.0" classname="MockTest" time="0.0"/>
  <testcase name="[752] 13.0" classname="MockTest" time="0.001"/>
  <testcase name="[753] 14.0" classname="MockTest" time="0.0"/>
  <testcase name="[754] 15.0" classname="MockTest" time="0.001"/>
  <testcase name="[755] 16.0" classname="MockTest" time="0.0"/>
  <testcase name="[756] 16.0" classname="MockTest" time="0.001"/>
  <testcase name="[757] 17.0" classname="MockTest" time="0.0"/>
  <testcase name="[758] 18.0" classname="MockTest" time="0.0"/>
  <testcase name="[759] 19.0" classname="MockTest" time="0.001"/>
  <testcase name="[760] 20.0" classname="MockTest" time="0.0"/>
  <testcase name="[761] 21.0" classname="MockTest" time="0.001"/>
  <testcase name="[762] 22.0" classname="MockTest" time="0.0"/>
  <testcase name="[763] 23.0" classname="MockTest" time="0.001"/>
  <testcase name="[764] 24.0" classname="MockTest" time="0.0"/>
  <testcase name="[765] 25.0" classname="MockTest" time="0.001"/>
  <testcase name="[766] 25.0" classname="MockTest" time="0.0"/>
  <testcase name="[767] 26.0" classname="MockTest" time="0.0"/>
  <testcase name="[768] 27.0" classname="MockTest" time="0.0"/>
  <testcase name="[769] 27.0" classname="MockTest" time="0.0"/>
  <testcase name="[770] 28.0" classname="MockTest" time="0.0"/>
  <testcase name="[771] 29.0" classname="MockTest" time="0.001"/>
  <testcase name="[772] 30.0" classname="MockTest" time="0.0"/>
  <testcase name="[773] 31.0" classname="MockTest" time="0.001"/>
  <testcase name="[774] 32.0" classname="MockTest" time="0.0"/>
  <testcase name="[775] 32.0" classname="MockTest" time="0.001"/>
  <testcase name="[776] 33.0" classname="MockTest" time="0.001"/>
  <testcase name="[777] 34.0" classname="MockTest" time="0.001"/>
  <testcase name="[778] 35.0" classname="MockTest" time="0.001"/>
  <testcase name="[779] 36.0" classname="MockTest" time="0.0"/>
  <testcase name="[780] 37.0" classname="MockTest" time="0.0"/>
  <testcase name="[781] 38.0" classname="MockTest" time="0.0"/>
  <testcase name="[782] 39.0" classname="MockTest" time="0.001"/>
  <testcase name="[783] 40.0" classname="MockTest" time="0.0"/>
  <testcase name="[784] 41.0" classname="MockTest" time="0.001"/>
  <testcase name="[785] 42.0" classname="MockTest" time="0.0"/>
  <testcase name="[786] 43.0" classname="MockTest" time="0.0"/>
  <testcase name="[787] 44.0" classname="MockTest" time="0.001"/>
  <testcase name="[788] 45.0" classname="MockTest" time="0.0"/>
  <testcase name="[789] 46.0" classname="MockTest" time="0.001"/>
  <testcase name="[790] 47.0" classname="MockTest" time="0.001"/>
  <testcase name="[791] 48.0" classname="MockTest" time="0.0"/>
  <testcase name="[792] 49.0" classname="MockTest" time="0.001"/>
  <testcase name="[793] 50.0" classname="MockTest" time="0.0"/>
  <testcase name="[794] 51.0" classname="MockTest" time="0.001"/>
  <testcase name="[795] 52.0" classname="MockTest" time="0.0"/>
  <testcase name="[796] 53.0" classname="MockTest" time="0.0"/>
  <testcase name="[797] 54.0" classname="MockTest" time="0.001"/>
  <testcase name="[798] 55.0" classname="MockTest" time="0.0"/>
  <testcase name="[799] 56.0" classname="MockTest" time="0.001"/>
  <testcase name="[800] 57.0" classname="MockTest" time="0.0"/>
  <testcase name="[801] 58.0" classname="MockTest" time="0.001"/>
  <testcase name="[802] 59.0" classname="MockTest" time="0.0"/>
  <testcase name="[803] 60.0" classname="MockTest" time="0.001"/>
  <testcase name="[804] 61.0" classname="MockTest" time="0.0"/>
  <testcase name="[805] 62.0" classname="MockTest" time="0.0"/>
  <testcase name="[806] 63.0" classname="MockTest" time="0.001"/>
  <testcase name="[807] 64.0" classname="MockTest" time="0.001"/>
  <testcase name="[808] 64.0" classname="MockTest" time="0.001"/>
  <testcase name="[809] 65.0" classname="MockTest" time="0.001"/>
  <testcase name="[810] 66.0" classname="MockTest" time="0.001"/>
  <testcase name="[811] 67.0" classname="MockTest" time="0.0"/>
  <testcase name="[812] 68.0" classname="MockTest" time="0.0"/>
  <testcase name="[813] 69.0" classname="MockTest" time="0.0"/>
  <testcase name="[814] 70.0" classname="MockTest" time="0.0"/>
  <testcase name="[815] 71.0" classname="MockTest" time="0.001"/>
  <testcase name="[816] 72.0" classname="MockTest" time="0.0"/>
  <testcase name="[817] 73.0" classname="MockTest" time="0.001"/>
  <testcase name="[818] 74.0" classname="MockTest" time="0.001"/>
  <testcase name="[819] 75.0" classname="MockTest" time="0.001"/>
  <testcase name="[820] 76.0" classname="MockTest" time="0.001"/>
  <testcase name="[821] 77.0" classname="MockTest" time="0.001"/>
  <testcase name="[822] 78.0" classname="MockTest" time="0.0"/>
  <testcase name="[823] 79.0" classname="MockTest" time="0.0"/>
  <testcase name="[824] 80.0" classname="MockTest" time="0.001"/>
  <testcase name="[825] 81.0" classname="MockTest" time="0.0"/>
  <testcase name="[826] 81.0" classname="MockTest" time="0.001"/>
  <testcase name="[827] 82.0" classname="MockTest" time="0.0"/>
  <testcase name="[828] 83.0" classname="MockTest" time="0.001"/>
  <testcase name="[829] 84.0" classname="MockTest" time="0.0"/>
  <testcase name="[830] 85.0" classname="MockTest" time="0.001"/>
  <testcase name="[831] 86.0" classname="MockTest" time="0.001"/>
  <testcase name="[832] 87.0" classname="MockTest" time="0.0"/>
  <testcase name="[833] 88.0" classname="MockTest" time="0.001"/>
  <testcase name="[834] 89.0" classname="MockTest" time="0.0"/>
  <testcase name="[835] 90.0" classname="MockTest" time="0.001"/>
  <testcase name="[836] 91.0" classname="MockTest" time="0.0"/>
  <testcase name="[837] 92.0" classname="MockTest" time="0.0"/>
  <testcase name="[838] 93.0" classname="MockTest" time="0.001"/>
  <testcase name="[839] 94.0" classname="MockTest" time="0.0"/>
  <testcase name="[840] 95.0" classname="MockTest" time="0.001"/>
  <testcase name="[841] 96.0" classname="MockTest" time="0.001"/>
  <testcase name="[842] 97.0" classname="MockTest" time="0.0"/>
  <testcase name="[843] 98.0" classname="MockTest" time="0.0"/>
  <testcase name="[844] 99.0" classname="MockTest" time="0.001"/>
  <testcase name="[845] 125.0" classname="MockTest" time="0.0"/>
  <testcase name="[846] 128.0" classname="MockTest" time="0.001"/>
  <testcase name="[847] 243.0" classname="MockTest" time="0.0"/>
  <testcase name="[848] 256.0" classname="MockTest" time="0.001"/>
  <testcase name="[849] 512.0" classname="MockTest" time="0.001"/>
  <testcase name="[850] 625.0" classname="MockTest" time="0.0"/>
  <testcase name="[851] 729.0" classname="MockTest" time="0.001"/>
  <testcase name="[852] 1024.0" classname="MockTest" time="0.0"/>
  <testcase name="[853] 2187.0" classname="MockTest" time="0.001"/>
  <testcase name="[854] 3125.0" classname="MockTest" time="0.0"/>
  <testcase name="[855] 6561.0" classname="MockTest" time="0.0"/>
  <testcase name="[856] 15625.0" classname="MockTest" time="0.0"/>
  <testcase name="[857] 19683.0" classname="MockTest" time="0.0"/>
  <testcase name="[858] 59049.0" classname="MockTest" time="0.0"/>
  <testcase name="[859] 78125.0" classname="MockTest" time="0.0"/>
  <testcase name="[860] 390625.0" classname="MockTest" time="0.001"/>
  <testcase name="[861] 1953125.0" classname="MockTest" time="0.0"/>
  <testcase name="[862] 9765625.0" classname="MockTest" time="0.001"/>
  <testcase name="[1] 0.0" classname="MockTest" time="0.001"/>
  <testcase name="[2] 0.5235987755982988" classname="MockTest" time="0.0"/>
  <testcase name="[3] 0.7853981633974483" classname="MockTest" time="0.001"/>
  <testcase name="[4] 1.0471975511965976" classname="MockTest" time="0.001"/>
  <testcase name="[5] 1.5707963267948966" classname="MockTest" time="0.0"/>
  <testcase name="[6] 2.0943951023931953" classname="MockTest" time="0.0"/>
  <testcase name="[7] 2.356194490192345" classname="MockTest" time="0.001"/>
  <testcase name="[8] 2.6179938779914944" classname="MockTest" time="0.001"/>
  <testcase name="[9] 3.141592653589793" classname="MockTest" time="0.001"/>
  <testcase name="[10] 3.665191429188092" classname="MockTest" time="0.001"/>
  <testcase name="[11] 3.9269908169872414" classname="MockTest" time="0.001"/>
  <testcase name="[12] 4.1887902047863905" classname="MockTest" time="0.001"/>
  <testcase name="[13] 4.71238898038469" classname="MockTest" time="0.001"/>
  <testcase name="[14] 5.235987755982989" classname="MockTest" time="0.001"/>
  <testcase name="[15] 5.497787143782138" classname="MockTest" time="0.001"/>
  <testcase name="[16] 5.759586531581287" classname="MockTest" time="0.001"/>
  <testcase name="[17] 6.283185307179586" classname="MockTest" time="0.0"/>
  <testcase name="[18] -6.283185307179586" classname="MockTest" time="0.001"/>
  <testcase name="[19] -6.183185307179587" classname="MockTest" time="0.001"/>
  <testcase name="[20] -6.083185307179587" classname="MockTest" time="0.001"/>
  <testcase name="[21] -5.983185307179587" classname="MockTest" time="0.0"/>
  <testcase name="[22] -5.883185307179588" classname="MockTest" time="0.001"/>
  <testcase name="[23] -5.783185307179588" classname="MockTest" time="0.001"/>
  <testcase name="[24] -5.683185307179588" classname="MockTest" time="0.001"/>
  <testcase name="[25] -5.583185307179589" classname="MockTest" time="0.001"/>
  <testcase name="[26] -5.483185307179589" classname="MockTest" time="0.001"/>
  <testcase name="[27] -5.383185307179589" classname="MockTest" time="0.0"/>
  <testcase name="[28] -5.28318530717959" classname="MockTest" time="0.001"/>
  <testcase name="[29] -5.18318530717959" classname="MockTest" time="0.0"/>
  <testcase name="[30] -5.0831853071795905" classname="MockTest" time="0.0"/>
  <testcase name="[31] -4.983185307179591" classname="MockTest" time="0.001"/>
  <testcase name="[32] -4.883185307179591" classname="MockTest" time="0.0"/>
  <testcase name="[33] -4.783185307179592" classname="MockTest" time="0.001"/>
  <testcase name="[34] -4.683185307179592" classname="MockTest" time="0.0"/>
  <testcase name="[35] -4.583185307179592" classname="MockTest" time="0.0"/>
  <testcase name="[36] -4.483185307179593" classname="MockTest" time="0.001"/>
  <testcase name="[37] -4.383185307179593" classname="MockTest" time="0.0"/>
  <testcase name="[38] -4.283185307179593" classname="MockTest" time="0.001"/>
  <testcase name="[39] -4.183185307179594" classname="MockTest" time="0.0"/>
  <testcase name="[40] -4.083185307179594" classname="MockTest" time="0.0"/>
  <testcase name="[41] -3.983185307179594" classname="MockTest" time="0.001"/>
  <testcase name="[42] -3.883185307179594" classname="MockTest" time="0.0"/>
  <testcase name="[43] -3.783185307179594" classname="MockTest" time="0.001"/>
  <testcase name="[44] -3.6831853071795937" classname="MockTest" time="0.0"/>
  <testcase name="[45] -3.5831853071795936" classname="MockTest" time="0.0"/>
  <testcase name="[46] -3.4831853071795935" classname="MockTest" time="0.001"/>
  <testcase name="[47] -3.3831853071795934" classname="MockTest" time="0.001"/>
  <testcase name="[48] -3.2831853071795933" classname="MockTest" time="0.001"/>
  <testcase name="[49] -3.1831853071795932" classname="MockTest" time="0.001"/>
  <testcase name="[50] -3.083185307179593" classname="MockTest" time="0.001"/>
  <testcase name="[51] -2.983185307179593" classname="MockTest" time="0.0"/>
  <testcase name="[52] -2.883185307179593" classname="MockTest" time="0.0"/>
  <testcase name="[53] -2.783185307179593" classname="MockTest" time="0.001"/>
  <testcase name="[54] -2.683185307179593" classname="MockTest" time="0.001"/>
  <testcase name="[55] -2.5831853071795927" classname="MockTest" time="0.0"/>
  <testcase name="[56] -2.4831853071795926" classname="MockTest" time="0.0"/>
  <testcase name="[57] -2.3831853071795925" classname="MockTest" time="0.001"/>
  <testcase name="[58] -2.2831853071795924" classname="MockTest" time="0.0"/>
  <testcase name="[59] -2.1831853071795924" classname="MockTest" time="0.0"/>
  <testcase name="[60] -2.0831853071795923" classname="MockTest" time="0.001"/>
  <testcase name="[61] -1.9831853071795922" classname="MockTest" time="0.001"/>
  <testcase name="[62] -1.883185307179592" classname="MockTest" time="0.0"/>
  <testcase name="[63] -1.783185307179592" classname="MockTest" time="0.001"/>
  <testcase name="[64] -1.683185307179592" classname="MockTest" time="0.001"/>
  <testcase name="[65] -1.5831853071795918" classname="MockTest" time="0.0"/>
  <testcase name="[66] -1.4831853071795917" classname="MockTest" time="0.0"/>
  <testcase name="[67] -1.3831853071795916" classname="MockTest" time="0.001"/>
  <testcase name="[68] -1.2831853071795916" classname="MockTest" time="0.001"/>
  <testcase name="[69] -1.1831853071795915" classname="MockTest" time="0.001"/>
  <testcase name="[70] -1.0831853071795914" classname="MockTest" time="0.001"/>
  <testcase name="[71] -0.9831853071795914" classname="MockTest" time="0.001"/>
  <testcase name="[72] -0.8831853071795914" classname="MockTest" time="0.0"/>
  <testcase name="[73] -0.7831853071795915" classname="MockTest" time="0.0"/>
  <testcase name="[74] -0.6831853071795915" classname="MockTest" time="0.0"/>
  <testcase name="[75] -0.5831853071795915" classname="MockTest" time="0.001"/>
  <testcase name="[76] -0.4831853071795915" classname="MockTest" time="0.001"/>
  <testcase name="[77] -0.38318530717959154" classname="MockTest" time="0.0"/>
  <testcase name="[78] -0.28318530717959156" classname="MockTest" time="0.0"/>
  <testcase name="[79] -0.18318530717959156" classname="MockTest" time="0.0"/>
  <testcase name="[80] -0.08318530717959155" classname="MockTest" time="0.001"/>
  <testcase name="[81] 0.016814692820408456" classname="MockTest" time="0.001"/>
  <testcase name="[82] 0.11681469282040846" classname="MockTest" time="0.001"/>
  <testcase name="[83] 0.21681469282040847" classname="MockTest" time="0.0"/>
  <testcase name="[84] 0.31681469282040847" classname="MockTest" time="0.0"/>
  <testcase name="[85] 0.4168146928204085" classname="MockTest" time="0.0"/>
  <testcase name="[86] 0.5168146928204085" classname="MockTest" time="0.0"/>
  <testcase name="[87] 0.6168146928204085" classname="MockTest" time="0.0"/>
  <testcase name="[88] 0.7168146928204084" classname="MockTest" time="0.0"/>
  <testcase name="[89] 0.8168146928204084" classname="MockTest" time="0.0"/>
  <testcase name="[90] 0.9168146928204084" classname="MockTest" time="0.001"/>
  <testcase name="[91] 1.0168146928204085" classname="MockTest" time="0.001"/>
  <testcase name="[92] 1.1168146928204086" classname="MockTest" time="0.001"/>
  <testcase name="[93] 1.2168146928204087" classname="MockTest" time="0.0"/>
  <testcase name="[94] 1.3168146928204087" classname="MockTest" time="0.001"/>
  <testcase name="[95] 1.4168146928204088" classname="MockTest" time="0.0"/>
  <testcase name="[96] 1.516814692820409" classname="MockTest" time="0.001"/>
  <testcase name="[97] 1.616814692820409" classname="MockTest" time="0.0"/>
  <testcase name="[98] 1.716814692820409" classname="MockTest" time="0.0"/>
  <testcase name="[99] 1.8168146928204092" classname="MockTest" time="0.001"/>
  <testcase name="[100] 1.9168146928204093" classname="MockTest" time="0.001"/>
  <testcase name="[101] 2.016814692820409" classname="MockTest" time="0.0"/>
  <testcase name="[102] 2.1168146928204092" classname="MockTest" time="0.0"/>
  <testcase name="[103] 2.2168146928204093" classname="MockTest" time="0.001"/>
  <testcase name="[104] 2.3168146928204094" classname="MockTest" time="0.0"/>
  <testcase name="[105] 2.4168146928204095" classname="MockTest" time="0.0"/>
  <testcase name="[106] 2.5168146928204096" classname="MockTest" time="0.001"/>
  <testcase name="[107] 2.6168146928204097" classname="MockTest" time="0.001"/>
  <testcase name="[108] 2.7168146928204098" classname="MockTest" time="0.0"/>
  <testcase name="[109] 2.81681469282041" classname="MockTest" time="0.0"/>
  <testcase name="[110] 2.91681469282041" classname="MockTest" time="0.001"/>
  <testcase name="[111] 3.01681469282041" classname="MockTest" time="0.0"/>
  <testcase name="[112] 3.11681469282041" classname="MockTest" time="0.001"/>
  <testcase name="[113] 3.21681469282041" classname="MockTest" time="0.001"/>
  <testcase name="[114] 3.3168146928204103" classname="MockTest" time="0.0"/>
  <testcase name="[115] 3.4168146928204104" classname="MockTest" time="0.001"/>
  <testcase name="[116] 3.5168146928204105" classname="MockTest" time="0.001"/>
  <testcase name="[117] 3.6168146928204106" classname="MockTest" time="0.0"/>
  <testcase name="[118] 3.7168146928204107" classname="MockTest" time="0.001"/>
  <testcase name="[119] 3.8168146928204107" classname="MockTest" time="0.0"/>
  <testcase name="[120] 3.916814692820411" classname="MockTest" time="0.001"/>
  <testcase name="[121] 4.016814692820411" classname="MockTest" time="0.0"/>
  <testcase name="[122] 4.116814692820411" classname="MockTest" time="0.001"/>
  <testcase name="[123] 4.21681469282041" classname="MockTest" time="0.0"/>
  <testcase name="[124] 4.31681469282041" classname="MockTest" time="0.001"/>
  <testcase name="[125] 4.4168146928204095" classname="MockTest" time="0.0"/>
  <testcase name="[126] 4.516814692820409" classname="MockTest" time="0.0"/>
  <testcase name="[127] 4.616814692820409" classname="MockTest" time="0.001"/>
  <testcase name="[128] 4.716814692820408" classname="MockTest" time="0.001"/>
  <testcase name="[129] 4.816814692820408" classname="MockTest" time="0.001"/>
  <testcase name="[130] 4.916814692820408" classname="MockTest" time="0.0"/>
  <testcase name="[131] 5.016814692820407" classname="MockTest" time="0.0"/>
  <testcase name="[132] 5.116814692820407" classname="MockTest" time="0.0"/>
  <testcase name="[133] 5.216814692820407" classname="MockTest" time="0.0"/>
  <testcase name="[134] 5.316814692820406" classname="MockTest" time="0.001"/>
  <testcase name="[135] 5.416814692820406" classname="MockTest" time="0.0"/>
  <testcase name="[136] 5.516814692820406" classname="MockTest" time="0.001"/>
  <testcase name="[137] 5.616814692820405" classname="MockTest" time="0.001"/>
  <testcase name="[138] 5.716814692820405" classname="MockTest" time="0.001"/>
  <testcase name="[139] 5.8168146928204045" classname="MockTest" time="0.001"/>
  <testcase name="[140] 5.916814692820404" classname="MockTest" time="0.001"/>
  <testcase name="[141] 6.016814692820404" classname="MockTest" time="0.001"/>
  <testcase name="[142] 6.1168146928204035" classname="MockTest" time="0.001"/>
  <testcase name="[143] 6.216814692820403" classname="MockTest" time="0.001"/>
  <testcase name="[1] 0.1" classname="MockTest" time="0.003"/>
  <testcase name="[2] 0.2" classname="MockTest" time="0.002"/>
  <testcase name="[3] 0.5" classname="MockTest" time="0.002"/>
  <testcase name="[4] 1.0" classname="MockTest" time="0.002"/>
  <testcase name="[5] 1.6909125123605662" classname="MockTest" time="0.002"/>
  <testcase name="[6] 2.718281828459045" classname="MockTest" time="0.002"/>
  <testcase name="[7] 10.0" classname="MockTest" time="0.004"/>
  <testcase name="[8] 2.0" classname="MockTest" time="0.003"/>
  <testcase name="[9] 4.0" classname="MockTest" time="0.003"/>
  <testcase name="[10] 8.0" classname="MockTest" time="0.004"/>
  <testcase name="[11] 16.0" classname="MockTest" time="0.005"/>
  <testcase name="[12] 32.0" classname="MockTest" time="0.005"/>
  <testcase name="[13] 64.0" classname="MockTest" time="0.008"/>
  <testcase name="[14] 128.0" classname="MockTest" time="0.008"/>
  <testcase name="[15] 256.0" classname="MockTest" time="0.009"/>
  <testcase name="[16] 512.0" classname="MockTest" time="0.009"/>
  <testcase name="[17] 1024.0" classname="MockTest" time="0.01"/>
  <testcase name="[18] 3.0" classname="MockTest" time="0.003"/>
  <testcase name="[19] 9.0" classname="MockTest" time="0.003"/>
  <testcase name="[20] 27.0" classname="MockTest" time="0.005"/>
  <testcase name="[21] 81.0" classname="MockTest" time="0.006"/>
  <testcase name="[22] 243.0" classname="MockTest" time="0.008"/>
  <testcase name="[23] 729.0" classname="MockTest" time="0.008"/>
  <testcase name="[24] 2187.0" classname="MockTest" time="0.01"/>
  <testcase name="[25] 6561.0" classname="MockTest" time="0.011"/>
  <testcase name="[26] 19683.0" classname="MockTest" time="0.011"/>
  <testcase name="[27] 59049.0" classname="MockTest" time="0.015"/>
  <testcase name="[28] 5.0" classname="MockTest" time="0.003"/>
  <testcase name="[29] 25.0" classname="MockTest" time="0.005"/>
  <testcase name="[30] 125.0" classname="MockTest" time="0.006"/>
  <testcase name="[31] 625.0" classname="MockTest" time="0.008"/>
  <testcase name="[32] 3125.0" classname="MockTest" time="0.01"/>
  <testcase name="[33] 15625.0" classname="MockTest" time="0.011"/>
  <testcase name="[34] 78125.0" classname="MockTest" time="0.013"/>
  <testcase name="[35] 390625.0" classname="MockTest" time="0.015"/>
  <testcase name="[36] 1953125.0" classname="MockTest" time="0.016"/>
  <testcase name="[37] 9765625.0" classname="MockTest" time="0.017"/>
  <testcase name="[38] 4.0" classname="MockTest" time="0.003"/>
  <testcase name="[39] 5.0" classname="MockTest" time="0.003"/>
  <testcase name="[40] 6.0" classname="MockTest" time="0.003"/>
  <testcase name="[41] 7.0" classname="MockTest" time="0.003"/>
  <testcase name="[42] 8.0" classname="MockTest" time="0.003"/>
  <testcase name="[43] 9.0" classname="MockTest" time="0.003"/>
  <testcase name="[44] 10.0" classname="MockTest" time="0.003"/>
  <testcase name="[45] 11.0" classname="MockTest" time="0.003"/>
  <testcase name="[46] 12.0" classname="MockTest" time="0.003"/>
  <testcase name="[47] 13.0" classname="MockTest" time="0.004"/>
  <testcase name="[48] 14.0" classname="MockTest" time="0.004"/>
  <testcase name="[49] 15.0" classname="MockTest" time="0.003"/>
  <testcase name="[50] 16.0" classname="MockTest" time="0.003"/>
  <testcase name="[51] 17.0" classname="MockTest" time="0.004"/>
  <testcase name="[52] 18.0" classname="MockTest" time="0.004"/>
  <testcase name="[53] 19.0" classname="MockTest" time="0.004"/>
  <testcase name="[54] 20.0" classname="MockTest" time="0.004"/>
  <testcase name="[55] 21.0" classname="MockTest" time="0.004"/>
  <testcase name="[56] 22.0" classname="MockTest" time="0.004"/>
  <testcase name="[57] 23.0" classname="MockTest" time="0.004"/>
  <testcase name="[58] 24.0" classname="MockTest" time="0.005"/>
  <testcase name="[59] 25.0" classname="MockTest" time="0.004"/>
  <testcase name="[60] 26.0" classname="MockTest" time="0.005"/>
  <testcase name="[61] 27.0" classname="MockTest" time="0.004"/>
  <testcase name="[62] 28.0" classname="MockTest" time="0.005"/>
  <testcase name="[63] 29.0" classname="MockTest" time="0.005"/>
  <testcase name="[64] 30.0" classname="MockTest" time="0.004"/>
  <testcase name="[65] 31.0" classname="MockTest" time="0.005"/>
  <testcase name="[66] 32.0" classname="MockTest" time="0.005"/>
  <testcase name="[67] 33.0" classname="MockTest" time="0.005"/>
  <testcase name="[68] 34.0" classname="MockTest" time="0.004"/>
  <testcase name="[69] 35.0" classname="MockTest" time="0.005"/>
  <testcase name="[70] 36.0" classname="MockTest" time="0.005"/>
  <testcase name="[71] 37.0" classname="MockTest" time="0.005"/>
  <testcase name="[72] 38.0" classname="MockTest" time="0.005"/>
  <testcase name="[73] 39.0" classname="MockTest" time="0.005"/>
  <testcase name="[74] 40.0" classname="MockTest" time="0.005"/>
  <testcase name="[75] 41.0" classname="MockTest" time="0.005"/>
  <testcase name="[76] 42.0" classname="MockTest" time="0.005"/>
  <testcase name="[77] 43.0" classname="MockTest" time="0.005"/>
  <testcase name="[78] 44.0" classname="MockTest" time="0.005"/>
  <testcase name="[79] 45.0" classname="MockTest" time="0.005"/>
  <testcase name="[80] 46.0" classname="MockTest" time="0.005"/>
  <testcase name="[81] 47.0" classname="MockTest" time="0.005"/>
  <testcase name="[82] 48.0" classname="MockTest" time="0.005"/>
  <testcase name="[83] 49.0" classname="MockTest" time="0.006"/>
  <testcase name="[84] 50.0" classname="MockTest" time="0.005"/>
  <testcase name="[85] 51.0" classname="MockTest" time="0.005"/>
  <testcase name="[86] 52.0" classname="MockTest" time="0.006"/>
  <testcase name="[87] 53.0" classname="MockTest" time="0.005"/>
  <testcase name="[88] 54.0" classname="MockTest" time="0.006"/>
  <testcase name="[89] 55.0" classname="MockTest" time="0.005"/>
  <testcase name="[90] 56.0" classname="MockTest" time="0.006"/>
  <testcase name="[91] 57.0" classname="MockTest" time="0.006"/>
  <testcase name="[92] 58.0" classname="MockTest" time="0.005"/>
  <testcase name="[93] 59.0" classname="MockTest" time="0.006"/>
  <testcase name="[94] 60.0" classname="MockTest" time="0.005"/>
  <testcase name="[95] 61.0" classname="MockTest" time="0.007"/>
  <testcase name="[96] 62.0" classname="MockTest" time="0.006"/>
  <testcase name="[97] 63.0" classname="MockTest" time="0.005"/>
  <testcase name="[98] 64.0" classname="MockTest" time="0.005"/>
  <testcase name="[99] 65.0" classname="MockTest" time="0.005"/>
  <testcase name="[100] 66.0" classname="MockTest" time="0.005"/>
  <testcase name="[101] 67.0" classname="MockTest" time="0.006"/>
  <testcase name="[102] 68.0" classname="MockTest" time="0.005"/>
  <testcase name="[103] 69.0" classname="MockTest" time="0.006"/>
  <testcase name="[104] 70.0" classname="MockTest" time="0.005"/>
  <testcase name="[105] 71.0" classname="MockTest" time="0.005"/>
  <testcase name="[106] 72.0" classname="MockTest" time="0.006"/>
  <testcase name="[107] 73.0" classname="MockTest" time="0.005"/>
  <testcase name="[108] 74.0" classname="MockTest" time="0.005"/>
  <testcase name="[109] 75.0" classname="MockTest" time="0.005"/>
  <testcase name="[110] 76.0" classname="MockTest" time="0.005"/>
  <testcase name="[111] 77.0" classname="MockTest" time="0.006"/>
  <testcase name="[112] 78.0" classname="MockTest" time="0.006"/>
  <testcase name="[113] 79.0" classname="MockTest" time="0.006"/>
  <testcase name="[114] 80.0" classname="MockTest" time="0.006"/>
  <testcase name="[115] 81.0" classname="MockTest" time="0.006"/>
  <testcase name="[116] 82.0" classname="MockTest" time="0.006"/>
  <testcase name="[117] 83.0" classname="MockTest" time="0.005"/>
  <testcase name="[118] 84.0" classname="MockTest" time="0.005"/>
  <testcase name="[119] 85.0" classname="MockTest" time="0.005"/>
  <testcase name="[120] 86.0" classname="MockTest" time="0.006"/>
  <testcase name="[121] 87.0" classname="MockTest" time="0.006"/>
  <testcase name="[122] 88.0" classname="MockTest" time="0.006"/>
  <testcase name="[123] 89.0" classname="MockTest" time="0.006"/>
  <testcase name="[124] 90.0" classname="MockTest" time="0.005"/>
  <testcase name="[125] 91.0" classname="MockTest" time="0.006"/>
  <testcase name="[126] 92.0" classname="MockTest" time="0.006"/>
  <testcase name="[127] 93.0" classname="MockTest" time="0.006"/>
  <testcase name="[128] 94.0" classname="MockTest" time="0.005"/>
  <testcase name="[129] 95.0" classname="MockTest" time="0.005"/>
  <testcase name="[130] 96.0" classname="MockTest" time="0.006"/>
  <testcase name="[131] 97.0" classname="MockTest" time="0.006"/>
  <testcase name="[132] 98.0" classname="MockTest" time="0.006"/>
  <testcase name="[133] 99.0" classname="MockTest" time="0.006"/>
  <testcase name="[1] 0.1" classname="MockTest" time="0.002"/>
  <testcase name="[2] 0.2" classname="MockTest" time="0.003"/>
  <testcase name="[3] 0.5" classname="MockTest" time="0.002"/>
  <testcase name="[4] 1.0" classname="MockTest" time="0.003"/>
  <testcase name="[5] 1.6909125123605662" classname="MockTest" time="0.002"/>
  <testcase name="[6] 2.718281828459045" classname="MockTest" time="0.003"/>
  <testcase name="[7] 10.0" classname="MockTest" time="0.004"/>
  <testcase name="[8] 2.0" classname="MockTest" time="0.003"/>
  <testcase name="[9] 4.0" classname="MockTest" time="0.004"/>
  <testcase name="[10] 8.0" classname="MockTest" time="0.004"/>
  <testcase name="[11] 16.0" classname="MockTest" time="0.004"/>
  <testcase name="[12] 32.0" classname="MockTest" time="0.005"/>
  <testcase name="[13] 64.0" classname="MockTest" time="0.007"/>
  <testcase name="[14] 128.0" classname="MockTest" time="0.007"/>
  <testcase name="[15] 256.0" classname="MockTest" time="0.008"/>
  <testcase name="[16] 512.0" classname="MockTest" time="0.009"/>
  <testcase name="[17] 1024.0" classname="MockTest" time="0.01"/>
  <testcase name="[18] 3.0" classname="MockTest" time="0.003"/>
  <testcase name="[19] 9.0" classname="MockTest" time="0.004"/>
  <testcase name="[20] 27.0" classname="MockTest" time="0.005"/>
  <testcase name="[21] 81.0" classname="MockTest" time="0.006"/>
  <testcase name="[22] 243.0" classname="MockTest" time="0.008"/>
  <testcase name="[23] 729.0" classname="MockTest" time="0.009"/>
  <testcase name="[24] 2187.0" classname="MockTest" time="0.01"/>
  <testcase name="[25] 6561.0" classname="MockTest" time="0.011"/>
  <testcase name="[26] 19683.0" classname="MockTest" time="0.012"/>
  <testcase name="[27] 59049.0" classname="MockTest" time="0.014"/>
  <testcase name="[28] 5.0" classname="MockTest" time="0.004"/>
  <testcase name="[29] 25.0" classname="MockTest" time="0.005"/>
  <testcase name="[30] 125.0" classname="MockTest" time="0.007"/>
  <testcase name="[31] 625.0" classname="MockTest" time="0.009"/>
  <testcase name="[32] 3125.0" classname="MockTest" time="0.012"/>
  <testcase name="[33] 15625.0" classname="MockTest" time="0.012"/>
  <testcase name="[34] 78125.0" classname="MockTest" time="0.021"/>
  <testcase name="[35] 390625.0" classname="MockTest" time="0.016"/>
  <testcase name="[36] 1953125.0" classname="MockTest" time="0.017"/>
  <testcase name="[37] 9765625.0" classname="MockTest" time="0.018"/>
  <testcase name="[38] 4.0" classname="MockTest" time="0.003"/>
  <testcase name="[39] 5.0" classname="MockTest" time="0.004"/>
  <testcase name="[40] 6.0" classname="MockTest" time="0.003"/>
  <testcase name="[41] 7.0" classname="MockTest" time="0.003"/>
  <testcase name="[42] 8.0" classname="MockTest" time="0.004"/>
  <testcase name="[43] 9.0" classname="MockTest" time="0.004"/>
  <testcase name="[44] 10.0" classname="MockTest" time="0.004"/>
  <testcase name="[45] 11.0" classname="MockTest" time="0.005"/>
  <testcase name="[46] 12.0" classname="MockTest" time="0.004"/>
  <testcase name="[47] 13.0" classname="MockTest" time="0.005"/>
  <testcase name="[48] 14.0" classname="MockTest" time="0.004"/>
  <testcase name="[49] 15.0" classname="MockTest" time="0.005"/>
  <testcase name="[50] 16.0" classname="MockTest" time="0.005"/>
  <testcase name="[51] 17.0" classname="MockTest" time="0.005"/>
  <testcase name="[52] 18.0" classname="MockTest" time="0.005"/>
  <testcase name="[53] 19.0" classname="MockTest" time="0.005"/>
  <testcase name="[54] 20.0" classname="MockTest" time="0.005"/>
  <testcase name="[55] 21.0" classname="MockTest" time="0.005"/>
  <testcase name="[56] 22.0" classname="MockTest" time="0.005"/>
  <testcase name="[57] 23.0" classname="MockTest" time="0.005"/>
  <testcase name="[58] 24.0" classname="MockTest" time="0.006"/>
  <testcase name="[59] 25.0" classname="MockTest" time="0.005"/>
  <testcase name="[60] 26.0" classname="MockTest" time="0.005"/>
  <testcase name="[61] 27.0" classname="MockTest" time="0.005"/>
  <testcase name="[62] 28.0" classname="MockTest" time="0.005"/>
  <testcase name="[63] 29.0" classname="MockTest" time="0.006"/>
  <testcase name="[64] 30.0" classname="MockTest" time="0.005"/>
  <testcase name="[65] 31.0" classname="MockTest" time="0.005"/>
  <testcase name="[66] 32.0" classname="MockTest" time="0.005"/>
  <testcase name="[67] 33.0" classname="MockTest" time="0.005"/>
  <testcase name="[68] 34.0" classname="MockTest" time="0.005"/>
  <testcase name="[69] 35.0" classname="MockTest" time="0.005"/>
  <testcase name="[70] 36.0" classname="MockTest" time="0.005"/>
  <testcase name="[71] 37.0" classname="MockTest" time="0.006"/>
  <testcase name="[72] 38.0" classname="MockTest" time="0.006"/>
  <testcase name="[73] 39.0" classname="MockTest" time="0.006"/>
  <testcase name="[74] 40.0" classname="MockTest" time="0.006"/>
  <testcase name="[75] 41.0" classname="MockTest" time="0.006"/>
  <testcase name="[76] 42.0" classname="MockTest" time="0.005"/>
  <testcase name="[77] 43.0" classname="MockTest" time="0.006"/>
  <testcase name="[78] 44.0" classname="MockTest" time="0.005"/>
  <testcase name="[79] 45.0" classname="MockTest" time="0.005"/>
  <testcase name="[80] 46.0" classname="MockTest" time="0.006"/>
  <testcase name="[81] 47.0" classname="MockTest" time="0.006"/>
  <testcase name="[82] 48.0" classname="MockTest" time="0.006"/>
  <testcase name="[83] 49.0" classname="MockTest" time="0.005"/>
  <testcase name="[84] 50.0" classname="MockTest" time="0.005"/>
  <testcase name="[85] 51.0" classname="MockTest" time="0.005"/>
  <testcase name="[86] 52.0" classname="MockTest" time="0.006"/>
  <testcase name="[87] 53.0" classname="MockTest" time="0.006"/>
  <testcase name="[88] 54.0" classname="MockTest" time="0.006"/>
  <testcase name="[89] 55.0" classname="MockTest" time="0.006"/>
  <testcase name="[90] 56.0" classname="MockTest" time="0.006"/>
  <testcase name="[91] 57.0" classname="MockTest" time="0.007"/>
  <testcase name="[92] 58.0" classname="MockTest" time="0.006"/>
  <testcase name="[93] 59.0" classname="MockTest" time="0.006"/>
  <testcase name="[94] 60.0" classname="MockTest" time="0.006"/>
  <testcase name="[95] 61.0" classname="MockTest" time="0.006"/>
  <testcase name="[96] 62.0" classname="MockTest" time="0.006"/>
  <testcase name="[97] 63.0" classname="MockTest" time="0.007"/>
  <testcase name="[98] 64.0" classname="MockTest" time="0.006"/>
  <testcase name="[99] 65.0" classname="MockTest" time="0.006"/>
  <testcase name="[100] 66.0" classname="MockTest" time="0.006"/>
  <testcase name="[101] 67.0" classname="MockTest" time="0.006"/>
  <testcase name="[102] 68.0" classname="MockTest" time="0.006"/>
  <testcase name="[103] 69.0" classname="MockTest" time="0.006"/>
  <testcase name="[104] 70.0" classname="MockTest" time="0.006"/>
  <testcase name="[105] 71.0" classname="MockTest" time="0.007"/>
  <testcase name="[106] 72.0" classname="MockTest" time="0.006"/>
  <testcase name="[107] 73.0" classname="MockTest" time="0.007"/>
  <testcase name="[108] 74.0" classname="MockTest" time="0.006"/>
  <testcase name="[109] 75.0" classname="MockTest" time="0.007"/>
  <testcase name="[110] 76.0" classname="MockTest" time="0.006"/>
  <testcase name="[111] 77.0" classname="MockTest" time="0.007"/>
  <testcase name="[112] 78.0" classname="MockTest" time="0.006"/>
  <testcase name="[113] 79.0" classname="MockTest" time="0.006"/>
  <testcase name="[114] 80.0" classname="MockTest" time="0.007"/>
  <testcase name="[115] 81.0" classname="MockTest" time="0.007"/>
  <testcase name="[116] 82.0" classname="MockTest" time="0.006"/>
  <testcase name="[117] 83.0" classname="MockTest" time="0.006"/>
  <testcase name="[118] 84.0" classname="MockTest" time="0.007"/>
  <testcase name="[119] 85.0" classname="MockTest" time="0.007"/>
  <testcase name="[120] 86.0" classname="MockTest" time="0.006"/>
  <testcase name="[121] 87.0" classname="MockTest" time="0.006"/>
  <testcase name="[122] 88.0" classname="MockTest" time="0.006"/>
  <testcase name="[123] 89.0" classname="MockTest" time="0.007"/>
  <testcase name="[124] 90.0" classname="MockTest" time="0.007"/>
  <testcase name="[125] 91.0" classname="MockTest" time="0.006"/>
  <testcase name="[126] 92.0" classname="MockTest" time="0.006"/>
  <testcase name="[127] 93.0" classname="MockTest" time="0.007"/>
  <testcase name="[128] 94.0" classname="MockTest" time="0.007"/>
  <testcase name="[129] 95.0" classname="MockTest" time="0.006"/>
  <testcase name="[130] 96.0" classname="MockTest" time="0.007"/>
  <testcase name="[131] 97.0" classname="MockTest" time="0.007"/>
  <testcase name="[132] 98.0" classname="MockTest" time="0.006"/>
  <testcase name="[133] 99.0" classname="MockTest" time="0.007"/>
  <testcase name="[1] 0.0" classname="MockTest" time="0.0"/>
  <testcase name="[2] 0.5235987755982988" classname="MockTest" time="0.001"/>
  <testcase name="[3] 0.7853981633974483" classname="MockTest" time="0.0"/>
  <testcase name="[4] 1.0471975511965976" classname="MockTest" time="0.0"/>
  <testcase name="[5] 1.5707963267948966" classname="MockTest" time="0.0"/>
  <testcase name="[6] 2.0943951023931953" classname="MockTest" time="0.001"/>
  <testcase name="[7] 2.356194490192345" classname="MockTest" time="0.0"/>
  <testcase name="[8] 2.6179938779914944" classname="MockTest" time="0.0"/>
  <testcase name="[9] 3.141592653589793" classname="MockTest" time="0.0"/>
  <testcase name="[10] 3.665191429188092" classname="MockTest" time="0.0"/>
  <testcase name="[11] 3.9269908169872414" classname="MockTest" time="0.0"/>
  <testcase name="[12] 4.1887902047863905" classname="MockTest" time="0.0"/>
  <testcase name="[13] 4.71238898038469" classname="MockTest" time="0.0"/>
  <testcase name="[14] 5.235987755982989" classname="MockTest" time="0.0"/>
  <testcase name="[15] 5.497787143782138" classname="MockTest" time="0.0"/>
  <testcase name="[16] 5.759586531581287" classname="MockTest" time="0.0"/>
  <testcase name="[17] 6.283185307179586" classname="MockTest" time="0.0"/>
  <testcase name="[18] -6.283185307179586" classname="MockTest" time="0.0"/>
  <testcase name="[19] -6.183185307179587" classname="MockTest" time="0.001"/>
  <testcase name="[20] -6.083185307179587" classname="MockTest" time="0.0"/>
  <testcase name="[21] -5.983185307179587" classname="MockTest" time="0.0"/>
  <testcase name="[22] -5.883185307179588" classname="MockTest" time="0.0"/>
  <testcase name="[23] -5.783185307179588" classname="MockTest" time="0.0"/>
  <testcase name="[24] -5.683185307179588" classname="MockTest" time="0.001"/>
  <testcase name="[25] -5.583185307179589" classname="MockTest" time="0.0"/>
  <testcase name="[26] -5.483185307179589" classname="MockTest" time="0.0"/>
  <testcase name="[27] -5.383185307179589" classname="MockTest" time="0.0"/>
  <testcase name="[28] -5.28318530717959" classname="MockTest" time="0.0"/>
  <testcase name="[29] -5.18318530717959" classname="MockTest" time="0.001"/>
  <testcase name="[30] -5.0831853071795905" classname="MockTest" time="0.0"/>
  <testcase name="[31] -4.983185307179591" classname="MockTest" time="0.0"/>
  <testcase name="[32] -4.883185307179591" classname="MockTest" time="0.0"/>
  <testcase name="[33] -4.783185307179592" classname="MockTest" time="0.001"/>
  <testcase name="[34] -4.683185307179592" classname="MockTest" time="0.0"/>
  <testcase name="[35] -4.583185307179592" classname="MockTest" time="0.0"/>
  <testcase name="[36] -4.483185307179593" classname="MockTest" time="0.0"/>
  <testcase name="[37] -4.383185307179593" classname="MockTest" time="0.001"/>
  <testcase name="[38] -4.283185307179593" classname="MockTest" time="0.0"/>
  <testcase name="[39] -4.183185307179594" classname="MockTest" time="0.0"/>
  <testcase name="[40] -4.083185307179594" classname="MockTest" time="0.0"/>
  <testcase name="[41] -3.983185307179594" classname="MockTest" time="0.0"/>
  <testcase name="[42] -3.883185307179594" classname="MockTest" time="0.0"/>
  <testcase name="[43] -3.783185307179594" classname="MockTest" time="0.0"/>
  <testcase name="[44] -3.6831853071795937" classname="MockTest" time="0.0"/>
  <testcase name="[45] -3.5831853071795936" classname="MockTest" time="0.0"/>
  <testcase name="[46] -3.4831853071795935" classname="MockTest" time="0.0"/>
  <testcase name="[47] -3.3831853071795934" classname="MockTest" time="0.001"/>
  <testcase name="[48] -3.2831853071795933" classname="MockTest" time="0.0"/>
  <testcase name="[49] -3.1831853071795932" classname="MockTest" time="0.0"/>
  <testcase name="[50] -3.083185307179593" classname="MockTest" time="0.0"/>
  <testcase name="[51] -2.983185307179593" classname="MockTest" time="0.0"/>
  <testcase name="[52] -2.883185307179593" classname="MockTest" time="0.0"/>
  <testcase name="[53] -2.783185307179593" classname="MockTest" time="0.0"/>
  <testcase name="[54] -2.683185307179593" classname="MockTest" time="0.001"/>
  <testcase name="[55] -2.5831853071795927" classname="MockTest" time="0.0"/>
  <testcase name="[56] -2.4831853071795926" classname="MockTest" time="0.0"/>
  <testcase name="[57] -2.3831853071795925" classname="MockTest" time="0.0"/>
  <testcase name="[58] -2.2831853071795924" classname="MockTest" time="0.0"/>
  <testcase name="[59] -2.1831853071795924" classname="MockTest" time="0.0"/>
  <testcase name="[60] -2.0831853071795923" classname="MockTest" time="0.0"/>
  <testcase name="[61] -1.9831853071795922" classname="MockTest" time="0.0"/>
  <testcase name="[62] -1.883185307179592" classname="MockTest" time="0.0"/>
  <testcase name="[63] -1.783185307179592" classname="MockTest" time="0.0"/>
  <testcase name="[64] -1.683185307179592" classname="MockTest" time="0.0"/>
  <testcase name="[65] -1.5831853071795918" classname="MockTest" time="0.0"/>
  <testcase name="[66] -1.4831853071795917" classname="MockTest" time="0.0"/>
  <testcase name="[67] -1.3831853071795916" classname="MockTest" time="0.0"/>
  <testcase name="[68] -1.2831853071795916" classname="MockTest" time="0.0"/>
  <testcase name="[69] -1.1831853071795915" classname="MockTest" time="0.0"/>
  <testcase name="[70] -1.0831853071795914" classname="MockTest" time="0.0"/>
  <testcase name="[71] -0.9831853071795914" classname="MockTest" time="0.001"/>
  <testcase name="[72] -0.8831853071795914" classname="MockTest" time="0.0"/>
  <testcase name="[73] -0.7831853071795915" classname="MockTest" time="0.0"/>
  <testcase name="[74] -0.6831853071795915" classname="MockTest" time="0.0"/>
  <testcase name="[75] -0.5831853071795915" classname="MockTest" time="0.0"/>
  <testcase name="[76] -0.4831853071795915" classname="MockTest" time="0.0"/>
  <testcase name="[77] -0.38318530717959154" classname="MockTest" time="0.0"/>
  <testcase name="[78] -0.28318530717959156" classname="MockTest" time="0.0"/>
  <testcase name="[79] -0.18318530717959156" classname="MockTest" time="0.0"/>
  <testcase name="[80] -0.08318530717959155" classname="MockTest" time="0.001"/>
  <testcase name="[81] 0.016814692820408456" classname="MockTest" time="0.0"/>
  <testcase name="[82] 0.11681469282040846" classname="MockTest" time="0.0"/>
  <testcase name="[83] 0.21681469282040847" classname="MockTest" time="0.0"/>
  <testcase name="[84] 0.31681469282040847" classname="MockTest" time="0.001"/>
  <testcase name="[85] 0.4168146928204085" classname="MockTest" time="0.0"/>
  <testcase name="[86] 0.5168146928204085" classname="MockTest" time="0.0"/>
  <testcase name="[87] 0.6168146928204085" classname="MockTest" time="0.0"/>
  <testcase name="[88] 0.7168146928204084" classname="MockTest" time="0.0"/>
  <testcase name="[89] 0.8168146928204084" classname="MockTest" time="0.001"/>
  <testcase name="[90] 0.9168146928204084" classname="MockTest" time="0.0"/>
  <testcase name="[91] 1.0168146928204085" classname="MockTest" time="0.0"/>
  <testcase name="[92] 1.1168146928204086" classname="MockTest" time="0.0"/>
  <testcase name="[93] 1.2168146928204087" classname="MockTest" time="0.0"/>
  <testcase name="[94] 1.3168146928204087" classname="MockTest" time="0.0"/>
  <testcase name="[95] 1.4168146928204088" classname="MockTest" time="0.0"/>
  <testcase name="[96] 1.516814692820409" classname="MockTest" time="0.0"/>
  <testcase name="[97] 1.616814692820409" classname="MockTest" time="0.0"/>
  <testcase name="[98] 1.716814692820409" classname="MockTest" time="0.001"/>
  <testcase name="[99] 1.8168146928204092" classname="MockTest" time="0.0"/>
  <testcase name="[100] 1.9168146928204093" classname="MockTest" time="0.0"/>
  <testcase name="[101] 2.016814692820409" classname="MockTest" time="0.0"/>
  <testcase name="[102] 2.1168146928204092" classname="MockTest" time="0.0"/>
  <testcase name="[103] 2.2168146928204093" classname="MockTest" time="0.0"/>
  <testcase name="[104] 2.3168146928204094" classname="MockTest" time="0.0"/>
  <testcase name="[105] 2.4168146928204095" classname="MockTest" time="0.001"/>
  <testcase name="[106] 2.5168146928204096" classname="MockTest" time="0.0"/>
  <testcase name="[107] 2.6168146928204097" classname="MockTest" time="0.0"/>
  <testcase name="[108] 2.7168146928204098" classname="MockTest" time="0.0"/>
  <testcase name="[109] 2.81681469282041" classname="MockTest" time="0.001"/>
  <testcase name="[110] 2.91681469282041" classname="MockTest" time="0.0"/>
  <testcase name="[111] 3.01681469282041" classname="MockTest" time="0.0"/>
  <testcase name="[112] 3.11681469282041" classname="MockTest" time="0.0"/>
  <testcase name="[113] 3.21681469282041" classname="MockTest" time="0.001"/>
  <testcase name="[114] 3.3168146928204103" classname="MockTest" time="0.0"/>
  <testcase name="[115] 3.4168146928204104" classname="MockTest" time="0.0"/>
  <testcase name="[116] 3.5168146928204105" classname="MockTest" time="0.001"/>
  <testcase name="[117] 3.6168146928204106" classname="MockTest" time="0.0"/>
  <testcase name="[118] 3.7168146928204107" classname="MockTest" time="0.0"/>
  <testcase name="[119] 3.8168146928204107" classname="MockTest" time="0.0"/>
  <testcase name="[120] 3.916814692820411" classname="MockTest" time="0.0"/>
  <testcase name="[121] 4.016814692820411" classname="MockTest" time="0.0"/>
  <testcase name="[122] 4.116814692820411" classname="MockTest" time="0.0"/>
  <testcase name="[123] 4.21681469282041" classname="MockTest" time="0.001"/>
  <testcase name="[124] 4.31681469282041" classname="MockTest" time="0.0"/>
  <testcase name="[125] 4.4168146928204095" classname="MockTest" time="0.0"/>
  <testcase name="[126] 4.516814692820409" classname="MockTest" time="0.0"/>
  <testcase name="[127] 4.616814692820409" classname="MockTest" time="0.0"/>
  <testcase name="[128] 4.716814692820408" classname="MockTest" time="0.0"/>
  <testcase name="[129] 4.816814692820408" classname="MockTest" time="0.0"/>
  <testcase name="[130] 4.916814692820408" classname="MockTest" time="0.0"/>
  <testcase name="[131] 5.016814692820407" classname="MockTest" time="0.0"/>
  <testcase name="[132] 5.116814692820407" classname="MockTest" time="0.0"/>
  <testcase name="[133] 5.216814692820407" classname="MockTest" time="0.0"/>
  <testcase name="[134] 5.316814692820406" classname="MockTest" time="0.0"/>
  <testcase name="[135] 5.416814692820406" classname="MockTest" time="0.0"/>
  <testcase name="[136] 5.516814692820406" classname="MockTest" time="0.0"/>
  <testcase name="[137] 5.616814692820405" classname="MockTest" time="0.0"/>
  <testcase name="[138] 5.716814692820405" classname="MockTest" time="0.0"/>
  <testcase name="[139] 5.8168146928204045" classname="MockTest" time="0.0"/>
  <testcase name="[140] 5.916814692820404" classname="MockTest" time="0.0"/>
  <testcase name="[141] 6.016814692820404" classname="MockTest" time="0.0"/>
  <testcase name="[142] 6.1168146928204035" classname="MockTest" time="0.001"/>
  <testcase name="[143] 6.216814692820403" classname="MockTest" time="0.0"/>
  <testcase name="[1] 0.1" classname="MockTest" time="0.002"/>
  <testcase name="[2] 0.2" classname="MockTest" time="0.002"/>
  <testcase name="[3] 0.5" classname="MockTest" time="0.003"/>
  <testcase name="[4] 1.0" classname="MockTest" time="0.0"/>
  <testcase name="[5] 1.6909125123605662" classname="MockTest" time="0.0"/>
  <testcase name="[6] 2.718281828459045" classname="MockTest" time="0.004"/>
  <testcase name="[7] 10.0" classname="MockTest" time="0.006"/>
  <testcase name="[8] 2.0" classname="MockTest" time="0.004"/>
  <testcase name="[9] 4.0" classname="MockTest" time="0.006"/>
  <testcase name="[10] 8.0" classname="MockTest" time="0.007"/>
  <testcase name="[11] 16.0" classname="MockTest" time="0.008"/>
  <testcase name="[12] 32.0" classname="MockTest" time="0.009"/>
  <testcase name="[13] 64.0" classname="MockTest" time="0.011"/>
  <testcase name="[14] 128.0" classname="MockTest" time="0.013"/>
  <testcase name="[15] 256.0" classname="MockTest" time="0.013"/>
  <testcase name="[16] 512.0" classname="MockTest" time="0.015"/>
  <testcase name="[17] 1024.0" classname="MockTest" time="0.016"/>
  <testcase name="[18] 3.0" classname="MockTest" time="0.004"/>
  <testcase name="[19] 9.0" classname="MockTest" time="0.005"/>
  <testcase name="[20] 27.0" classname="MockTest" time="0.008"/>
  <testcase name="[21] 81.0" classname="MockTest" time="0.011"/>
  <testcase name="[22] 243.0" classname="MockTest" time="0.012"/>
  <testcase name="[23] 729.0" classname="MockTest" time="0.015"/>
  <testcase name="[24] 2187.0" classname="MockTest" time="0.017"/>
  <testcase name="[25] 6561.0" classname="MockTest" time="0.019"/>
  <testcase name="[26] 19683.0" classname="MockTest" time="0.022"/>
  <testcase name="[27] 59049.0" classname="MockTest" time="0.025"/>
  <testcase name="[28] 5.0" classname="MockTest" time="0.004"/>
  <testcase name="[29] 25.0" classname="MockTest" time="0.008"/>
  <testcase name="[30] 125.0" classname="MockTest" time="0.012"/>
  <testcase name="[31] 625.0" classname="MockTest" time="0.015"/>
  <testcase name="[32] 3125.0" classname="MockTest" time="0.018"/>
  <testcase name="[33] 15625.0" classname="MockTest" time="0.022"/>
  <testcase name="[34] 78125.0" classname="MockTest" time="0.025"/>
  <testcase name="[35] 390625.0" classname="MockTest" time="0.029"/>
  <testcase name="[36] 1953125.0" classname="MockTest" time="0.032"/>
  <testcase name="[37] 9765625.0" classname="MockTest" time="0.034"/>
  <testcase name="[38] 4.0" classname="MockTest" time="0.004"/>
  <testcase name="[39] 5.0" classname="MockTest" time="0.004"/>
  <testcase name="[40] 6.0" classname="MockTest" time="0.005"/>
  <testcase name="[41] 7.0" classname="MockTest" time="0.005"/>
  <testcase name="[42] 8.0" classname="MockTest" time="0.006"/>
  <testcase name="[43] 9.0" classname="MockTest" time="0.006"/>
  <testcase name="[44] 10.0" classname="MockTest" time="0.005"/>
  <testcase name="[45] 11.0" classname="MockTest" time="0.007"/>
  <testcase name="[46] 12.0" classname="MockTest" time="0.006"/>
  <testcase name="[47] 13.0" classname="MockTest" time="0.006"/>
  <testcase name="[48] 14.0" classname="MockTest" time="0.007"/>
  <testcase name="[49] 15.0" classname="MockTest" time="0.006"/>
  <testcase name="[50] 16.0" classname="MockTest" time="0.008"/>
  <testcase name="[51] 17.0" classname="MockTest" time="0.007"/>
  <testcase name="[52] 18.0" classname="MockTest" time="0.007"/>
  <testcase name="[53] 19.0" classname="MockTest" time="0.008"/>
  <testcase name="[54] 20.0" classname="MockTest" time="0.007"/>
  <testcase name="[55] 21.0" classname="MockTest" time="0.008"/>
  <testcase name="[56] 22.0" classname="MockTest" time="0.007"/>
  <testcase name="[57] 23.0" classname="MockTest" time="0.008"/>
  <testcase name="[58] 24.0" classname="MockTest" time="0.009"/>
  <testcase name="[59] 25.0" classname="MockTest" time="0.008"/>
  <testcase name="[60] 26.0" classname="MockTest" time="0.008"/>
  <testcase name="[61] 27.0" classname="MockTest" time="0.008"/>
  <testcase name="[62] 28.0" classname="MockTest" time="0.008"/>
  <testcase name="[63] 29.0" classname="MockTest" time="0.008"/>
  <testcase name="[64] 30.0" classname="MockTest" time="0.008"/>
  <testcase name="[65] 31.0" classname="MockTest" time="0.008"/>
  <testcase name="[66] 32.0" classname="MockTest" time="0.008"/>
  <testcase name="[67] 33.0" classname="MockTest" time="0.008"/>
  <testcase name="[68] 34.0" classname="MockTest" time="0.008"/>
  <testcase name="[69] 35.0" classname="MockTest" time="0.009"/>
  <testcase name="[70] 36.0" classname="MockTest" time="0.009"/>
  <testcase name="[71] 37.0" classname="MockTest" time="0.009"/>
  <testcase name="[72] 38.0" classname="MockTest" time="0.009"/>
  <testcase name="[73] 39.0" classname="MockTest" time="0.009"/>
  <testcase name="[74] 40.0" classname="MockTest" time="0.009"/>
  <testcase name="[75] 41.0" classname="MockTest" time="0.009"/>
  <testcase name="[76] 42.0" classname="MockTest" time="0.009"/>
  <testcase name="[77] 43.0" classname="MockTest" time="0.008"/>
  <testcase name="[78] 44.0" classname="MockTest" time="0.009"/>
  <testcase name="[79] 45.0" classname="MockTest" time="0.009"/>
  <testcase name="[80] 46.0" classname="MockTest" time="0.009"/>
  <testcase name="[81] 47.0" classname="MockTest" time="0.009"/>
  <testcase name="[82] 48.0" classname="MockTest" time="0.01"/>
  <testcase name="[83] 49.0" classname="MockTest" time="0.009"/>
  <testcase name="[84] 50.0" classname="MockTest" time="0.009"/>
  <testcase name="[85] 51.0" classname="MockTest" time="0.01"/>
  <testcase name="[86] 52.0" classname="MockTest" time="0.009"/>
  <testcase name="[87] 53.0" classname="MockTest" time="0.009"/>
  <testcase name="[88] 54.0" classname="MockTest" time="0.009"/>
  <testcase name="[89] 55.0" classname="MockTest" time="0.01"/>
  <testcase name="[90] 56.0" classname="MockTest" time="0.01"/>
  <testcase name="[91] 57.0" classname="MockTest" time="0.01"/>
  <testcase name="[92] 58.0" classname="MockTest" time="0.01"/>
  <testcase name="[93] 59.0" classname="MockTest" time="0.01"/>
  <testcase name="[94] 60.0" classname="MockTest" time="0.01"/>
  <testcase name="[95] 61.0" classname="MockTest" time="0.01"/>
  <testcase name="[96] 62.0" classname="MockTest" time="0.01"/>
  <testcase name="[97] 63.0" classname="MockTest" time="0.01"/>
  <testcase name="[98] 64.0" classname="MockTest" time="0.009"/>
  <testcase name="[99] 65.0" classname="MockTest" time="0.01"/>
  <testcase name="[100] 66.0" classname="MockTest" time="0.01"/>
  <testcase name="[101] 67.0" classname="MockTest" time="0.01"/>
  <testcase name="[102] 68.0" classname="MockTest" time="0.01"/>
  <testcase name="[103] 69.0" classname="MockTest" time="0.01"/>
  <testcase name="[104] 70.0" classname="MockTest" time="0.01"/>
  <testcase name="[105] 71.0" classname="MockTest" time="0.009"/>
  <testcase name="[106] 72.0" classname="MockTest" time="0.009"/>
  <testcase name="[107] 73.0" classname="MockTest" time="0.01"/>
  <testcase name="[108] 74.0" classname="MockTest" time="0.01"/>
  <testcase name="[109] 75.0" classname="MockTest" time="0.01"/>
  <testcase name="[110] 76.0" classname="MockTest" time="0.009"/>
  <testcase name="[111] 77.0" classname="MockTest" time="0.01"/>
  <testcase name="[112] 78.0" classname="MockTest" time="0.01"/>
  <testcase name="[113] 79.0" classname="MockTest" time="0.011"/>
  <testcase name="[114] 80.0" classname="MockTest" time="0.01"/>
  <testcase name="[115] 81.0" classname="MockTest" time="0.01"/>
  <testcase name="[116] 82.0" classname="MockTest" time="0.011"/>
  <testcase name="[117] 83.0" classname="MockTest" time="0.011"/>
  <testcase name="[118] 84.0" classname="MockTest" time="0.011"/>
  <testcase name="[119] 85.0" classname="MockTest" time="0.011"/>
  <testcase name="[120] 86.0" classname="MockTest" time="0.01"/>
  <testcase name="[121] 87.0" classname="MockTest" time="0.011"/>
  <testcase name="[122] 88.0" classname="MockTest" time="0.011"/>
  <testcase name="[123] 89.0" classname="MockTest" time="0.01"/>
  <testcase name="[124] 90.0" classname="MockTest" time="0.01"/>
  <testcase name="[125] 91.0" classname="MockTest" time="0.01"/>
  <testcase name="[126] 92.0" classname="MockTest" time="0.01"/>
  <testcase name="[127] 93.0" classname="MockTest" time="0.011"/>
  <testcase name="[128] 94.0" classname="MockTest" time="0.011"/>
  <testcase name="[129] 95.0" classname="MockTest" time="0.011"/>
  <testcase name="[130] 96.0" classname="MockTest" time="0.01"/>
  <testcase name="[131] 97.0" classname="MockTest" time="0.01"/>
  <testcase name="[132] 98.0" classname="MockTest" time="0.011"/>
  <testcase name="[133] 99.0" classname="MockTest" time="0.011"/>
  <testcase name="[1] 0.1" classname="MockTest" time="0.004"/>
  <testcase name="[2] 0.2" classname="MockTest" time="0.003"/>
  <testcase name="[3] 0.5" classname="MockTest" time="0.004"/>
  <testcase name="[4] 1.0" classname="MockTest" time="0.0"/>
  <testcase name="[5] 1.6909125123605662" classname="MockTest" time="0.001"/>
  <testcase name="[6] 2.718281828459045" classname="MockTest" time="0.005"/>
  <testcase name="[7] 10.0" classname="MockTest" time="0.009"/>
  <testcase name="[8] 2.0" classname="MockTest" time="0.005"/>
  <testcase name="[9] 4.0" classname="MockTest" time="0.006"/>
  <testcase name="[10] 8.0" classname="MockTest" time="0.008"/>
  <testcase name="[11] 16.0" classname="MockTest" time="0.011"/>
  <testcase name="[12] 32.0" classname="MockTest" time="0.012"/>
  <testcase name="[13] 64.0" classname="MockTest" time="0.015"/>
  <testcase name="[14] 128.0" classname="MockTest" time="0.018"/>
  <testcase name="[15] 256.0" classname="MockTest" time="0.019"/>
  <testcase name="[16] 512.0" classname="MockTest" time="0.023"/>
  <testcase name="[17] 1024.0" classname="MockTest" time="0.024"/>
  <testcase name="[18] 3.0" classname="MockTest" time="0.006"/>
  <testcase name="[19] 9.0" classname="MockTest" time="0.008"/>
  <testcase name="[20] 27.0" classname="MockTest" time="0.013"/>
  <testcase name="[21] 81.0" classname="MockTest" time="0.016"/>
  <testcase name="[22] 243.0" classname="MockTest" time="0.019"/>
  <testcase name="[23] 729.0" classname="MockTest" time="0.023"/>
  <testcase name="[24] 2187.0" classname="MockTest" time="0.027"/>
  <testcase name="[25] 6561.0" classname="MockTest" time="0.029"/>
  <testcase name="[26] 19683.0" classname="MockTest" time="0.033"/>
  <testcase name="[27] 59049.0" classname="MockTest" time="0.036"/>
  <testcase name="[28] 5.0" classname="MockTest" time="0.008"/>
  <testcase name="[29] 25.0" classname="MockTest" time="0.012"/>
  <testcase name="[30] 125.0" classname="MockTest" time="0.018"/>
  <testcase name="[31] 625.0" classname="MockTest" time="0.022"/>
  <testcase name="[32] 3125.0" classname="MockTest" time="0.028"/>
  <testcase name="[33] 15625.0" classname="MockTest" time="0.032"/>
  <testcase name="[34] 78125.0" classname="MockTest" time="0.038"/>
  <testcase name="[35] 390625.0" classname="MockTest" time="0.043"/>
  <testcase name="[36] 1953125.0" classname="MockTest" time="0.048"/>
  <testcase name="[37] 9765625.0" classname="MockTest" time="0.052"/>
  <testcase name="[38] 4.0" classname="MockTest" time="0.007"/>
  <testcase name="[39] 5.0" classname="MockTest" time="0.007"/>
  <testcase name="[40] 6.0" classname="MockTest" time="0.008"/>
  <testcase name="[41] 7.0" classname="MockTest" time="0.009"/>
  <testcase name="[42] 8.0" classname="MockTest" time="0.009"/>
  <testcase name="[43] 9.0" classname="MockTest" time="0.009"/>
  <testcase name="[44] 10.0" classname="MockTest" time="0.009"/>
  <testcase name="[45] 11.0" classname="MockTest" time="0.01"/>
  <testcase name="[46] 12.0" classname="MockTest" time="0.01"/>
  <testcase name="[47] 13.0" classname="MockTest" time="0.01"/>
  <testcase name="[48] 14.0" classname="MockTest" time="0.01"/>
  <testcase name="[49] 15.0" classname="MockTest" time="0.01"/>
  <testcase name="[50] 16.0" classname="MockTest" time="0.012"/>
  <testcase name="[51] 17.0" classname="MockTest" time="0.011"/>
  <testcase name="[52] 18.0" classname="MockTest" time="0.012"/>
  <testcase name="[53] 19.0" classname="MockTest" time="0.012"/>
  <testcase name="[54] 20.0" classname="MockTest" time="0.011"/>
  <testcase name="[55] 21.0" classname="MockTest" time="0.011"/>
  <testcase name="[56] 22.0" classname="MockTest" time="0.012"/>
  <testcase name="[57] 23.0" classname="MockTest" time="0.012"/>
  <testcase name="[58] 24.0" classname="MockTest" time="0.012"/>
  <testcase name="[59] 25.0" classname="MockTest" time="0.013"/>
  <testcase name="[60] 26.0" classname="MockTest" time="0.012"/>
  <testcase name="[61] 27.0" classname="MockTest" time="0.012"/>
  <testcase name="[62] 28.0" classname="MockTest" time="0.013"/>
  <testcase name="[63] 29.0" classname="MockTest" time="0.012"/>
  <testcase name="[64] 30.0" classname="MockTest" time="0.012"/>
  <testcase name="[65] 31.0" classname="MockTest" time="0.012"/>
  <testcase name="[66] 32.0" classname="MockTest" time="0.013"/>
  <testcase name="[67] 33.0" classname="MockTest" time="0.013"/>
  <testcase name="[68] 34.0" classname="MockTest" time="0.013"/>
  <testcase name="[69] 35.0" classname="MockTest" time="0.014"/>
  <testcase name="[70] 36.0" classname="MockTest" time="0.014"/>
  <testcase name="[71] 37.0" classname="MockTest" time="0.014"/>
  <testcase name="[72] 38.0" classname="MockTest" time="0.013"/>
  <testcase name="[73] 39.0" classname="MockTest" time="0.013"/>
  <testcase name="[74] 40.0" classname="MockTest" time="0.013"/>
  <testcase name="[75] 41.0" classname="MockTest" time="0.014"/>
  <testcase name="[76] 42.0" classname="MockTest" time="0.014"/>
  <testcase name="[77] 43.0" classname="MockTest" time="0.014"/>
  <testcase name="[78] 44.0" classname="MockTest" time="0.014"/>
  <testcase name="[79] 45.0" classname="MockTest" time="0.014"/>
  <testcase name="[80] 46.0" classname="MockTest" time="0.014"/>
  <testcase name="[81] 47.0" classname="MockTest" time="0.014"/>
  <testcase name="[82] 48.0" classname="MockTest" time="0.014"/>
  <testcase name="[83] 49.0" classname="MockTest" time="0.014"/>
  <testcase name="[84] 50.0" classname="MockTest" time="0.013"/>
  <testcase name="[85] 51.0" classname="MockTest" time="0.014"/>
  <testcase name="[86] 52.0" classname="MockTest" time="0.015"/>
  <testcase name="[87] 53.0" classname="MockTest" time="0.015"/>
  <testcase name="[88] 54.0" classname="MockTest" time="0.015"/>
  <testcase name="[89] 55.0" classname="MockTest" time="0.015"/>
  <testcase name="[90] 56.0" classname="MockTest" time="0.015"/>
  <testcase name="[91] 57.0" classname="MockTest" time="0.015"/>
  <testcase name="[92] 58.0" classname="MockTest" time="0.015"/>
  <testcase name="[93] 59.0" classname="MockTest" time="0.015"/>
  <testcase name="[94] 60.0" classname="MockTest" time="0.015"/>
  <testcase name="[95] 61.0" classname="MockTest" time="0.015"/>
  <testcase name="[96] 62.0" classname="MockTest" time="0.016"/>
  <testcase name="[97] 63.0" classname="MockTest" time="0.016"/>
  <testcase name="[98] 64.0" classname="MockTest" time="0.015"/>
  <testcase name="[99] 65.0" classname="MockTest" time="0.015"/>
  <testcase name="[100] 66.0" classname="MockTest" time="0.015"/>
  <testcase name="[101] 67.0" classname="MockTest" time="0.015"/>
  <testcase name="[102] 68.0" classname="MockTest" time="0.015"/>
  <testcase name="[103] 69.0" classname="MockTest" time="0.016"/>
  <testcase name="[104] 70.0" classname="MockTest" time="0.015"/>
  <testcase name="[105] 71.0" classname="MockTest" time="0.016"/>
  <testcase name="[106] 72.0" classname="MockTest" time="0.015"/>
  <testcase name="[107] 73.0" classname="MockTest" time="0.015"/>
  <testcase name="[108] 74.0" classname="MockTest" time="0.015"/>
  <testcase name="[109] 75.0" classname="MockTest" time="0.015"/>
  <testcase name="[110] 76.0" classname="MockTest" time="0.015"/>
  <testcase name="[111] 77.0" classname="MockTest" time="0.016"/>
  <testcase name="[112] 78.0" classname="MockTest" time="0.016"/>
  <testcase name="[113] 79.0" classname="MockTest" time="0.016"/>
  <testcase name="[114] 80.0" classname="MockTest" time="0.017"/>
  <testcase name="[115] 81.0" classname="MockTest" time="0.016"/>
  <testcase name="[116] 82.0" classname="MockTest" time="0.016"/>
  <testcase name="[117] 83.0" classname="MockTest" time="0.016"/>
  <testcase name="[118] 84.0" classname="MockTest" time="0.016"/>
  <testcase name="[119] 85.0" classname="MockTest" time="0.016"/>
  <testcase name="[120] 86.0" classname="MockTest" time="0.017"/>
  <testcase name="[121] 87.0" classname="MockTest" time="0.017"/>
  <testcase name="[122] 88.0" classname="MockTest" time="0.017"/>
  <testcase name="[123] 89.0" classname="MockTest" time="0.016"/>
  <testcase name="[124] 90.0" classname="MockTest" time="0.017"/>
  <testcase name="[125] 91.0" classname="MockTest" time="0.016"/>
  <testcase name="[126] 92.0" classname="MockTest" time="0.016"/>
  <testcase name="[127] 93.0" classname="MockTest" time="0.017"/>
  <testcase name="[128] 94.0" classname="MockTest" time="0.016"/>
  <testcase name="[129] 95.0" classname="MockTest" time="0.016"/>
  <testcase name="[130] 96.0" classname="MockTest" time="0.017"/>
  <testcase name="[131] 97.0" classname="MockTest" time="0.016"/>
  <testcase name="[132] 98.0" classname="MockTest" time="0.017"/>
  <testcase name="[133] 99.0" classname="MockTest" time="0.017"/>
  <testcase name="[1] 0.1" classname="MockTest" time="0.001"/>
  <testcase name="[2] 0.2" classname="MockTest" time="0.001"/>
  <testcase name="[3] 0.5" classname="MockTest" time="0.001"/>
  <testcase name="[4] 1.0" classname="MockTest" time="0.0"/>
  <testcase name="[5] 1.6909125123605662" classname="MockTest" time="0.001"/>
  <testcase name="[6] 2.718281828459045" classname="MockTest" time="0.001"/>
  <testcase name="[7] 10.0" classname="MockTest" time="0.003"/>
  <testcase name="[8] 2.0" classname="MockTest" time="0.001"/>
  <testcase name="[9] 4.0" classname="MockTest" time="0.002"/>
  <testcase name="[10] 8.0" classname="MockTest" time="0.002"/>
  <testcase name="[11] 16.0" classname="MockTest" time="0.003"/>
  <testcase name="[12] 32.0" classname="MockTest" time="0.004"/>
  <testcase name="[13] 64.0" classname="MockTest" time="0.005"/>
  <testcase name="[14] 128.0" classname="MockTest" time="0.005"/>
  <testcase name="[15] 256.0" classname="MockTest" time="0.007"/>
  <testcase name="[16] 512.0" classname="MockTest" time="0.007"/>
  <testcase name="[17] 1024.0" classname="MockTest" time="0.007"/>
  <testcase name="[18] 3.0" classname="MockTest" time="0.001"/>
  <testcase name="[19] 9.0" classname="MockTest" time="0.002"/>
  <testcase name="[20] 27.0" classname="MockTest" time="0.004"/>
  <testcase name="[21] 81.0" classname="MockTest" time="0.005"/>
  <testcase name="[22] 243.0" classname="MockTest" time="0.006"/>
  <testcase name="[23] 729.0" classname="MockTest" time="0.007"/>
  <testcase name="[24] 2187.0" classname="MockTest" time="0.008"/>
  <testcase name="[25] 6561.0" classname="MockTest" time="0.01"/>
  <testcase name="[26] 19683.0" classname="MockTest" time="0.011"/>
  <testcase name="[27] 59049.0" classname="MockTest" time="0.012"/>
  <testcase name="[28] 5.0" classname="MockTest" time="0.002"/>
  <testcase name="[29] 25.0" classname="MockTest" time="0.004"/>
  <testcase name="[30] 125.0" classname="MockTest" time="0.005"/>
  <testcase name="[31] 625.0" classname="MockTest" time="0.008"/>
  <testcase name="[32] 3125.0" classname="MockTest" time="0.009"/>
  <testcase name="[33] 15625.0" classname="MockTest" time="0.01"/>
  <testcase name="[34] 78125.0" classname="MockTest" time="0.013"/>
  <testcase name="[35] 390625.0" classname="MockTest" time="0.014"/>
  <testcase name="[36] 1953125.0" classname="MockTest" time="0.016"/>
  <testcase name="[37] 9765625.0" classname="MockTest" time="0.017"/>
  <testcase name="[38] 4.0" classname="MockTest" time="0.002"/>
  <testcase name="[39] 5.0" classname="MockTest" time="0.002"/>
  <testcase name="[40] 6.0" classname="MockTest" time="0.002"/>
  <testcase name="[41] 7.0" classname="MockTest" time="0.003"/>
  <testcase name="[42] 8.0" classname="MockTest" time="0.002"/>
  <testcase name="[43] 9.0" classname="MockTest" time="0.003"/>
  <testcase name="[44] 10.0" classname="MockTest" time="0.003"/>
  <testcase name="[45] 11.0" classname="MockTest" time="0.003"/>
  <testcase name="[46] 12.0" classname="MockTest" time="0.003"/>
  <testcase name="[47] 13.0" classname="MockTest" time="0.003"/>
  <testcase name="[48] 14.0" classname="MockTest" time="0.003"/>
  <testcase name="[49] 15.0" classname="MockTest" time="0.003"/>
  <testcase name="[50] 16.0" classname="MockTest" time="0.004"/>
  <testcase name="[51] 17.0" classname="MockTest" time="0.003"/>
  <testcase name="[52] 18.0" classname="MockTest" time="0.004"/>
  <testcase name="[53] 19.0" classname="MockTest" time="0.003"/>
  <testcase name="[54] 20.0" classname="MockTest" time="0.004"/>
  <testcase name="[55] 21.0" classname="MockTest" time="0.003"/>
  <testcase name="[56] 22.0" classname="MockTest" time="0.004"/>
  <testcase name="[57] 23.0" classname="MockTest" time="0.003"/>
  <testcase name="[58] 24.0" classname="MockTest" time="0.003"/>
  <testcase name="[59] 25.0" classname="MockTest" time="0.004"/>
  <testcase name="[60] 26.0" classname="MockTest" time="0.003"/>
  <testcase name="[61] 27.0" classname="MockTest" time="0.004"/>
  <testcase name="[62] 28.0" classname="MockTest" time="0.004"/>
  <testcase name="[63] 29.0" classname="MockTest" time="0.004"/>
  <testcase name="[64] 30.0" classname="MockTest" time="0.004"/>
  <testcase name="[65] 31.0" classname="MockTest" time="0.004"/>
  <testcase name="[66] 32.0" classname="MockTest" time="0.003"/>
  <testcase name="[67] 33.0" classname="MockTest" time="0.004"/>
  <testcase name="[68] 34.0" classname="MockTest" time="0.004"/>
  <testcase name="[69] 35.0" classname="MockTest" time="0.004"/>
  <testcase name="[70] 36.0" classname="MockTest" time="0.004"/>
  <testcase name="[71] 37.0" classname="MockTest" time="0.005"/>
  <testcase name="[72] 38.0" classname="MockTest" time="0.004"/>
  <testcase name="[73] 39.0" classname="MockTest" time="0.005"/>
  <testcase name="[74] 40.0" classname="MockTest" time="0.004"/>
  <testcase name="[75] 41.0" classname="MockTest" time="0.004"/>
  <testcase name="[76] 42.0" classname="MockTest" time="0.004"/>
  <testcase name="[77] 43.0" classname="MockTest" time="0.004"/>
  <testcase name="[78] 44.0" classname="MockTest" time="0.004"/>
  <testcase name="[79] 45.0" classname="MockTest" time="0.004"/>
  <testcase name="[80] 46.0" classname="MockTest" time="0.004"/>
  <testcase name="[81] 47.0" classname="MockTest" time="0.004"/>
  <testcase name="[82] 48.0" classname="MockTest" time="0.005"/>
  <testcase name="[83] 49.0" classname="MockTest" time="0.004"/>
  <testcase name="[84] 50.0" classname="MockTest" time="0.004"/>
  <testcase name="[85] 51.0" classname="MockTest" time="0.004"/>
  <testcase name="[86] 52.0" classname="MockTest" time="0.005"/>
  <testcase name="[87] 53.0" classname="MockTest" time="0.004"/>
  <testcase name="[88] 54.0" classname="MockTest" time="0.004"/>
  <testcase name="[89] 55.0" classname="MockTest" time="0.005"/>
  <testcase name="[90] 56.0" classname="MockTest" time="0.005"/>
  <testcase name="[91] 57.0" classname="MockTest" time="0.005"/>
  <testcase name="[92] 58.0" classname="MockTest" time="0.005"/>
  <testcase name="[93] 59.0" classname="MockTest" time="0.005"/>
  <testcase name="[94] 60.0" classname="MockTest" time="0.004"/>
  <testcase name="[95] 61.0" classname="MockTest" time="0.004"/>
  <testcase name="[96] 62.0" classname="MockTest" time="0.005"/>
  <testcase name="[97] 63.0" classname="MockTest" time="0.005"/>
  <testcase name="[98] 64.0" classname="MockTest" time="0.004"/>
  <testcase name="[99] 65.0" classname="MockTest" time="0.004"/>
  <testcase name="[100] 66.0" classname="MockTest" time="0.005"/>
  <testcase name="[101] 67.0" classname="MockTest" time="0.005"/>
  <testcase name="[102] 68.0" classname="MockTest" time="0.004"/>
  <testcase name="[103] 69.0" classname="MockTest" time="0.004"/>
  <testcase name="[104] 70.0" classname="MockTest" time="0.005"/>
  <testcase name="[105] 71.0" classname="MockTest" time="0.005"/>
  <testcase name="[106] 72.0" classname="MockTest" time="0.004"/>
  <testcase name="[107] 73.0" classname="MockTest" time="0.004"/>
  <testcase name="[108] 74.0" classname="MockTest" time="0.004"/>
  <testcase name="[109] 75.0" classname="MockTest" time="0.004"/>
  <testcase name="[110] 76.0" classname="MockTest" time="0.005"/>
  <testcase name="[111] 77.0" classname="MockTest" time="0.005"/>
  <testcase name="[112] 78.0" classname="MockTest" time="0.004"/>
  <testcase name="[113] 79.0" classname="MockTest" time="0.005"/>
  <testcase name="[114] 80.0" classname="MockTest" time="0.005"/>
  <testcase name="[115] 81.0" classname="MockTest" time="0.005"/>
  <testcase name="[116] 82.0" classname="MockTest" time="0.005"/>
  <testcase name="[117] 83.0" classname="MockTest" time="0.005"/>
  <testcase name="[118] 84.0" classname="MockTest" time="0.006"/>
  <testcase name="[119] 85.0" classname="MockTest" time="0.005"/>
  <testcase name="[120] 86.0" classname="MockTest" time="0.005"/>
  <testcase name="[121] 87.0" classname="MockTest" time="0.005"/>
  <testcase name="[122] 88.0" classname="MockTest" time="0.005"/>
  <testcase name="[123] 89.0" classname="MockTest" time="0.005"/>
  <testcase name="[124] 90.0" classname="MockTest" time="0.005"/>
  <testcase name="[125] 91.0" classname="MockTest" time="0.005"/>
  <testcase name="[126] 92.0" classname="MockTest" time="0.005"/>
  <testcase name="[127] 93.0" classname="MockTest" time="0.005"/>
  <testcase name="[128] 94.0" classname="MockTest" time="0.005"/>
  <testcase name="[129] 95.0" classname="MockTest" time="0.005"/>
  <testcase name="[130] 96.0" classname="MockTest" time="0.005"/>
  <testcase name="[131] 97.0" classname="MockTest" time="0.006"/>
  <testcase name="[132] 98.0" classname="MockTest" time="0.005"/>
  <testcase name="[133] 99.0" classname="MockTest" time="0.005"/>
  <testcase name="[1] 0.0" classname="MockTest" time="0.0"/>
  <testcase name="[2] 0.5235987755982988" classname="MockTest" time="0.001"/>
  <testcase name="[3] 0.7853981633974483" classname="MockTest" time="0.0"/>
  <testcase name="[4] 1.0471975511965976" classname="MockTest" time="0.0"/>
  <testcase name="[5] 1.5707963267948966" classname="MockTest" time="0.001"/>
  <testcase name="[6] 2.0943951023931953" classname="MockTest" time="0.0"/>
  <testcase name="[7] 2.356194490192345" classname="MockTest" time="0.0"/>
  <testcase name="[8] 2.6179938779914944" classname="MockTest" time="0.0"/>
  <testcase name="[9] 3.141592653589793" classname="MockTest" time="0.001"/>
  <testcase name="[10] 3.665191429188092" classname="MockTest" time="0.0"/>
  <testcase name="[11] 3.9269908169872414" classname="MockTest" time="0.0"/>
  <testcase name="[12] 4.1887902047863905" classname="MockTest" time="0.0"/>
  <testcase name="[13] 4.71238898038469" classname="MockTest" time="0.0"/>
  <testcase name="[14] 5.235987755982989" classname="MockTest" time="0.0"/>
  <testcase name="[15] 5.497787143782138" classname="MockTest" time="0.0"/>
  <testcase name="[16] 5.759586531581287" classname="MockTest" time="0.001"/>
  <testcase name="[17] 6.283185307179586" classname="MockTest" time="0.0"/>
  <testcase name="[18] -6.283185307179586" classname="MockTest" time="0.0"/>
  <testcase name="[19] -6.183185307179587" classname="MockTest" time="0.0"/>
  <testcase name="[20] -6.083185307179587" classname="MockTest" time="0.0"/>
  <testcase name="[21] -5.983185307179587" classname="MockTest" time="0.0"/>
  <testcase name="[22] -5.883185307179588" classname="MockTest" time="0.0"/>
  <testcase name="[23] -5.783185307179588" classname="MockTest" time="0.0"/>
  <testcase name="[24] -5.683185307179588" classname="MockTest" time="0.0"/>
  <testcase name="[25] -5.583185307179589" classname="MockTest" time="0.001"/>
  <testcase name="[26] -5.483185307179589" classname="MockTest" time="0.0"/>
  <testcase name="[27] -5.383185307179589" classname="MockTest" time="0.0"/>
  <testcase name="[28] -5.28318530717959" classname="MockTest" time="0.0"/>
  <testcase name="[29] -5.18318530717959" classname="MockTest" time="0.0"/>
  <testcase name="[30] -5.0831853071795905" classname="MockTest" time="0.0"/>
  <testcase name="[31] -4.983185307179591" classname="MockTest" time="0.0"/>
  <testcase name="[32] -4.883185307179591" classname="MockTest" time="0.0"/>
  <testcase name="[33] -4.783185307179592" classname="MockTest" time="0.001"/>
  <testcase name="[34] -4.683185307179592" classname="MockTest" time="0.0"/>
  <testcase name="[35] -4.583185307179592" classname="MockTest" time="0.0"/>
  <testcase name="[36] -4.483185307179593" classname="MockTest" time="0.0"/>
  <testcase name="[37] -4.383185307179593" classname="MockTest" time="0.0"/>
  <testcase name="[38] -4.283185307179593" classname="MockTest" time="0.0"/>
  <testcase name="[39] -4.183185307179594" classname="MockTest" time="0.0"/>
  <testcase name="[40] -4.083185307179594" classname="MockTest" time="0.0"/>
  <testcase name="[41] -3.983185307179594" classname="MockTest" time="0.0"/>
  <testcase name="[42] -3.883185307179594" classname="MockTest" time="0.001"/>
  <testcase name="[43] -3.783185307179594" classname="MockTest" time="0.0"/>
  <testcase name="[44] -3.6831853071795937" classname="MockTest" time="0.0"/>
  <testcase name="[45] -3.5831853071795936" classname="MockTest" time="0.0"/>
  <testcase name="[46] -3.4831853071795935" classname="MockTest" time="0.0"/>
  <testcase name="[47] -3.3831853071795934" classname="MockTest" time="0.001"/>
  <testcase name="[48] -3.2831853071795933" classname="MockTest" time="0.0"/>
  <testcase name="[49] -3.1831853071795932" classname="MockTest" time="0.0"/>
  <testcase name="[50] -3.083185307179593" classname="MockTest" time="0.0"/>
  <testcase name="[51] -2.983185307179593" classname="MockTest" time="0.0"/>
  <testcase name="[52] -2.883185307179593" classname="MockTest" time="0.001"/>
  <testcase name="[53] -2.783185307179593" classname="MockTest" time="0.0"/>
  <testcase name="[54] -2.683185307179593" classname="MockTest" time="0.0"/>
  <testcase name="[55] -2.5831853071795927" classname="MockTest" time="0.0"/>
  <testcase name="[56] -2.4831853071795926" classname="MockTest" time="0.0"/>
  <testcase name="[57] -2.3831853071795925" classname="MockTest" time="0.0"/>
  <testcase name="[58] -2.2831853071795924" classname="MockTest" time="0.0"/>
  <testcase name="[59] -2.1831853071795924" classname="MockTest" time="0.0"/>
  <testcase name="[60] -2.0831853071795923" classname="MockTest" time="0.0"/>
  <testcase name="[61] -1.9831853071795922" classname="MockTest" time="0.0"/>
  <testcase name="[62] -1.883185307179592" classname="MockTest" time="0.0"/>
  <testcase name="[63] -1.783185307179592" classname="MockTest" time="0.0"/>
  <testcase name="[64] -1.683185307179592" classname="MockTest" time="0.0"/>
  <testcase name="[65] -1.5831853071795918" classname="MockTest" time="0.0"/>
  <testcase name="[66] -1.4831853071795917" classname="MockTest" time="0.0"/>
  <testcase name="[67] -1.3831853071795916" classname="MockTest" time="0.0"/>
  <testcase name="[68] -1.2831853071795916" classname="MockTest" time="0.0"/>
  <testcase name="[69] -1.1831853071795915" classname="MockTest" time="0.0"/>
  <testcase name="[70] -1.0831853071795914" classname="MockTest" time="0.0"/>
  <testcase name="[71] -0.9831853071795914" classname="MockTest" time="0.0"/>
  <testcase name="[72] -0.8831853071795914" classname="MockTest" time="0.0"/>
  <testcase name="[73] -0.7831853071795915" classname="MockTest" time="0.0"/>
  <testcase name="[74] -0.6831853071795915" classname="MockTest" time="0.0"/>
  <testcase name="[75] -0.5831853071795915" classname="MockTest" time="0.0"/>
  <testcase name="[76] -0.4831853071795915" classname="MockTest" time="0.0"/>
  <testcase name="[77] -0.38318530717959154" classname="MockTest" time="0.0"/>
  <testcase name="[78] -0.28318530717959156" classname="MockTest" time="0.0"/>
  <testcase name="[79] -0.18318530717959156" classname="MockTest" time="0.0"/>
  <testcase name="[80] -0.08318530717959155" classname="MockTest" time="0.0"/>
  <testcase name="[81] 0.016814692820408456" classname="MockTest" time="0.001"/>
  <testcase name="[82] 0.11681469282040846" classname="MockTest" time="0.0"/>
  <testcase name="[83] 0.21681469282040847" classname="MockTest" time="0.0"/>
  <testcase name="[84] 0.31681469282040847" classname="MockTest" time="0.0"/>
  <testcase name="[85] 0.4168146928204085" classname="MockTest" time="0.0"/>
  <testcase name="[86] 0.5168146928204085" classname="MockTest" time="0.0"/>
  <testcase name="[87] 0.6168146928204085" classname="MockTest" time="0.0"/>
  <testcase name="[88] 0.7168146928204084" classname="MockTest" time="0.0"/>
  <testcase name="[89] 0.8168146928204084" classname="MockTest" time="0.0"/>
  <testcase name="[90] 0.9168146928204084" classname="MockTest" time="0.001"/>
  <testcase name="[91] 1.0168146928204085" classname="MockTest" time="0.0"/>
  <testcase name="[92] 1.1168146928204086" classname="MockTest" time="0.0"/>
  <testcase name="[93] 1.2168146928204087" classname="MockTest" time="0.0"/>
  <testcase name="[94] 1.3168146928204087" classname="MockTest" time="0.0"/>
  <testcase name="[95] 1.4168146928204088" classname="MockTest" time="0.001"/>
  <testcase name="[96] 1.516814692820409" classname="MockTest" time="0.0"/>
  <testcase name="[97] 1.616814692820409" classname="MockTest" time="0.0"/>
  <testcase name="[98] 1.716814692820409" classname="MockTest" time="0.0"/>
  <testcase name="[99] 1.8168146928204092" classname="MockTest" time="0.0"/>
  <testcase name="[100] 1.9168146928204093" classname="MockTest" time="0.001"/>
  <testcase name="[101] 2.016814692820409" classname="MockTest" time="0.0"/>
  <testcase name="[102] 2.1168146928204092" classname="MockTest" time="0.0"/>
  <testcase name="[103] 2.2168146928204093" classname="MockTest" time="0.0"/>
  <testcase name="[104] 2.3168146928204094" classname="MockTest" time="0.0"/>
  <testcase name="[105] 2.4168146928204095" classname="MockTest" time="0.0"/>
  <testcase name="[106] 2.5168146928204096" classname="MockTest" time="0.0"/>
  <testcase name="[107] 2.6168146928204097" classname="MockTest" time="0.0"/>
  <testcase name="[108] 2.7168146928204098" classname="MockTest" time="0.0"/>
  <testcase name="[109] 2.81681469282041" classname="MockTest" time="0.001"/>
  <testcase name="[110] 2.91681469282041" classname="MockTest" time="0.0"/>
  <testcase name="[111] 3.01681469282041" classname="MockTest" time="0.0"/>
  <testcase name="[112] 3.11681469282041" classname="MockTest" time="0.0"/>
  <testcase name="[113] 3.21681469282041" classname="MockTest" time="0.0"/>
  <testcase name="[114] 3.3168146928204103" classname="MockTest" time="0.001"/>
  <testcase name="[115] 3.4168146928204104" classname="MockTest" time="0.0"/>
  <testcase name="[116] 3.5168146928204105" classname="MockTest" time="0.001"/>
  <testcase name="[117] 3.6168146928204106" classname="MockTest" time="0.0"/>
  <testcase name="[118] 3.7168146928204107" classname="MockTest" time="0.0"/>
  <testcase name="[119] 3.8168146928204107" classname="MockTest" time="0.001"/>
  <testcase name="[120] 3.916814692820411" classname="MockTest" time="0.0"/>
  <testcase name="[121] 4.016814692820411" classname="MockTest" time="0.0"/>
  <testcase name="[122] 4.116814692820411" classname="MockTest" time="0.0"/>
  <testcase name="[123] 4.21681469282041" classname="MockTest" time="0.0"/>
  <testcase name="[124] 4.31681469282041" classname="MockTest" time="0.001"/>
  <testcase name="[125] 4.4168146928204095" classname="MockTest" time="0.0"/>
  <testcase name="[126] 4.516814692820409" classname="MockTest" time="0.0"/>
  <testcase name="[127] 4.616814692820409" classname="MockTest" time="0.0"/>
  <testcase name="[128] 4.716814692820408" classname="MockTest" time="0.004"/>
  <testcase name="[129] 4.816814692820408" classname="MockTest" time="0.0"/>
  <testcase name="[130] 4.916814692820408" classname="MockTest" time="0.0"/>
  <testcase name="[131] 5.016814692820407" classname="MockTest" time="0.0"/>
  <testcase name="[132] 5.116814692820407" classname="MockTest" time="0.0"/>
  <testcase name="[133] 5.216814692820407" classname="MockTest" time="0.0"/>
  <testcase name="[134] 5.316814692820406" classname="MockTest" time="0.001"/>
  <testcase name="[135] 5.416814692820406" classname="MockTest" time="0.0"/>
  <testcase name="[136] 5.516814692820406" classname="MockTest" time="0.0"/>
  <testcase name="[137] 5.616814692820405" classname="MockTest" time="0.001"/>
  <testcase name="[138] 5.716814692820405" classname="MockTest" time="0.0"/>
  <testcase name="[139] 5.8168146928204045" classname="MockTest" time="0.0"/>
  <testcase name="[140] 5.916814692820404" classname="MockTest" time="0.0"/>
  <testcase name="[141] 6.016814692820404" classname="MockTest" time="0.0"/>
  <testcase name="[142] 6.1168146928204035" classname="MockTest" time="0.0"/>
  <testcase name="[143] 6.216814692820403" classname="MockTest" time="0.0"/>
  <system-out><![CDATA[]]></system-out>
  <system-err><![CDATA[]]></system-err>
</testsuite>
